[2026-02-22T22:18:58.628+0000] {local_task_job_runner.py:120} INFO - ::group::Pre task execution logs
[2026-02-22T22:18:58.675+0000] {taskinstance.py:2076} INFO - Dependencies all met for dep_context=non-requeueable deps ti=<TaskInstance: automend_data_pipeline.start_pipeline manual__2026-02-22T22:18:53.908004+00:00 [queued]>
[2026-02-22T22:18:58.693+0000] {taskinstance.py:2076} INFO - Dependencies all met for dep_context=requeueable deps ti=<TaskInstance: automend_data_pipeline.start_pipeline manual__2026-02-22T22:18:53.908004+00:00 [queued]>
[2026-02-22T22:18:58.700+0000] {taskinstance.py:2306} INFO - Starting attempt 1 of 3
[2026-02-22T22:18:58.730+0000] {taskinstance.py:2330} INFO - Executing <Task(PythonOperator): start_pipeline> on 2026-02-22 22:18:53.908004+00:00
[2026-02-22T22:18:58.742+0000] {warnings.py:112} WARNING - /home/***/.local/lib/python3.12/site-packages/***/task/task_runner/standard_task_runner.py:61: DeprecationWarning: This process (pid=116) is multi-threaded, use of fork() may lead to deadlocks in the child.
  pid = os.fork()

[2026-02-22T22:18:58.747+0000] {standard_task_runner.py:63} INFO - Started process 121 to run task
[2026-02-22T22:18:58.747+0000] {standard_task_runner.py:90} INFO - Running: ['***', 'tasks', 'run', 'automend_data_pipeline', 'start_pipeline', 'manual__2026-02-22T22:18:53.908004+00:00', '--job-id', '4', '--raw', '--subdir', 'DAGS_FOLDER/automend_pipeline_dag.py', '--cfg-path', '/tmp/tmpe4r921jm']
[2026-02-22T22:18:58.753+0000] {standard_task_runner.py:91} INFO - Job 4: Subtask start_pipeline
[2026-02-22T22:18:58.893+0000] {task_command.py:426} INFO - Running <TaskInstance: automend_data_pipeline.start_pipeline manual__2026-02-22T22:18:53.908004+00:00 [running]> on host 5ed56cb79862
[2026-02-22T22:18:59.497+0000] {taskinstance.py:2648} INFO - Exporting env vars: AIRFLOW_CTX_DAG_OWNER='mlops-team' AIRFLOW_CTX_DAG_ID='automend_data_pipeline' AIRFLOW_CTX_TASK_ID='start_pipeline' AIRFLOW_CTX_EXECUTION_DATE='2026-02-22T22:18:53.908004+00:00' AIRFLOW_CTX_TRY_NUMBER='1' AIRFLOW_CTX_DAG_RUN_ID='manual__2026-02-22T22:18:53.908004+00:00'
[2026-02-22T22:18:59.501+0000] {taskinstance.py:430} INFO - ::endgroup::
[2026-02-22T22:18:59.560+0000] {alerts.py:279} INFO - ALERT [pipeline_start]: Pipeline Started - DAG 'automend_data_pipeline' has started execution.
[2026-02-22T22:18:59.569+0000] {alerts.py:300} ERROR - Failed to write alert to history: Extra data: line 113 column 3 (char 3652)
[2026-02-22T22:18:59.570+0000] {python.py:237} INFO - Done. Returned value was: {'start_time': '2026-02-22T22:18:59.570599', 'dag_id': 'automend_data_pipeline', 'run_id': 'manual__2026-02-22T22:18:53.908004+00:00'}
[2026-02-22T22:18:59.571+0000] {taskinstance.py:441} INFO - ::group::Post task execution logs
[2026-02-22T22:18:59.615+0000] {taskinstance.py:1206} INFO - Marking task as SUCCESS. dag_id=automend_data_pipeline, task_id=start_pipeline, run_id=manual__2026-02-22T22:18:53.908004+00:00, execution_date=20260222T221853, start_date=20260222T221858, end_date=20260222T221859
[2026-02-22T22:18:59.691+0000] {local_task_job_runner.py:240} INFO - Task exited with return code 0
[2026-02-22T22:19:00.052+0000] {taskinstance.py:3503} INFO - 1 downstream tasks scheduled from follow-on schedule check
[2026-02-22T22:19:00.060+0000] {local_task_job_runner.py:222} INFO - ::endgroup::
