[2026-02-22T22:30:54.722+0000] {local_task_job_runner.py:120} INFO - ::group::Pre task execution logs
[2026-02-22T22:30:55.109+0000] {taskinstance.py:2076} INFO - Dependencies all met for dep_context=non-requeueable deps ti=<TaskInstance: automend_data_pipeline.acquire_data manual__2026-02-22T22:30:45.390379+00:00 [queued]>
[2026-02-22T22:30:55.126+0000] {taskinstance.py:2076} INFO - Dependencies all met for dep_context=requeueable deps ti=<TaskInstance: automend_data_pipeline.acquire_data manual__2026-02-22T22:30:45.390379+00:00 [queued]>
[2026-02-22T22:30:55.133+0000] {taskinstance.py:2306} INFO - Starting attempt 1 of 3
[2026-02-22T22:30:55.162+0000] {taskinstance.py:2330} INFO - Executing <Task(PythonOperator): acquire_data> on 2026-02-22 22:30:45.390379+00:00
[2026-02-22T22:30:55.176+0000] {warnings.py:112} WARNING - /home/***/.local/lib/python3.12/site-packages/***/task/task_runner/standard_task_runner.py:61: DeprecationWarning: This process (pid=116) is multi-threaded, use of fork() may lead to deadlocks in the child.
  pid = os.fork()

[2026-02-22T22:30:55.183+0000] {standard_task_runner.py:63} INFO - Started process 120 to run task
[2026-02-22T22:30:55.181+0000] {standard_task_runner.py:90} INFO - Running: ['***', 'tasks', 'run', 'automend_data_pipeline', 'acquire_data', 'manual__2026-02-22T22:30:45.390379+00:00', '--job-id', '6', '--raw', '--subdir', 'DAGS_FOLDER/automend_pipeline_dag.py', '--cfg-path', '/tmp/tmpw48u1r5a']
[2026-02-22T22:30:55.187+0000] {standard_task_runner.py:91} INFO - Job 6: Subtask acquire_data
[2026-02-22T22:30:55.329+0000] {task_command.py:426} INFO - Running <TaskInstance: automend_data_pipeline.acquire_data manual__2026-02-22T22:30:45.390379+00:00 [running]> on host ded77bdd039b
[2026-02-22T22:30:55.518+0000] {taskinstance.py:2648} INFO - Exporting env vars: AIRFLOW_CTX_DAG_OWNER='mlops-team' AIRFLOW_CTX_DAG_ID='automend_data_pipeline' AIRFLOW_CTX_TASK_ID='acquire_data' AIRFLOW_CTX_EXECUTION_DATE='2026-02-22T22:30:45.390379+00:00' AIRFLOW_CTX_TRY_NUMBER='1' AIRFLOW_CTX_DAG_RUN_ID='manual__2026-02-22T22:30:45.390379+00:00'
[2026-02-22T22:30:55.521+0000] {taskinstance.py:430} INFO - ::endgroup::
[2026-02-22T22:30:55.549+0000] {data_acquisition.py:297} INFO - ============================================================
[2026-02-22T22:30:55.550+0000] {data_acquisition.py:298} INFO - STARTING DATA ACQUISITION
[2026-02-22T22:30:55.551+0000] {data_acquisition.py:299} INFO - Mode: CSV
[2026-02-22T22:30:55.553+0000] {data_acquisition.py:300} INFO - ============================================================
[2026-02-22T22:30:55.554+0000] {data_acquisition.py:157} INFO - Loading questions from CSV: /opt/***/data/external/Stack_Qns_pl.csv
[2026-02-22T22:31:03.241+0000] {data_acquisition.py:188} INFO - Loaded 19624 questions from CSV
[2026-02-22T22:31:03.243+0000] {data_acquisition.py:194} INFO - Loading answers from CSV: /opt/***/data/external/Stack_Ans_pl.csv
[2026-02-22T22:31:08.532+0000] {data_acquisition.py:217} INFO - Loaded 18838 answers from CSV
[2026-02-22T22:31:14.998+0000] {data_acquisition.py:375} INFO - Successfully saved 18838 Q&A pairs to /opt/***/data/raw/qa_pairs_raw.json
[2026-02-22T22:31:15.010+0000] {data_acquisition.py:392} INFO - Acquisition completed in 19.4s
[2026-02-22T22:31:15.074+0000] {python.py:237} INFO - Done. Returned value was: {'source': 'csv', 'start_time': '2026-02-22T22:30:55.554270', 'questions_loaded': 19624, 'answers_matched': 18838, 'output_file': '/opt/***/data/raw/qa_pairs_raw.json', 'total_pairs': 18838, 'status': 'success', 'end_time': '2026-02-22T22:31:14.999612', 'duration_seconds': 19.445365}
[2026-02-22T22:31:15.076+0000] {taskinstance.py:441} INFO - ::group::Post task execution logs
[2026-02-22T22:31:15.122+0000] {taskinstance.py:1206} INFO - Marking task as SUCCESS. dag_id=automend_data_pipeline, task_id=acquire_data, run_id=manual__2026-02-22T22:30:45.390379+00:00, execution_date=20260222T223045, start_date=20260222T223055, end_date=20260222T223115
[2026-02-22T22:31:15.166+0000] {local_task_job_runner.py:240} INFO - Task exited with return code 0
[2026-02-22T22:31:15.218+0000] {taskinstance.py:3503} INFO - 1 downstream tasks scheduled from follow-on schedule check
[2026-02-22T22:31:15.223+0000] {local_task_job_runner.py:222} INFO - ::endgroup::
