[2026-02-23T00:17:13.217+0000] {local_task_job_runner.py:120} INFO - ::group::Pre task execution logs
[2026-02-23T00:17:13.610+0000] {taskinstance.py:2076} INFO - Dependencies all met for dep_context=non-requeueable deps ti=<TaskInstance: automend_data_pipeline.start_pipeline scheduled__2026-02-22T00:00:00+00:00 [queued]>
[2026-02-23T00:17:13.638+0000] {taskinstance.py:2076} INFO - Dependencies all met for dep_context=requeueable deps ti=<TaskInstance: automend_data_pipeline.start_pipeline scheduled__2026-02-22T00:00:00+00:00 [queued]>
[2026-02-23T00:17:13.641+0000] {taskinstance.py:2306} INFO - Starting attempt 1 of 3
[2026-02-23T00:17:13.683+0000] {taskinstance.py:2330} INFO - Executing <Task(PythonOperator): start_pipeline> on 2026-02-22 00:00:00+00:00
[2026-02-23T00:17:13.702+0000] {warnings.py:112} WARNING - /home/***/.local/lib/python3.12/site-packages/***/task/task_runner/standard_task_runner.py:61: DeprecationWarning: This process (pid=95) is multi-threaded, use of fork() may lead to deadlocks in the child.
  pid = os.fork()

[2026-02-23T00:17:13.707+0000] {standard_task_runner.py:63} INFO - Started process 101 to run task
[2026-02-23T00:17:13.707+0000] {standard_task_runner.py:90} INFO - Running: ['***', 'tasks', 'run', 'automend_data_pipeline', 'start_pipeline', 'scheduled__2026-02-22T00:00:00+00:00', '--job-id', '13', '--raw', '--subdir', 'DAGS_FOLDER/automend_pipeline_dag.py', '--cfg-path', '/tmp/tmpdaplvc32']
[2026-02-23T00:17:13.713+0000] {standard_task_runner.py:91} INFO - Job 13: Subtask start_pipeline
[2026-02-23T00:17:13.847+0000] {task_command.py:426} INFO - Running <TaskInstance: automend_data_pipeline.start_pipeline scheduled__2026-02-22T00:00:00+00:00 [running]> on host ded77bdd039b
[2026-02-23T00:17:14.018+0000] {taskinstance.py:2648} INFO - Exporting env vars: AIRFLOW_CTX_DAG_OWNER='mlops-team' AIRFLOW_CTX_DAG_ID='automend_data_pipeline' AIRFLOW_CTX_TASK_ID='start_pipeline' AIRFLOW_CTX_EXECUTION_DATE='2026-02-22T00:00:00+00:00' AIRFLOW_CTX_TRY_NUMBER='1' AIRFLOW_CTX_DAG_RUN_ID='scheduled__2026-02-22T00:00:00+00:00'
[2026-02-23T00:17:14.021+0000] {taskinstance.py:430} INFO - ::endgroup::
[2026-02-23T00:17:14.049+0000] {alerts.py:279} INFO - ALERT [pipeline_start]: Pipeline Started - DAG 'automend_data_pipeline' has started execution.
[2026-02-23T00:17:14.088+0000] {python.py:237} INFO - Done. Returned value was: {'start_time': '2026-02-23T00:17:14.087878', 'dag_id': 'automend_data_pipeline', 'run_id': 'scheduled__2026-02-22T00:00:00+00:00'}
[2026-02-23T00:17:14.089+0000] {taskinstance.py:441} INFO - ::group::Post task execution logs
[2026-02-23T00:17:14.146+0000] {taskinstance.py:1206} INFO - Marking task as SUCCESS. dag_id=automend_data_pipeline, task_id=start_pipeline, run_id=scheduled__2026-02-22T00:00:00+00:00, execution_date=20260222T000000, start_date=20260223T001713, end_date=20260223T001714
[2026-02-23T00:17:14.206+0000] {local_task_job_runner.py:240} INFO - Task exited with return code 0
[2026-02-23T00:17:14.226+0000] {local_task_job_runner.py:222} INFO - ::endgroup::
[2026-02-23T00:21:46.952+0000] {local_task_job_runner.py:120} INFO - ::group::Pre task execution logs
[2026-02-23T00:21:47.000+0000] {taskinstance.py:2076} INFO - Dependencies all met for dep_context=non-requeueable deps ti=<TaskInstance: automend_data_pipeline.start_pipeline scheduled__2026-02-22T00:00:00+00:00 [queued]>
[2026-02-23T00:21:47.023+0000] {taskinstance.py:2076} INFO - Dependencies all met for dep_context=requeueable deps ti=<TaskInstance: automend_data_pipeline.start_pipeline scheduled__2026-02-22T00:00:00+00:00 [queued]>
[2026-02-23T00:21:47.025+0000] {taskinstance.py:2306} INFO - Starting attempt 1 of 3
[2026-02-23T00:21:47.061+0000] {taskinstance.py:2330} INFO - Executing <Task(PythonOperator): start_pipeline> on 2026-02-22 00:00:00+00:00
[2026-02-23T00:21:47.074+0000] {warnings.py:112} WARNING - /home/***/.local/lib/python3.12/site-packages/***/task/task_runner/standard_task_runner.py:61: DeprecationWarning: This process (pid=116) is multi-threaded, use of fork() may lead to deadlocks in the child.
  pid = os.fork()

[2026-02-23T00:21:47.078+0000] {standard_task_runner.py:63} INFO - Started process 120 to run task
[2026-02-23T00:21:47.079+0000] {standard_task_runner.py:90} INFO - Running: ['***', 'tasks', 'run', 'automend_data_pipeline', 'start_pipeline', 'scheduled__2026-02-22T00:00:00+00:00', '--job-id', '3', '--raw', '--subdir', 'DAGS_FOLDER/automend_pipeline_dag.py', '--cfg-path', '/tmp/tmpqr1x0z7f']
[2026-02-23T00:21:47.086+0000] {standard_task_runner.py:91} INFO - Job 3: Subtask start_pipeline
[2026-02-23T00:21:47.240+0000] {task_command.py:426} INFO - Running <TaskInstance: automend_data_pipeline.start_pipeline scheduled__2026-02-22T00:00:00+00:00 [running]> on host eebbfbfd60c7
[2026-02-23T00:21:47.852+0000] {taskinstance.py:2648} INFO - Exporting env vars: AIRFLOW_CTX_DAG_OWNER='mlops-team' AIRFLOW_CTX_DAG_ID='automend_data_pipeline' AIRFLOW_CTX_TASK_ID='start_pipeline' AIRFLOW_CTX_EXECUTION_DATE='2026-02-22T00:00:00+00:00' AIRFLOW_CTX_TRY_NUMBER='1' AIRFLOW_CTX_DAG_RUN_ID='scheduled__2026-02-22T00:00:00+00:00'
[2026-02-23T00:21:47.855+0000] {taskinstance.py:430} INFO - ::endgroup::
[2026-02-23T00:21:47.916+0000] {alerts.py:279} INFO - ALERT [pipeline_start]: Pipeline Started - DAG 'automend_data_pipeline' has started execution.
[2026-02-23T00:21:47.935+0000] {python.py:237} INFO - Done. Returned value was: {'start_time': '2026-02-23T00:21:47.935797', 'dag_id': 'automend_data_pipeline', 'run_id': 'scheduled__2026-02-22T00:00:00+00:00'}
[2026-02-23T00:21:47.937+0000] {taskinstance.py:441} INFO - ::group::Post task execution logs
[2026-02-23T00:21:47.996+0000] {taskinstance.py:1206} INFO - Marking task as SUCCESS. dag_id=automend_data_pipeline, task_id=start_pipeline, run_id=scheduled__2026-02-22T00:00:00+00:00, execution_date=20260222T000000, start_date=20260223T002147, end_date=20260223T002147
[2026-02-23T00:21:48.064+0000] {local_task_job_runner.py:240} INFO - Task exited with return code 0
[2026-02-23T00:21:48.421+0000] {taskinstance.py:3503} INFO - 1 downstream tasks scheduled from follow-on schedule check
[2026-02-23T00:21:48.440+0000] {local_task_job_runner.py:222} INFO - ::endgroup::
