[2026-02-22T21:26:51.613+0000] {local_task_job_runner.py:120} INFO - ::group::Pre task execution logs
[2026-02-22T21:26:51.964+0000] {taskinstance.py:2076} INFO - Dependencies all met for dep_context=non-requeueable deps ti=<TaskInstance: automend_data_pipeline.acquire_data manual__2026-02-22T21:26:41.068278+00:00 [queued]>
[2026-02-22T21:26:51.981+0000] {taskinstance.py:2076} INFO - Dependencies all met for dep_context=requeueable deps ti=<TaskInstance: automend_data_pipeline.acquire_data manual__2026-02-22T21:26:41.068278+00:00 [queued]>
[2026-02-22T21:26:51.991+0000] {taskinstance.py:2306} INFO - Starting attempt 1 of 3
[2026-02-22T21:26:52.020+0000] {taskinstance.py:2330} INFO - Executing <Task(PythonOperator): acquire_data> on 2026-02-22 21:26:41.068278+00:00
[2026-02-22T21:26:52.032+0000] {warnings.py:112} WARNING - /home/***/.local/lib/python3.12/site-packages/***/task/task_runner/standard_task_runner.py:61: DeprecationWarning: This process (pid=131) is multi-threaded, use of fork() may lead to deadlocks in the child.
  pid = os.fork()

[2026-02-22T21:26:52.038+0000] {standard_task_runner.py:63} INFO - Started process 134 to run task
[2026-02-22T21:26:52.039+0000] {standard_task_runner.py:90} INFO - Running: ['***', 'tasks', 'run', 'automend_data_pipeline', 'acquire_data', 'manual__2026-02-22T21:26:41.068278+00:00', '--job-id', '5', '--raw', '--subdir', 'DAGS_FOLDER/automend_pipeline_dag.py', '--cfg-path', '/tmp/tmprat639j7']
[2026-02-22T21:26:52.046+0000] {standard_task_runner.py:91} INFO - Job 5: Subtask acquire_data
[2026-02-22T21:26:52.190+0000] {task_command.py:426} INFO - Running <TaskInstance: automend_data_pipeline.acquire_data manual__2026-02-22T21:26:41.068278+00:00 [running]> on host bdb006c774ad
[2026-02-22T21:26:52.401+0000] {taskinstance.py:2648} INFO - Exporting env vars: AIRFLOW_CTX_DAG_OWNER='mlops-team' AIRFLOW_CTX_DAG_ID='automend_data_pipeline' AIRFLOW_CTX_TASK_ID='acquire_data' AIRFLOW_CTX_EXECUTION_DATE='2026-02-22T21:26:41.068278+00:00' AIRFLOW_CTX_TRY_NUMBER='1' AIRFLOW_CTX_DAG_RUN_ID='manual__2026-02-22T21:26:41.068278+00:00'
[2026-02-22T21:26:52.404+0000] {taskinstance.py:430} INFO - ::endgroup::
[2026-02-22T21:26:52.432+0000] {data_acquisition.py:288} INFO - ============================================================
[2026-02-22T21:26:52.434+0000] {data_acquisition.py:289} INFO - STARTING DATA ACQUISITION
[2026-02-22T21:26:52.435+0000] {data_acquisition.py:290} INFO - Mode: CSV
[2026-02-22T21:26:52.436+0000] {data_acquisition.py:291} INFO - ============================================================
[2026-02-22T21:26:52.438+0000] {data_acquisition.py:148} INFO - Loading questions from CSV: /opt/***/data/external/Stack_Qns_pl.csv
[2026-02-22T21:27:03.204+0000] {data_acquisition.py:179} INFO - Loaded 19624 questions from CSV
[2026-02-22T21:27:03.205+0000] {data_acquisition.py:185} INFO - Loading answers from CSV: /opt/***/data/external/Stack_Ans_pl.csv
[2026-02-22T21:27:09.129+0000] {data_acquisition.py:208} INFO - Loaded 18838 answers from CSV
[2026-02-22T21:27:13.332+0000] {data_acquisition.py:366} INFO - Successfully saved 18838 Q&A pairs to /opt/***/data/raw/qa_pairs_raw.json
[2026-02-22T21:27:13.341+0000] {data_acquisition.py:383} INFO - Acquisition completed in 20.9s
[2026-02-22T21:27:13.422+0000] {python.py:237} INFO - Done. Returned value was: {'source': 'csv', 'start_time': '2026-02-22T21:26:52.437823', 'questions_loaded': 19624, 'answers_matched': 18838, 'output_file': '/opt/***/data/raw/qa_pairs_raw.json', 'total_pairs': 18838, 'status': 'success', 'end_time': '2026-02-22T21:27:13.333324', 'duration_seconds': 20.895524}
[2026-02-22T21:27:13.424+0000] {taskinstance.py:441} INFO - ::group::Post task execution logs
[2026-02-22T21:27:13.463+0000] {taskinstance.py:1206} INFO - Marking task as SUCCESS. dag_id=automend_data_pipeline, task_id=acquire_data, run_id=manual__2026-02-22T21:26:41.068278+00:00, execution_date=20260222T212641, start_date=20260222T212651, end_date=20260222T212713
[2026-02-22T21:27:13.537+0000] {local_task_job_runner.py:240} INFO - Task exited with return code 0
[2026-02-22T21:27:13.584+0000] {taskinstance.py:3503} INFO - 1 downstream tasks scheduled from follow-on schedule check
[2026-02-22T21:27:13.589+0000] {local_task_job_runner.py:222} INFO - ::endgroup::
