[2026-02-23T00:17:06.164+0000] {processor.py:161} INFO - Started process (PID=96) to work on /opt/airflow/dags/automend_pipeline_dag.py
[2026-02-23T00:17:06.167+0000] {processor.py:830} INFO - Processing file /opt/airflow/dags/automend_pipeline_dag.py for tasks to queue
[2026-02-23T00:17:06.175+0000] {logging_mixin.py:188} INFO - [2026-02-23T00:17:06.174+0000] {dagbag.py:545} INFO - Filling up the DagBag from /opt/airflow/dags/automend_pipeline_dag.py
[2026-02-23T00:17:07.555+0000] {processor.py:840} INFO - DAG(s) 'automend_data_pipeline' retrieved from /opt/airflow/dags/automend_pipeline_dag.py
[2026-02-23T00:17:07.803+0000] {logging_mixin.py:188} INFO - [2026-02-23T00:17:07.802+0000] {dag.py:3096} INFO - Sync 1 DAGs
[2026-02-23T00:17:07.841+0000] {logging_mixin.py:188} INFO - [2026-02-23T00:17:07.840+0000] {dag.py:3954} INFO - Setting next_dagrun for automend_data_pipeline to 2026-02-22 00:00:00+00:00, run_after=2026-02-23 00:00:00+00:00
[2026-02-23T00:17:07.903+0000] {processor.py:183} INFO - Processing /opt/airflow/dags/automend_pipeline_dag.py took 1.759 seconds
[2026-02-23T00:20:23.244+0000] {processor.py:161} INFO - Started process (PID=98) to work on /opt/airflow/dags/automend_pipeline_dag.py
[2026-02-23T00:20:23.247+0000] {processor.py:830} INFO - Processing file /opt/airflow/dags/automend_pipeline_dag.py for tasks to queue
[2026-02-23T00:20:23.251+0000] {logging_mixin.py:188} INFO - [2026-02-23T00:20:23.250+0000] {dagbag.py:545} INFO - Filling up the DagBag from /opt/airflow/dags/automend_pipeline_dag.py
[2026-02-23T00:20:26.288+0000] {processor.py:840} INFO - DAG(s) 'automend_data_pipeline' retrieved from /opt/airflow/dags/automend_pipeline_dag.py
[2026-02-23T00:20:26.774+0000] {logging_mixin.py:188} INFO - [2026-02-23T00:20:26.772+0000] {override.py:1829} INFO - Created Permission View: can read on DAG:automend_data_pipeline
[2026-02-23T00:20:26.792+0000] {logging_mixin.py:188} INFO - [2026-02-23T00:20:26.792+0000] {override.py:1829} INFO - Created Permission View: can delete on DAG:automend_data_pipeline
[2026-02-23T00:20:26.806+0000] {logging_mixin.py:188} INFO - [2026-02-23T00:20:26.805+0000] {override.py:1829} INFO - Created Permission View: can edit on DAG:automend_data_pipeline
[2026-02-23T00:20:26.808+0000] {logging_mixin.py:188} INFO - [2026-02-23T00:20:26.807+0000] {dag.py:3096} INFO - Sync 1 DAGs
[2026-02-23T00:20:26.827+0000] {logging_mixin.py:188} INFO - [2026-02-23T00:20:26.826+0000] {dag.py:3118} INFO - Creating ORM DAG for automend_data_pipeline
[2026-02-23T00:20:26.847+0000] {logging_mixin.py:188} INFO - [2026-02-23T00:20:26.847+0000] {dag.py:3954} INFO - Setting next_dagrun for automend_data_pipeline to 2026-02-22 00:00:00+00:00, run_after=2026-02-23 00:00:00+00:00
[2026-02-23T00:20:26.900+0000] {processor.py:183} INFO - Processing /opt/airflow/dags/automend_pipeline_dag.py took 3.670 seconds
[2026-02-23T00:20:57.293+0000] {processor.py:161} INFO - Started process (PID=106) to work on /opt/airflow/dags/automend_pipeline_dag.py
[2026-02-23T00:20:57.296+0000] {processor.py:830} INFO - Processing file /opt/airflow/dags/automend_pipeline_dag.py for tasks to queue
[2026-02-23T00:20:57.301+0000] {logging_mixin.py:188} INFO - [2026-02-23T00:20:57.301+0000] {dagbag.py:545} INFO - Filling up the DagBag from /opt/airflow/dags/automend_pipeline_dag.py
[2026-02-23T00:20:58.355+0000] {processor.py:840} INFO - DAG(s) 'automend_data_pipeline' retrieved from /opt/airflow/dags/automend_pipeline_dag.py
[2026-02-23T00:20:58.417+0000] {logging_mixin.py:188} INFO - [2026-02-23T00:20:58.416+0000] {dag.py:3096} INFO - Sync 1 DAGs
[2026-02-23T00:20:58.455+0000] {logging_mixin.py:188} INFO - [2026-02-23T00:20:58.455+0000] {dag.py:3954} INFO - Setting next_dagrun for automend_data_pipeline to 2026-02-22 00:00:00+00:00, run_after=2026-02-23 00:00:00+00:00
[2026-02-23T00:20:58.497+0000] {processor.py:183} INFO - Processing /opt/airflow/dags/automend_pipeline_dag.py took 1.221 seconds
[2026-02-23T00:21:28.608+0000] {processor.py:161} INFO - Started process (PID=114) to work on /opt/airflow/dags/automend_pipeline_dag.py
[2026-02-23T00:21:28.610+0000] {processor.py:830} INFO - Processing file /opt/airflow/dags/automend_pipeline_dag.py for tasks to queue
[2026-02-23T00:21:28.615+0000] {logging_mixin.py:188} INFO - [2026-02-23T00:21:28.614+0000] {dagbag.py:545} INFO - Filling up the DagBag from /opt/airflow/dags/automend_pipeline_dag.py
[2026-02-23T00:21:29.774+0000] {processor.py:840} INFO - DAG(s) 'automend_data_pipeline' retrieved from /opt/airflow/dags/automend_pipeline_dag.py
[2026-02-23T00:21:29.828+0000] {logging_mixin.py:188} INFO - [2026-02-23T00:21:29.826+0000] {dag.py:3096} INFO - Sync 1 DAGs
[2026-02-23T00:21:29.868+0000] {logging_mixin.py:188} INFO - [2026-02-23T00:21:29.868+0000] {dag.py:3954} INFO - Setting next_dagrun for automend_data_pipeline to 2026-02-22 00:00:00+00:00, run_after=2026-02-23 00:00:00+00:00
[2026-02-23T00:21:29.908+0000] {processor.py:183} INFO - Processing /opt/airflow/dags/automend_pipeline_dag.py took 1.315 seconds
[2026-02-23T00:22:00.182+0000] {processor.py:161} INFO - Started process (PID=131) to work on /opt/airflow/dags/automend_pipeline_dag.py
[2026-02-23T00:22:00.185+0000] {processor.py:830} INFO - Processing file /opt/airflow/dags/automend_pipeline_dag.py for tasks to queue
[2026-02-23T00:22:00.190+0000] {logging_mixin.py:188} INFO - [2026-02-23T00:22:00.189+0000] {dagbag.py:545} INFO - Filling up the DagBag from /opt/airflow/dags/automend_pipeline_dag.py
[2026-02-23T00:22:01.481+0000] {processor.py:840} INFO - DAG(s) 'automend_data_pipeline' retrieved from /opt/airflow/dags/automend_pipeline_dag.py
[2026-02-23T00:22:01.539+0000] {logging_mixin.py:188} INFO - [2026-02-23T00:22:01.538+0000] {dag.py:3096} INFO - Sync 1 DAGs
[2026-02-23T00:22:01.585+0000] {logging_mixin.py:188} INFO - [2026-02-23T00:22:01.584+0000] {dag.py:3954} INFO - Setting next_dagrun for automend_data_pipeline to 2026-02-23 00:00:00+00:00, run_after=2026-02-24 00:00:00+00:00
[2026-02-23T00:22:01.652+0000] {processor.py:183} INFO - Processing /opt/airflow/dags/automend_pipeline_dag.py took 1.485 seconds
[2026-02-23T00:22:32.040+0000] {processor.py:161} INFO - Started process (PID=143) to work on /opt/airflow/dags/automend_pipeline_dag.py
[2026-02-23T00:22:32.043+0000] {processor.py:830} INFO - Processing file /opt/airflow/dags/automend_pipeline_dag.py for tasks to queue
[2026-02-23T00:22:32.049+0000] {logging_mixin.py:188} INFO - [2026-02-23T00:22:32.047+0000] {dagbag.py:545} INFO - Filling up the DagBag from /opt/airflow/dags/automend_pipeline_dag.py
[2026-02-23T00:22:33.235+0000] {processor.py:840} INFO - DAG(s) 'automend_data_pipeline' retrieved from /opt/airflow/dags/automend_pipeline_dag.py
[2026-02-23T00:22:33.299+0000] {logging_mixin.py:188} INFO - [2026-02-23T00:22:33.298+0000] {dag.py:3096} INFO - Sync 1 DAGs
[2026-02-23T00:22:33.341+0000] {logging_mixin.py:188} INFO - [2026-02-23T00:22:33.341+0000] {dag.py:3954} INFO - Setting next_dagrun for automend_data_pipeline to 2026-02-23 00:00:00+00:00, run_after=2026-02-24 00:00:00+00:00
[2026-02-23T00:22:33.391+0000] {processor.py:183} INFO - Processing /opt/airflow/dags/automend_pipeline_dag.py took 1.371 seconds
[2026-02-23T00:23:03.801+0000] {processor.py:161} INFO - Started process (PID=157) to work on /opt/airflow/dags/automend_pipeline_dag.py
[2026-02-23T00:23:03.805+0000] {processor.py:830} INFO - Processing file /opt/airflow/dags/automend_pipeline_dag.py for tasks to queue
[2026-02-23T00:23:03.810+0000] {logging_mixin.py:188} INFO - [2026-02-23T00:23:03.809+0000] {dagbag.py:545} INFO - Filling up the DagBag from /opt/airflow/dags/automend_pipeline_dag.py
[2026-02-23T00:23:05.044+0000] {processor.py:840} INFO - DAG(s) 'automend_data_pipeline' retrieved from /opt/airflow/dags/automend_pipeline_dag.py
[2026-02-23T00:23:05.121+0000] {logging_mixin.py:188} INFO - [2026-02-23T00:23:05.120+0000] {dag.py:3096} INFO - Sync 1 DAGs
[2026-02-23T00:23:05.160+0000] {logging_mixin.py:188} INFO - [2026-02-23T00:23:05.159+0000] {dag.py:3954} INFO - Setting next_dagrun for automend_data_pipeline to 2026-02-23 00:00:00+00:00, run_after=2026-02-24 00:00:00+00:00
[2026-02-23T00:23:05.205+0000] {processor.py:183} INFO - Processing /opt/airflow/dags/automend_pipeline_dag.py took 1.419 seconds
[2026-02-23T00:23:35.617+0000] {processor.py:161} INFO - Started process (PID=165) to work on /opt/airflow/dags/automend_pipeline_dag.py
[2026-02-23T00:23:35.620+0000] {processor.py:830} INFO - Processing file /opt/airflow/dags/automend_pipeline_dag.py for tasks to queue
[2026-02-23T00:23:35.627+0000] {logging_mixin.py:188} INFO - [2026-02-23T00:23:35.626+0000] {dagbag.py:545} INFO - Filling up the DagBag from /opt/airflow/dags/automend_pipeline_dag.py
[2026-02-23T00:23:36.826+0000] {processor.py:840} INFO - DAG(s) 'automend_data_pipeline' retrieved from /opt/airflow/dags/automend_pipeline_dag.py
[2026-02-23T00:23:36.887+0000] {logging_mixin.py:188} INFO - [2026-02-23T00:23:36.886+0000] {dag.py:3096} INFO - Sync 1 DAGs
[2026-02-23T00:23:36.927+0000] {logging_mixin.py:188} INFO - [2026-02-23T00:23:36.926+0000] {dag.py:3954} INFO - Setting next_dagrun for automend_data_pipeline to 2026-02-23 00:00:00+00:00, run_after=2026-02-24 00:00:00+00:00
[2026-02-23T00:23:36.964+0000] {processor.py:183} INFO - Processing /opt/airflow/dags/automend_pipeline_dag.py took 1.365 seconds
[2026-02-23T00:24:07.377+0000] {processor.py:161} INFO - Started process (PID=173) to work on /opt/airflow/dags/automend_pipeline_dag.py
[2026-02-23T00:24:07.380+0000] {processor.py:830} INFO - Processing file /opt/airflow/dags/automend_pipeline_dag.py for tasks to queue
[2026-02-23T00:24:07.387+0000] {logging_mixin.py:188} INFO - [2026-02-23T00:24:07.386+0000] {dagbag.py:545} INFO - Filling up the DagBag from /opt/airflow/dags/automend_pipeline_dag.py
[2026-02-23T00:24:08.613+0000] {processor.py:840} INFO - DAG(s) 'automend_data_pipeline' retrieved from /opt/airflow/dags/automend_pipeline_dag.py
[2026-02-23T00:24:08.671+0000] {logging_mixin.py:188} INFO - [2026-02-23T00:24:08.669+0000] {dag.py:3096} INFO - Sync 1 DAGs
[2026-02-23T00:24:08.717+0000] {logging_mixin.py:188} INFO - [2026-02-23T00:24:08.717+0000] {dag.py:3954} INFO - Setting next_dagrun for automend_data_pipeline to 2026-02-23 00:00:00+00:00, run_after=2026-02-24 00:00:00+00:00
[2026-02-23T00:24:08.763+0000] {processor.py:183} INFO - Processing /opt/airflow/dags/automend_pipeline_dag.py took 1.403 seconds
[2026-02-23T00:24:39.149+0000] {processor.py:161} INFO - Started process (PID=193) to work on /opt/airflow/dags/automend_pipeline_dag.py
[2026-02-23T00:24:39.152+0000] {processor.py:830} INFO - Processing file /opt/airflow/dags/automend_pipeline_dag.py for tasks to queue
[2026-02-23T00:24:39.158+0000] {logging_mixin.py:188} INFO - [2026-02-23T00:24:39.157+0000] {dagbag.py:545} INFO - Filling up the DagBag from /opt/airflow/dags/automend_pipeline_dag.py
[2026-02-23T00:24:40.408+0000] {processor.py:840} INFO - DAG(s) 'automend_data_pipeline' retrieved from /opt/airflow/dags/automend_pipeline_dag.py
[2026-02-23T00:24:40.469+0000] {logging_mixin.py:188} INFO - [2026-02-23T00:24:40.468+0000] {dag.py:3096} INFO - Sync 1 DAGs
[2026-02-23T00:24:40.514+0000] {logging_mixin.py:188} INFO - [2026-02-23T00:24:40.513+0000] {dag.py:3954} INFO - Setting next_dagrun for automend_data_pipeline to 2026-02-23 00:00:00+00:00, run_after=2026-02-24 00:00:00+00:00
[2026-02-23T00:24:40.567+0000] {processor.py:183} INFO - Processing /opt/airflow/dags/automend_pipeline_dag.py took 1.435 seconds
[2026-02-23T00:25:10.960+0000] {processor.py:161} INFO - Started process (PID=205) to work on /opt/airflow/dags/automend_pipeline_dag.py
[2026-02-23T00:25:10.962+0000] {processor.py:830} INFO - Processing file /opt/airflow/dags/automend_pipeline_dag.py for tasks to queue
[2026-02-23T00:25:10.967+0000] {logging_mixin.py:188} INFO - [2026-02-23T00:25:10.966+0000] {dagbag.py:545} INFO - Filling up the DagBag from /opt/airflow/dags/automend_pipeline_dag.py
[2026-02-23T00:25:12.132+0000] {processor.py:840} INFO - DAG(s) 'automend_data_pipeline' retrieved from /opt/airflow/dags/automend_pipeline_dag.py
[2026-02-23T00:25:12.192+0000] {logging_mixin.py:188} INFO - [2026-02-23T00:25:12.191+0000] {dag.py:3096} INFO - Sync 1 DAGs
[2026-02-23T00:25:12.233+0000] {logging_mixin.py:188} INFO - [2026-02-23T00:25:12.233+0000] {dag.py:3954} INFO - Setting next_dagrun for automend_data_pipeline to 2026-02-23 00:00:00+00:00, run_after=2026-02-24 00:00:00+00:00
[2026-02-23T00:25:12.276+0000] {processor.py:183} INFO - Processing /opt/airflow/dags/automend_pipeline_dag.py took 1.331 seconds
[2026-02-23T00:25:42.621+0000] {processor.py:161} INFO - Started process (PID=217) to work on /opt/airflow/dags/automend_pipeline_dag.py
[2026-02-23T00:25:42.623+0000] {processor.py:830} INFO - Processing file /opt/airflow/dags/automend_pipeline_dag.py for tasks to queue
[2026-02-23T00:25:42.628+0000] {logging_mixin.py:188} INFO - [2026-02-23T00:25:42.627+0000] {dagbag.py:545} INFO - Filling up the DagBag from /opt/airflow/dags/automend_pipeline_dag.py
[2026-02-23T00:25:43.683+0000] {processor.py:840} INFO - DAG(s) 'automend_data_pipeline' retrieved from /opt/airflow/dags/automend_pipeline_dag.py
[2026-02-23T00:25:43.733+0000] {logging_mixin.py:188} INFO - [2026-02-23T00:25:43.732+0000] {dag.py:3096} INFO - Sync 1 DAGs
[2026-02-23T00:25:43.769+0000] {logging_mixin.py:188} INFO - [2026-02-23T00:25:43.769+0000] {dag.py:3954} INFO - Setting next_dagrun for automend_data_pipeline to 2026-02-23 00:00:00+00:00, run_after=2026-02-24 00:00:00+00:00
[2026-02-23T00:25:43.806+0000] {processor.py:183} INFO - Processing /opt/airflow/dags/automend_pipeline_dag.py took 1.200 seconds
[2026-02-23T00:26:13.958+0000] {processor.py:161} INFO - Started process (PID=225) to work on /opt/airflow/dags/automend_pipeline_dag.py
[2026-02-23T00:26:13.960+0000] {processor.py:830} INFO - Processing file /opt/airflow/dags/automend_pipeline_dag.py for tasks to queue
[2026-02-23T00:26:13.965+0000] {logging_mixin.py:188} INFO - [2026-02-23T00:26:13.964+0000] {dagbag.py:545} INFO - Filling up the DagBag from /opt/airflow/dags/automend_pipeline_dag.py
[2026-02-23T00:26:15.177+0000] {processor.py:840} INFO - DAG(s) 'automend_data_pipeline' retrieved from /opt/airflow/dags/automend_pipeline_dag.py
[2026-02-23T00:26:15.238+0000] {logging_mixin.py:188} INFO - [2026-02-23T00:26:15.237+0000] {dag.py:3096} INFO - Sync 1 DAGs
[2026-02-23T00:26:15.279+0000] {logging_mixin.py:188} INFO - [2026-02-23T00:26:15.279+0000] {dag.py:3954} INFO - Setting next_dagrun for automend_data_pipeline to 2026-02-23 00:00:00+00:00, run_after=2026-02-24 00:00:00+00:00
[2026-02-23T00:26:15.331+0000] {processor.py:183} INFO - Processing /opt/airflow/dags/automend_pipeline_dag.py took 1.389 seconds
[2026-02-23T00:26:45.504+0000] {processor.py:161} INFO - Started process (PID=233) to work on /opt/airflow/dags/automend_pipeline_dag.py
[2026-02-23T00:26:45.507+0000] {processor.py:830} INFO - Processing file /opt/airflow/dags/automend_pipeline_dag.py for tasks to queue
[2026-02-23T00:26:45.512+0000] {logging_mixin.py:188} INFO - [2026-02-23T00:26:45.511+0000] {dagbag.py:545} INFO - Filling up the DagBag from /opt/airflow/dags/automend_pipeline_dag.py
[2026-02-23T00:26:46.561+0000] {processor.py:840} INFO - DAG(s) 'automend_data_pipeline' retrieved from /opt/airflow/dags/automend_pipeline_dag.py
[2026-02-23T00:26:46.624+0000] {logging_mixin.py:188} INFO - [2026-02-23T00:26:46.623+0000] {dag.py:3096} INFO - Sync 1 DAGs
[2026-02-23T00:26:46.666+0000] {logging_mixin.py:188} INFO - [2026-02-23T00:26:46.666+0000] {dag.py:3954} INFO - Setting next_dagrun for automend_data_pipeline to 2026-02-23 00:00:00+00:00, run_after=2026-02-24 00:00:00+00:00
[2026-02-23T00:26:46.715+0000] {processor.py:183} INFO - Processing /opt/airflow/dags/automend_pipeline_dag.py took 1.225 seconds
[2026-02-23T00:27:16.963+0000] {processor.py:161} INFO - Started process (PID=241) to work on /opt/airflow/dags/automend_pipeline_dag.py
[2026-02-23T00:27:16.966+0000] {processor.py:830} INFO - Processing file /opt/airflow/dags/automend_pipeline_dag.py for tasks to queue
[2026-02-23T00:27:16.971+0000] {logging_mixin.py:188} INFO - [2026-02-23T00:27:16.970+0000] {dagbag.py:545} INFO - Filling up the DagBag from /opt/airflow/dags/automend_pipeline_dag.py
[2026-02-23T00:27:18.074+0000] {processor.py:840} INFO - DAG(s) 'automend_data_pipeline' retrieved from /opt/airflow/dags/automend_pipeline_dag.py
[2026-02-23T00:27:18.132+0000] {logging_mixin.py:188} INFO - [2026-02-23T00:27:18.131+0000] {dag.py:3096} INFO - Sync 1 DAGs
[2026-02-23T00:27:18.170+0000] {logging_mixin.py:188} INFO - [2026-02-23T00:27:18.170+0000] {dag.py:3954} INFO - Setting next_dagrun for automend_data_pipeline to 2026-02-23 00:00:00+00:00, run_after=2026-02-24 00:00:00+00:00
[2026-02-23T00:27:18.210+0000] {processor.py:183} INFO - Processing /opt/airflow/dags/automend_pipeline_dag.py took 1.261 seconds
[2026-02-23T00:27:48.366+0000] {processor.py:161} INFO - Started process (PID=250) to work on /opt/airflow/dags/automend_pipeline_dag.py
[2026-02-23T00:27:48.369+0000] {processor.py:830} INFO - Processing file /opt/airflow/dags/automend_pipeline_dag.py for tasks to queue
[2026-02-23T00:27:48.374+0000] {logging_mixin.py:188} INFO - [2026-02-23T00:27:48.373+0000] {dagbag.py:545} INFO - Filling up the DagBag from /opt/airflow/dags/automend_pipeline_dag.py
[2026-02-23T00:27:49.469+0000] {processor.py:840} INFO - DAG(s) 'automend_data_pipeline' retrieved from /opt/airflow/dags/automend_pipeline_dag.py
[2026-02-23T00:27:49.524+0000] {logging_mixin.py:188} INFO - [2026-02-23T00:27:49.523+0000] {dag.py:3096} INFO - Sync 1 DAGs
[2026-02-23T00:27:49.562+0000] {logging_mixin.py:188} INFO - [2026-02-23T00:27:49.561+0000] {dag.py:3954} INFO - Setting next_dagrun for automend_data_pipeline to 2026-02-23 00:00:00+00:00, run_after=2026-02-24 00:00:00+00:00
[2026-02-23T00:27:49.597+0000] {processor.py:183} INFO - Processing /opt/airflow/dags/automend_pipeline_dag.py took 1.248 seconds
[2026-02-23T00:28:19.880+0000] {processor.py:161} INFO - Started process (PID=258) to work on /opt/airflow/dags/automend_pipeline_dag.py
[2026-02-23T00:28:19.882+0000] {processor.py:830} INFO - Processing file /opt/airflow/dags/automend_pipeline_dag.py for tasks to queue
[2026-02-23T00:28:19.887+0000] {logging_mixin.py:188} INFO - [2026-02-23T00:28:19.886+0000] {dagbag.py:545} INFO - Filling up the DagBag from /opt/airflow/dags/automend_pipeline_dag.py
[2026-02-23T00:28:20.930+0000] {processor.py:840} INFO - DAG(s) 'automend_data_pipeline' retrieved from /opt/airflow/dags/automend_pipeline_dag.py
[2026-02-23T00:28:20.986+0000] {logging_mixin.py:188} INFO - [2026-02-23T00:28:20.985+0000] {dag.py:3096} INFO - Sync 1 DAGs
[2026-02-23T00:28:21.029+0000] {logging_mixin.py:188} INFO - [2026-02-23T00:28:21.028+0000] {dag.py:3954} INFO - Setting next_dagrun for automend_data_pipeline to 2026-02-23 00:00:00+00:00, run_after=2026-02-24 00:00:00+00:00
[2026-02-23T00:28:21.080+0000] {processor.py:183} INFO - Processing /opt/airflow/dags/automend_pipeline_dag.py took 1.214 seconds
[2026-02-23T00:28:51.288+0000] {processor.py:161} INFO - Started process (PID=266) to work on /opt/airflow/dags/automend_pipeline_dag.py
[2026-02-23T00:28:51.291+0000] {processor.py:830} INFO - Processing file /opt/airflow/dags/automend_pipeline_dag.py for tasks to queue
[2026-02-23T00:28:51.296+0000] {logging_mixin.py:188} INFO - [2026-02-23T00:28:51.295+0000] {dagbag.py:545} INFO - Filling up the DagBag from /opt/airflow/dags/automend_pipeline_dag.py
[2026-02-23T00:28:52.470+0000] {processor.py:840} INFO - DAG(s) 'automend_data_pipeline' retrieved from /opt/airflow/dags/automend_pipeline_dag.py
[2026-02-23T00:28:52.531+0000] {logging_mixin.py:188} INFO - [2026-02-23T00:28:52.530+0000] {dag.py:3096} INFO - Sync 1 DAGs
[2026-02-23T00:28:52.577+0000] {logging_mixin.py:188} INFO - [2026-02-23T00:28:52.577+0000] {dag.py:3954} INFO - Setting next_dagrun for automend_data_pipeline to 2026-02-23 00:00:00+00:00, run_after=2026-02-24 00:00:00+00:00
[2026-02-23T00:28:52.624+0000] {processor.py:183} INFO - Processing /opt/airflow/dags/automend_pipeline_dag.py took 1.351 seconds
[2026-02-23T00:29:22.818+0000] {processor.py:161} INFO - Started process (PID=274) to work on /opt/airflow/dags/automend_pipeline_dag.py
[2026-02-23T00:29:22.821+0000] {processor.py:830} INFO - Processing file /opt/airflow/dags/automend_pipeline_dag.py for tasks to queue
[2026-02-23T00:29:22.826+0000] {logging_mixin.py:188} INFO - [2026-02-23T00:29:22.825+0000] {dagbag.py:545} INFO - Filling up the DagBag from /opt/airflow/dags/automend_pipeline_dag.py
[2026-02-23T00:29:24.157+0000] {processor.py:840} INFO - DAG(s) 'automend_data_pipeline' retrieved from /opt/airflow/dags/automend_pipeline_dag.py
[2026-02-23T00:29:24.219+0000] {logging_mixin.py:188} INFO - [2026-02-23T00:29:24.218+0000] {dag.py:3096} INFO - Sync 1 DAGs
[2026-02-23T00:29:24.278+0000] {logging_mixin.py:188} INFO - [2026-02-23T00:29:24.277+0000] {dag.py:3954} INFO - Setting next_dagrun for automend_data_pipeline to 2026-02-23 00:00:00+00:00, run_after=2026-02-24 00:00:00+00:00
[2026-02-23T00:29:24.334+0000] {processor.py:183} INFO - Processing /opt/airflow/dags/automend_pipeline_dag.py took 1.533 seconds
[2026-02-23T00:29:54.696+0000] {processor.py:161} INFO - Started process (PID=282) to work on /opt/airflow/dags/automend_pipeline_dag.py
[2026-02-23T00:29:54.700+0000] {processor.py:830} INFO - Processing file /opt/airflow/dags/automend_pipeline_dag.py for tasks to queue
[2026-02-23T00:29:54.706+0000] {logging_mixin.py:188} INFO - [2026-02-23T00:29:54.705+0000] {dagbag.py:545} INFO - Filling up the DagBag from /opt/airflow/dags/automend_pipeline_dag.py
[2026-02-23T00:29:55.920+0000] {processor.py:840} INFO - DAG(s) 'automend_data_pipeline' retrieved from /opt/airflow/dags/automend_pipeline_dag.py
[2026-02-23T00:29:55.981+0000] {logging_mixin.py:188} INFO - [2026-02-23T00:29:55.980+0000] {dag.py:3096} INFO - Sync 1 DAGs
[2026-02-23T00:29:56.024+0000] {logging_mixin.py:188} INFO - [2026-02-23T00:29:56.024+0000] {dag.py:3954} INFO - Setting next_dagrun for automend_data_pipeline to 2026-02-23 00:00:00+00:00, run_after=2026-02-24 00:00:00+00:00
[2026-02-23T00:29:56.071+0000] {processor.py:183} INFO - Processing /opt/airflow/dags/automend_pipeline_dag.py took 1.390 seconds
[2026-02-23T00:30:26.616+0000] {processor.py:161} INFO - Started process (PID=290) to work on /opt/airflow/dags/automend_pipeline_dag.py
[2026-02-23T00:30:26.619+0000] {processor.py:830} INFO - Processing file /opt/airflow/dags/automend_pipeline_dag.py for tasks to queue
[2026-02-23T00:30:26.625+0000] {logging_mixin.py:188} INFO - [2026-02-23T00:30:26.624+0000] {dagbag.py:545} INFO - Filling up the DagBag from /opt/airflow/dags/automend_pipeline_dag.py
[2026-02-23T00:30:27.925+0000] {processor.py:840} INFO - DAG(s) 'automend_data_pipeline' retrieved from /opt/airflow/dags/automend_pipeline_dag.py
[2026-02-23T00:30:27.988+0000] {logging_mixin.py:188} INFO - [2026-02-23T00:30:27.986+0000] {dag.py:3096} INFO - Sync 1 DAGs
[2026-02-23T00:30:28.033+0000] {logging_mixin.py:188} INFO - [2026-02-23T00:30:28.033+0000] {dag.py:3954} INFO - Setting next_dagrun for automend_data_pipeline to 2026-02-23 00:00:00+00:00, run_after=2026-02-24 00:00:00+00:00
[2026-02-23T00:30:28.090+0000] {processor.py:183} INFO - Processing /opt/airflow/dags/automend_pipeline_dag.py took 1.491 seconds
[2026-02-23T00:30:58.372+0000] {processor.py:161} INFO - Started process (PID=298) to work on /opt/airflow/dags/automend_pipeline_dag.py
[2026-02-23T00:30:58.375+0000] {processor.py:830} INFO - Processing file /opt/airflow/dags/automend_pipeline_dag.py for tasks to queue
[2026-02-23T00:30:58.380+0000] {logging_mixin.py:188} INFO - [2026-02-23T00:30:58.379+0000] {dagbag.py:545} INFO - Filling up the DagBag from /opt/airflow/dags/automend_pipeline_dag.py
[2026-02-23T00:30:59.586+0000] {processor.py:840} INFO - DAG(s) 'automend_data_pipeline' retrieved from /opt/airflow/dags/automend_pipeline_dag.py
[2026-02-23T00:30:59.644+0000] {logging_mixin.py:188} INFO - [2026-02-23T00:30:59.643+0000] {dag.py:3096} INFO - Sync 1 DAGs
[2026-02-23T00:30:59.689+0000] {logging_mixin.py:188} INFO - [2026-02-23T00:30:59.688+0000] {dag.py:3954} INFO - Setting next_dagrun for automend_data_pipeline to 2026-02-23 00:00:00+00:00, run_after=2026-02-24 00:00:00+00:00
[2026-02-23T00:30:59.738+0000] {processor.py:183} INFO - Processing /opt/airflow/dags/automend_pipeline_dag.py took 1.382 seconds
[2026-02-23T00:31:30.143+0000] {processor.py:161} INFO - Started process (PID=306) to work on /opt/airflow/dags/automend_pipeline_dag.py
[2026-02-23T00:31:30.146+0000] {processor.py:830} INFO - Processing file /opt/airflow/dags/automend_pipeline_dag.py for tasks to queue
[2026-02-23T00:31:30.151+0000] {logging_mixin.py:188} INFO - [2026-02-23T00:31:30.150+0000] {dagbag.py:545} INFO - Filling up the DagBag from /opt/airflow/dags/automend_pipeline_dag.py
[2026-02-23T00:31:31.412+0000] {processor.py:840} INFO - DAG(s) 'automend_data_pipeline' retrieved from /opt/airflow/dags/automend_pipeline_dag.py
[2026-02-23T00:31:31.481+0000] {logging_mixin.py:188} INFO - [2026-02-23T00:31:31.480+0000] {dag.py:3096} INFO - Sync 1 DAGs
[2026-02-23T00:31:31.522+0000] {logging_mixin.py:188} INFO - [2026-02-23T00:31:31.521+0000] {dag.py:3954} INFO - Setting next_dagrun for automend_data_pipeline to 2026-02-23 00:00:00+00:00, run_after=2026-02-24 00:00:00+00:00
[2026-02-23T00:31:31.568+0000] {processor.py:183} INFO - Processing /opt/airflow/dags/automend_pipeline_dag.py took 1.440 seconds
[2026-02-23T00:32:02.005+0000] {processor.py:161} INFO - Started process (PID=314) to work on /opt/airflow/dags/automend_pipeline_dag.py
[2026-02-23T00:32:02.008+0000] {processor.py:830} INFO - Processing file /opt/airflow/dags/automend_pipeline_dag.py for tasks to queue
[2026-02-23T00:32:02.013+0000] {logging_mixin.py:188} INFO - [2026-02-23T00:32:02.012+0000] {dagbag.py:545} INFO - Filling up the DagBag from /opt/airflow/dags/automend_pipeline_dag.py
[2026-02-23T00:32:03.228+0000] {processor.py:840} INFO - DAG(s) 'automend_data_pipeline' retrieved from /opt/airflow/dags/automend_pipeline_dag.py
[2026-02-23T00:32:03.285+0000] {logging_mixin.py:188} INFO - [2026-02-23T00:32:03.283+0000] {dag.py:3096} INFO - Sync 1 DAGs
[2026-02-23T00:32:03.324+0000] {logging_mixin.py:188} INFO - [2026-02-23T00:32:03.323+0000] {dag.py:3954} INFO - Setting next_dagrun for automend_data_pipeline to 2026-02-23 00:00:00+00:00, run_after=2026-02-24 00:00:00+00:00
[2026-02-23T00:32:03.374+0000] {processor.py:183} INFO - Processing /opt/airflow/dags/automend_pipeline_dag.py took 1.385 seconds
[2026-02-23T00:32:33.795+0000] {processor.py:161} INFO - Started process (PID=322) to work on /opt/airflow/dags/automend_pipeline_dag.py
[2026-02-23T00:32:33.799+0000] {processor.py:830} INFO - Processing file /opt/airflow/dags/automend_pipeline_dag.py for tasks to queue
[2026-02-23T00:32:33.804+0000] {logging_mixin.py:188} INFO - [2026-02-23T00:32:33.803+0000] {dagbag.py:545} INFO - Filling up the DagBag from /opt/airflow/dags/automend_pipeline_dag.py
[2026-02-23T00:32:35.022+0000] {processor.py:840} INFO - DAG(s) 'automend_data_pipeline' retrieved from /opt/airflow/dags/automend_pipeline_dag.py
[2026-02-23T00:32:35.091+0000] {logging_mixin.py:188} INFO - [2026-02-23T00:32:35.089+0000] {dag.py:3096} INFO - Sync 1 DAGs
[2026-02-23T00:32:35.146+0000] {logging_mixin.py:188} INFO - [2026-02-23T00:32:35.146+0000] {dag.py:3954} INFO - Setting next_dagrun for automend_data_pipeline to 2026-02-23 00:00:00+00:00, run_after=2026-02-24 00:00:00+00:00
[2026-02-23T00:32:35.206+0000] {processor.py:183} INFO - Processing /opt/airflow/dags/automend_pipeline_dag.py took 1.430 seconds
