[2026-02-23T00:17:17.765+0000] {local_task_job_runner.py:120} INFO - ::group::Pre task execution logs
[2026-02-23T00:17:18.090+0000] {taskinstance.py:2076} INFO - Dependencies all met for dep_context=non-requeueable deps ti=<TaskInstance: automend_data_pipeline.acquire_data scheduled__2026-02-22T00:00:00+00:00 [queued]>
[2026-02-23T00:17:18.111+0000] {taskinstance.py:2076} INFO - Dependencies all met for dep_context=requeueable deps ti=<TaskInstance: automend_data_pipeline.acquire_data scheduled__2026-02-22T00:00:00+00:00 [queued]>
[2026-02-23T00:17:18.118+0000] {taskinstance.py:2306} INFO - Starting attempt 1 of 3
[2026-02-23T00:17:18.156+0000] {taskinstance.py:2330} INFO - Executing <Task(PythonOperator): acquire_data> on 2026-02-22 00:00:00+00:00
[2026-02-23T00:17:18.179+0000] {warnings.py:112} WARNING - /home/***/.local/lib/python3.12/site-packages/***/task/task_runner/standard_task_runner.py:61: DeprecationWarning: This process (pid=102) is multi-threaded, use of fork() may lead to deadlocks in the child.
  pid = os.fork()

[2026-02-23T00:17:18.187+0000] {standard_task_runner.py:63} INFO - Started process 108 to run task
[2026-02-23T00:17:18.188+0000] {standard_task_runner.py:90} INFO - Running: ['***', 'tasks', 'run', 'automend_data_pipeline', 'acquire_data', 'scheduled__2026-02-22T00:00:00+00:00', '--job-id', '16', '--raw', '--subdir', 'DAGS_FOLDER/automend_pipeline_dag.py', '--cfg-path', '/tmp/tmppkeug1fi']
[2026-02-23T00:17:18.197+0000] {standard_task_runner.py:91} INFO - Job 16: Subtask acquire_data
[2026-02-23T00:17:18.378+0000] {task_command.py:426} INFO - Running <TaskInstance: automend_data_pipeline.acquire_data scheduled__2026-02-22T00:00:00+00:00 [running]> on host ded77bdd039b
[2026-02-23T00:17:18.556+0000] {taskinstance.py:2648} INFO - Exporting env vars: AIRFLOW_CTX_DAG_OWNER='mlops-team' AIRFLOW_CTX_DAG_ID='automend_data_pipeline' AIRFLOW_CTX_TASK_ID='acquire_data' AIRFLOW_CTX_EXECUTION_DATE='2026-02-22T00:00:00+00:00' AIRFLOW_CTX_TRY_NUMBER='1' AIRFLOW_CTX_DAG_RUN_ID='scheduled__2026-02-22T00:00:00+00:00'
[2026-02-23T00:17:18.560+0000] {taskinstance.py:430} INFO - ::endgroup::
[2026-02-23T00:17:18.589+0000] {data_acquisition.py:297} INFO - ============================================================
[2026-02-23T00:17:18.590+0000] {data_acquisition.py:298} INFO - STARTING DATA ACQUISITION
[2026-02-23T00:17:18.591+0000] {data_acquisition.py:299} INFO - Mode: CSV
[2026-02-23T00:17:18.592+0000] {data_acquisition.py:300} INFO - ============================================================
[2026-02-23T00:17:18.594+0000] {data_acquisition.py:157} INFO - Loading questions from CSV: /opt/***/data/external/Stack_Qns_pl.csv
[2026-02-23T00:17:28.561+0000] {data_acquisition.py:188} INFO - Loaded 19624 questions from CSV
[2026-02-23T00:17:28.562+0000] {data_acquisition.py:194} INFO - Loading answers from CSV: /opt/***/data/external/Stack_Ans_pl.csv
[2026-02-23T00:17:35.688+0000] {data_acquisition.py:217} INFO - Loaded 18838 answers from CSV
[2026-02-23T00:21:50.628+0000] {local_task_job_runner.py:120} INFO - ::group::Pre task execution logs
[2026-02-23T00:21:50.959+0000] {taskinstance.py:2076} INFO - Dependencies all met for dep_context=non-requeueable deps ti=<TaskInstance: automend_data_pipeline.acquire_data scheduled__2026-02-22T00:00:00+00:00 [queued]>
[2026-02-23T00:21:50.977+0000] {taskinstance.py:2076} INFO - Dependencies all met for dep_context=requeueable deps ti=<TaskInstance: automend_data_pipeline.acquire_data scheduled__2026-02-22T00:00:00+00:00 [queued]>
[2026-02-23T00:21:50.978+0000] {taskinstance.py:2306} INFO - Starting attempt 1 of 3
[2026-02-23T00:21:51.005+0000] {taskinstance.py:2330} INFO - Executing <Task(PythonOperator): acquire_data> on 2026-02-22 00:00:00+00:00
[2026-02-23T00:21:51.017+0000] {warnings.py:112} WARNING - /home/***/.local/lib/python3.12/site-packages/***/task/task_runner/standard_task_runner.py:61: DeprecationWarning: This process (pid=122) is multi-threaded, use of fork() may lead to deadlocks in the child.
  pid = os.fork()

[2026-02-23T00:21:51.023+0000] {standard_task_runner.py:63} INFO - Started process 126 to run task
[2026-02-23T00:21:51.023+0000] {standard_task_runner.py:90} INFO - Running: ['***', 'tasks', 'run', 'automend_data_pipeline', 'acquire_data', 'scheduled__2026-02-22T00:00:00+00:00', '--job-id', '5', '--raw', '--subdir', 'DAGS_FOLDER/automend_pipeline_dag.py', '--cfg-path', '/tmp/tmpglf5_1q6']
[2026-02-23T00:21:51.029+0000] {standard_task_runner.py:91} INFO - Job 5: Subtask acquire_data
[2026-02-23T00:21:51.172+0000] {task_command.py:426} INFO - Running <TaskInstance: automend_data_pipeline.acquire_data scheduled__2026-02-22T00:00:00+00:00 [running]> on host eebbfbfd60c7
[2026-02-23T00:21:51.365+0000] {taskinstance.py:2648} INFO - Exporting env vars: AIRFLOW_CTX_DAG_OWNER='mlops-team' AIRFLOW_CTX_DAG_ID='automend_data_pipeline' AIRFLOW_CTX_TASK_ID='acquire_data' AIRFLOW_CTX_EXECUTION_DATE='2026-02-22T00:00:00+00:00' AIRFLOW_CTX_TRY_NUMBER='1' AIRFLOW_CTX_DAG_RUN_ID='scheduled__2026-02-22T00:00:00+00:00'
[2026-02-23T00:21:51.368+0000] {taskinstance.py:430} INFO - ::endgroup::
[2026-02-23T00:21:51.400+0000] {data_acquisition.py:297} INFO - ============================================================
[2026-02-23T00:21:51.401+0000] {data_acquisition.py:298} INFO - STARTING DATA ACQUISITION
[2026-02-23T00:21:51.402+0000] {data_acquisition.py:299} INFO - Mode: CSV
[2026-02-23T00:21:51.403+0000] {data_acquisition.py:300} INFO - ============================================================
[2026-02-23T00:21:51.404+0000] {data_acquisition.py:157} INFO - Loading questions from CSV: /opt/***/data/external/Stack_Qns_pl.csv
[2026-02-23T00:21:58.904+0000] {data_acquisition.py:188} INFO - Loaded 19624 questions from CSV
[2026-02-23T00:21:58.906+0000] {data_acquisition.py:194} INFO - Loading answers from CSV: /opt/***/data/external/Stack_Ans_pl.csv
[2026-02-23T00:22:04.220+0000] {data_acquisition.py:217} INFO - Loaded 18838 answers from CSV
[2026-02-23T00:22:08.812+0000] {data_acquisition.py:375} INFO - Successfully saved 18838 Q&A pairs to /opt/***/data/raw/qa_pairs_raw.json
[2026-02-23T00:22:08.842+0000] {data_acquisition.py:392} INFO - Acquisition completed in 17.4s
[2026-02-23T00:22:08.905+0000] {python.py:237} INFO - Done. Returned value was: {'source': 'csv', 'start_time': '2026-02-23T00:21:51.404536', 'questions_loaded': 19624, 'answers_matched': 18838, 'output_file': '/opt/***/data/raw/qa_pairs_raw.json', 'total_pairs': 18838, 'status': 'success', 'end_time': '2026-02-23T00:22:08.813846', 'duration_seconds': 17.409332}
[2026-02-23T00:22:08.909+0000] {taskinstance.py:441} INFO - ::group::Post task execution logs
[2026-02-23T00:22:08.947+0000] {taskinstance.py:1206} INFO - Marking task as SUCCESS. dag_id=automend_data_pipeline, task_id=acquire_data, run_id=scheduled__2026-02-22T00:00:00+00:00, execution_date=20260222T000000, start_date=20260223T002150, end_date=20260223T002208
[2026-02-23T00:22:09.025+0000] {local_task_job_runner.py:240} INFO - Task exited with return code 0
[2026-02-23T00:22:09.078+0000] {taskinstance.py:3503} INFO - 1 downstream tasks scheduled from follow-on schedule check
[2026-02-23T00:22:09.088+0000] {local_task_job_runner.py:222} INFO - ::endgroup::
