[2026-02-22T21:49:36.534+0000] {local_task_job_runner.py:120} INFO - ::group::Pre task execution logs
[2026-02-22T21:49:36.582+0000] {taskinstance.py:2076} INFO - Dependencies all met for dep_context=non-requeueable deps ti=<TaskInstance: automend_data_pipeline.start_pipeline manual__2026-02-22T21:49:30.853010+00:00 [queued]>
[2026-02-22T21:49:36.600+0000] {taskinstance.py:2076} INFO - Dependencies all met for dep_context=requeueable deps ti=<TaskInstance: automend_data_pipeline.start_pipeline manual__2026-02-22T21:49:30.853010+00:00 [queued]>
[2026-02-22T21:49:36.606+0000] {taskinstance.py:2306} INFO - Starting attempt 1 of 3
[2026-02-22T21:49:36.632+0000] {taskinstance.py:2330} INFO - Executing <Task(PythonOperator): start_pipeline> on 2026-02-22 21:49:30.853010+00:00
[2026-02-22T21:49:36.646+0000] {warnings.py:112} WARNING - /home/***/.local/lib/python3.12/site-packages/***/task/task_runner/standard_task_runner.py:61: DeprecationWarning: This process (pid=110) is multi-threaded, use of fork() may lead to deadlocks in the child.
  pid = os.fork()

[2026-02-22T21:49:36.650+0000] {standard_task_runner.py:63} INFO - Started process 112 to run task
[2026-02-22T21:49:36.651+0000] {standard_task_runner.py:90} INFO - Running: ['***', 'tasks', 'run', 'automend_data_pipeline', 'start_pipeline', 'manual__2026-02-22T21:49:30.853010+00:00', '--job-id', '18', '--raw', '--subdir', 'DAGS_FOLDER/automend_pipeline_dag.py', '--cfg-path', '/tmp/tmp58lk89fk']
[2026-02-22T21:49:36.658+0000] {standard_task_runner.py:91} INFO - Job 18: Subtask start_pipeline
[2026-02-22T21:49:36.796+0000] {task_command.py:426} INFO - Running <TaskInstance: automend_data_pipeline.start_pipeline manual__2026-02-22T21:49:30.853010+00:00 [running]> on host a4b1983ac6e1
[2026-02-22T21:49:37.361+0000] {taskinstance.py:2648} INFO - Exporting env vars: AIRFLOW_CTX_DAG_OWNER='mlops-team' AIRFLOW_CTX_DAG_ID='automend_data_pipeline' AIRFLOW_CTX_TASK_ID='start_pipeline' AIRFLOW_CTX_EXECUTION_DATE='2026-02-22T21:49:30.853010+00:00' AIRFLOW_CTX_TRY_NUMBER='1' AIRFLOW_CTX_DAG_RUN_ID='manual__2026-02-22T21:49:30.853010+00:00'
[2026-02-22T21:49:37.363+0000] {taskinstance.py:430} INFO - ::endgroup::
[2026-02-22T21:49:37.426+0000] {alerts.py:279} INFO - ALERT [pipeline_start]: Pipeline Started - DAG 'automend_data_pipeline' has started execution.
[2026-02-22T21:49:37.443+0000] {python.py:237} INFO - Done. Returned value was: {'start_time': '2026-02-22T21:49:37.443749', 'dag_id': 'automend_data_pipeline', 'run_id': 'manual__2026-02-22T21:49:30.853010+00:00'}
[2026-02-22T21:49:37.445+0000] {taskinstance.py:441} INFO - ::group::Post task execution logs
[2026-02-22T21:49:37.496+0000] {taskinstance.py:1206} INFO - Marking task as SUCCESS. dag_id=automend_data_pipeline, task_id=start_pipeline, run_id=manual__2026-02-22T21:49:30.853010+00:00, execution_date=20260222T214930, start_date=20260222T214936, end_date=20260222T214937
[2026-02-22T21:49:37.553+0000] {local_task_job_runner.py:240} INFO - Task exited with return code 0
[2026-02-22T21:49:37.882+0000] {taskinstance.py:3503} INFO - 1 downstream tasks scheduled from follow-on schedule check
[2026-02-22T21:49:37.887+0000] {local_task_job_runner.py:222} INFO - ::endgroup::
