[2026-02-22T22:03:43.390+0000] {local_task_job_runner.py:120} INFO - ::group::Pre task execution logs
[2026-02-22T22:03:43.792+0000] {taskinstance.py:2076} INFO - Dependencies all met for dep_context=non-requeueable deps ti=<TaskInstance: automend_data_pipeline.acquire_data manual__2026-02-22T22:03:34.331355+00:00 [queued]>
[2026-02-22T22:03:43.812+0000] {taskinstance.py:2076} INFO - Dependencies all met for dep_context=requeueable deps ti=<TaskInstance: automend_data_pipeline.acquire_data manual__2026-02-22T22:03:34.331355+00:00 [queued]>
[2026-02-22T22:03:43.818+0000] {taskinstance.py:2306} INFO - Starting attempt 1 of 3
[2026-02-22T22:03:43.855+0000] {taskinstance.py:2330} INFO - Executing <Task(PythonOperator): acquire_data> on 2026-02-22 22:03:34.331355+00:00
[2026-02-22T22:03:43.870+0000] {warnings.py:112} WARNING - /home/***/.local/lib/python3.12/site-packages/***/task/task_runner/standard_task_runner.py:61: DeprecationWarning: This process (pid=131) is multi-threaded, use of fork() may lead to deadlocks in the child.
  pid = os.fork()

[2026-02-22T22:03:43.876+0000] {standard_task_runner.py:63} INFO - Started process 142 to run task
[2026-02-22T22:03:43.876+0000] {standard_task_runner.py:90} INFO - Running: ['***', 'tasks', 'run', 'automend_data_pipeline', 'acquire_data', 'manual__2026-02-22T22:03:34.331355+00:00', '--job-id', '6', '--raw', '--subdir', 'DAGS_FOLDER/automend_pipeline_dag.py', '--cfg-path', '/tmp/tmpau14x5kp']
[2026-02-22T22:03:43.884+0000] {standard_task_runner.py:91} INFO - Job 6: Subtask acquire_data
[2026-02-22T22:03:44.029+0000] {task_command.py:426} INFO - Running <TaskInstance: automend_data_pipeline.acquire_data manual__2026-02-22T22:03:34.331355+00:00 [running]> on host 285ed450eadc
[2026-02-22T22:03:44.252+0000] {taskinstance.py:2648} INFO - Exporting env vars: AIRFLOW_CTX_DAG_OWNER='mlops-team' AIRFLOW_CTX_DAG_ID='automend_data_pipeline' AIRFLOW_CTX_TASK_ID='acquire_data' AIRFLOW_CTX_EXECUTION_DATE='2026-02-22T22:03:34.331355+00:00' AIRFLOW_CTX_TRY_NUMBER='1' AIRFLOW_CTX_DAG_RUN_ID='manual__2026-02-22T22:03:34.331355+00:00'
[2026-02-22T22:03:44.255+0000] {taskinstance.py:430} INFO - ::endgroup::
[2026-02-22T22:03:44.289+0000] {data_acquisition.py:297} INFO - ============================================================
[2026-02-22T22:03:44.290+0000] {data_acquisition.py:298} INFO - STARTING DATA ACQUISITION
[2026-02-22T22:03:44.291+0000] {data_acquisition.py:299} INFO - Mode: CSV
[2026-02-22T22:03:44.292+0000] {data_acquisition.py:300} INFO - ============================================================
[2026-02-22T22:03:44.293+0000] {data_acquisition.py:157} INFO - Loading questions from CSV: /opt/***/data/external/Stack_Qns_pl.csv
[2026-02-22T22:03:53.178+0000] {data_acquisition.py:188} INFO - Loaded 19624 questions from CSV
[2026-02-22T22:03:53.180+0000] {data_acquisition.py:194} INFO - Loading answers from CSV: /opt/***/data/external/Stack_Ans_pl.csv
[2026-02-22T22:03:58.702+0000] {data_acquisition.py:217} INFO - Loaded 18838 answers from CSV
[2026-02-22T22:04:03.730+0000] {data_acquisition.py:375} INFO - Successfully saved 18838 Q&A pairs to /opt/***/data/raw/qa_pairs_raw.json
[2026-02-22T22:04:03.742+0000] {data_acquisition.py:392} INFO - Acquisition completed in 19.4s
[2026-02-22T22:04:03.810+0000] {python.py:237} INFO - Done. Returned value was: {'source': 'csv', 'start_time': '2026-02-22T22:03:44.293509', 'questions_loaded': 19624, 'answers_matched': 18838, 'output_file': '/opt/***/data/raw/qa_pairs_raw.json', 'total_pairs': 18838, 'status': 'success', 'end_time': '2026-02-22T22:04:03.731615', 'duration_seconds': 19.438134}
[2026-02-22T22:04:03.811+0000] {taskinstance.py:441} INFO - ::group::Post task execution logs
[2026-02-22T22:04:03.858+0000] {taskinstance.py:1206} INFO - Marking task as SUCCESS. dag_id=automend_data_pipeline, task_id=acquire_data, run_id=manual__2026-02-22T22:03:34.331355+00:00, execution_date=20260222T220334, start_date=20260222T220343, end_date=20260222T220403
[2026-02-22T22:04:03.942+0000] {local_task_job_runner.py:240} INFO - Task exited with return code 0
[2026-02-22T22:04:03.960+0000] {local_task_job_runner.py:222} INFO - ::endgroup::
