2026-02-22 16:03:44,183 - __main__ - INFO - ============================================================
2026-02-22 16:03:44,183 - __main__ - INFO - STARTING BIAS DETECTION
2026-02-22 16:03:44,184 - __main__ - INFO - ============================================================
2026-02-22 16:03:44,897 - __main__ - INFO - Loaded 18780 records for bias analysis
2026-02-22 16:04:17,758 - __main__ - INFO - Created 240 slices for analysis
2026-02-22 16:04:17,779 - __main__ - WARNING - Bias detected in slice 'definition': severity=low
2026-02-22 16:04:17,786 - __main__ - WARNING - Bias detected in slice 'error_resolution': severity=low
2026-02-22 16:04:17,794 - __main__ - WARNING - Bias detected in slice 'troubleshooting': severity=high
2026-02-22 16:04:17,799 - __main__ - WARNING - Bias detected in slice 'best_practice': severity=high
2026-02-22 16:04:17,828 - __main__ - WARNING - Bias detected in slice 'complex': severity=high
2026-02-22 16:04:17,832 - __main__ - WARNING - Bias detected in slice 'simple': severity=high
2026-02-22 16:04:17,836 - __main__ - WARNING - Bias detected in slice 'tag_nginx-ingress': severity=high
2026-02-22 16:04:17,840 - __main__ - WARNING - Bias detected in slice 'tag_docker-network': severity=high
2026-02-22 16:04:17,844 - __main__ - WARNING - Bias detected in slice 'tag_configmap': severity=low
2026-02-22 16:04:17,848 - __main__ - WARNING - Bias detected in slice 'tag_keras-layer': severity=medium
2026-02-22 16:04:17,852 - __main__ - WARNING - Bias detected in slice 'tag_database': severity=high
2026-02-22 16:04:17,857 - __main__ - WARNING - Bias detected in slice 'tag_python-3.x': severity=high
2026-02-22 16:04:17,861 - __main__ - WARNING - Bias detected in slice 'tag_kubernetes-secrets': severity=low
2026-02-22 16:04:17,865 - __main__ - WARNING - Bias detected in slice 'tag_port': severity=high
2026-02-22 16:04:17,868 - __main__ - WARNING - Bias detected in slice 'tag_laravel': severity=high
2026-02-22 16:04:17,872 - __main__ - WARNING - Bias detected in slice 'tag_autoscaling': severity=high
2026-02-22 16:04:17,876 - __main__ - WARNING - Bias detected in slice 'tag_virtualbox': severity=low
2026-02-22 16:04:17,880 - __main__ - WARNING - Bias detected in slice 'tag_amazon-elastic-beanstalk': severity=high
2026-02-22 16:04:17,885 - __main__ - WARNING - Bias detected in slice 'tag_docker-compose': severity=medium
2026-02-22 16:04:17,890 - __main__ - WARNING - Bias detected in slice 'tag_tensorflow-serving': severity=high
2026-02-22 16:04:17,894 - __main__ - WARNING - Bias detected in slice 'tag_centos': severity=medium
2026-02-22 16:04:17,896 - __main__ - WARNING - Bias detected in slice 'tag_azure-devops': severity=high
2026-02-22 16:04:17,900 - __main__ - WARNING - Bias detected in slice 'tag_docker-volume': severity=high
2026-02-22 16:04:17,904 - __main__ - WARNING - Bias detected in slice 'tag_jenkins-pipeline': severity=high
2026-02-22 16:04:17,907 - __main__ - WARNING - Bias detected in slice 'tag_docker-machine': severity=high
2026-02-22 16:04:17,912 - __main__ - WARNING - Bias detected in slice 'tag_nlp': severity=high
2026-02-22 16:04:17,917 - __main__ - WARNING - Bias detected in slice 'tag_yaml': severity=high
2026-02-22 16:04:17,920 - __main__ - WARNING - Bias detected in slice 'tag_aws-cli': severity=high
2026-02-22 16:04:17,924 - __main__ - WARNING - Bias detected in slice 'tag_cron': severity=medium
2026-02-22 16:04:17,927 - __main__ - WARNING - Bias detected in slice 'tag_cuda': severity=high
2026-02-22 16:04:17,931 - __main__ - WARNING - Bias detected in slice 'tag_aws-api-gateway': severity=medium
2026-02-22 16:04:17,937 - __main__ - WARNING - Bias detected in slice 'tag_tensorflow': severity=high
2026-02-22 16:04:17,941 - __main__ - WARNING - Bias detected in slice 'tag_dns': severity=medium
2026-02-22 16:04:17,946 - __main__ - WARNING - Bias detected in slice 'tag_spring-boot': severity=high
2026-02-22 16:04:17,949 - __main__ - WARNING - Bias detected in slice 'tag_c': severity=high
2026-02-22 16:04:17,953 - __main__ - WARNING - Bias detected in slice 'tag_github': severity=high
2026-02-22 16:04:17,957 - __main__ - WARNING - Bias detected in slice 'tag_celery': severity=high
2026-02-22 16:04:17,961 - __main__ - WARNING - Bias detected in slice 'tag_npm': severity=medium
2026-02-22 16:04:17,965 - __main__ - WARNING - Bias detected in slice 'tag_vagrant': severity=high
2026-02-22 16:04:17,969 - __main__ - WARNING - Bias detected in slice 'tag_docker-build': severity=high
2026-02-22 16:04:17,973 - __main__ - WARNING - Bias detected in slice 'tag_google-cloud-platform': severity=high
2026-02-22 16:04:17,977 - __main__ - WARNING - Bias detected in slice 'tag_permissions': severity=low
2026-02-22 16:04:17,982 - __main__ - WARNING - Bias detected in slice 'tag_angular': severity=high
2026-02-22 16:04:17,986 - __main__ - WARNING - Bias detected in slice 'tag_numpy': severity=medium
2026-02-22 16:04:17,990 - __main__ - WARNING - Bias detected in slice 'tag_visual-studio-code': severity=high
2026-02-22 16:04:17,994 - __main__ - WARNING - Bias detected in slice 'tag_conv-neural-network': severity=high
2026-02-22 16:04:17,998 - __main__ - WARNING - Bias detected in slice 'tag_object-detection': severity=high
2026-02-22 16:04:18,002 - __main__ - WARNING - Bias detected in slice 'tag_kubernetes-helm': severity=low
2026-02-22 16:04:18,006 - __main__ - WARNING - Bias detected in slice 'tag_continuous-integration': severity=high
2026-02-22 16:04:18,009 - __main__ - WARNING - Bias detected in slice 'tag_maven': severity=high
2026-02-22 16:04:18,015 - __main__ - WARNING - Bias detected in slice 'tag_machine-learning': severity=high
2026-02-22 16:04:18,018 - __main__ - WARNING - Bias detected in slice 'tag_ansible': severity=high
2026-02-22 16:04:18,022 - __main__ - WARNING - Bias detected in slice 'tag_azure': severity=high
2026-02-22 16:04:18,026 - __main__ - WARNING - Bias detected in slice 'tag_django': severity=high
2026-02-22 16:04:18,030 - __main__ - WARNING - Bias detected in slice 'tag_serverless': severity=high
2026-02-22 16:04:18,036 - __main__ - WARNING - Bias detected in slice 'tag_alpine-linux': severity=medium
2026-02-22 16:04:18,039 - __main__ - WARNING - Bias detected in slice 'tag_amazon-eks': severity=high
2026-02-22 16:04:18,043 - __main__ - WARNING - Bias detected in slice 'tag_python-2.7': severity=medium
2026-02-22 16:04:18,046 - __main__ - WARNING - Bias detected in slice 'tag_performance': severity=high
2026-02-22 16:04:18,051 - __main__ - WARNING - Bias detected in slice 'tag_reactjs': severity=high
2026-02-22 16:04:18,054 - __main__ - WARNING - Bias detected in slice 'tag_amazon-sns': severity=high
2026-02-22 16:04:18,058 - __main__ - WARNING - Bias detected in slice 'tag_apache': severity=medium
2026-02-22 16:04:18,061 - __main__ - WARNING - Bias detected in slice 'tag_memory': severity=high
2026-02-22 16:04:18,065 - __main__ - WARNING - Bias detected in slice 'tag_c++': severity=high
2026-02-22 16:04:18,069 - __main__ - WARNING - Bias detected in slice 'tag_coreos': severity=low
2026-02-22 16:04:18,073 - __main__ - WARNING - Bias detected in slice 'tag_tensorflow-lite': severity=high
2026-02-22 16:04:18,077 - __main__ - WARNING - Bias detected in slice 'tag_redis': severity=medium
2026-02-22 16:04:18,082 - __main__ - WARNING - Bias detected in slice 'tag_containers': severity=low
2026-02-22 16:04:18,086 - __main__ - WARNING - Bias detected in slice 'tag_apache-kafka': severity=high
2026-02-22 16:04:18,090 - __main__ - WARNING - Bias detected in slice 'tag_lstm': severity=high
2026-02-22 16:04:18,093 - __main__ - WARNING - Bias detected in slice 'tag_selenium': severity=high
2026-02-22 16:04:18,097 - __main__ - WARNING - Bias detected in slice 'tag_git': severity=low
2026-02-22 16:04:18,101 - __main__ - WARNING - Bias detected in slice 'tag_gpgpu': severity=high
2026-02-22 16:04:18,104 - __main__ - WARNING - Bias detected in slice 'tag_conda': severity=medium
2026-02-22 16:04:18,109 - __main__ - WARNING - Bias detected in slice 'tag_opengl': severity=high
2026-02-22 16:04:18,113 - __main__ - WARNING - Bias detected in slice 'tag_gitlab-ci-runner': severity=high
2026-02-22 16:04:18,116 - __main__ - WARNING - Bias detected in slice 'tag_virtual-machine': severity=high
2026-02-22 16:04:18,120 - __main__ - WARNING - Bias detected in slice 'tag_serverless-framework': severity=high
2026-02-22 16:04:18,124 - __main__ - WARNING - Bias detected in slice 'tag_shell': severity=high
2026-02-22 16:04:18,128 - __main__ - WARNING - Bias detected in slice 'tag_istio': severity=high
2026-02-22 16:04:18,132 - __main__ - WARNING - Bias detected in slice 'tag_aws-sdk': severity=medium
2026-02-22 16:04:18,135 - __main__ - WARNING - Bias detected in slice 'tag_amazon-cognito': severity=high
2026-02-22 16:04:18,140 - __main__ - WARNING - Bias detected in slice 'tag_build': severity=high
2026-02-22 16:04:18,143 - __main__ - WARNING - Bias detected in slice 'tag_pip': severity=low
2026-02-22 16:04:18,147 - __main__ - WARNING - Bias detected in slice 'tag_caching': severity=high
2026-02-22 16:04:18,151 - __main__ - WARNING - Bias detected in slice 'tag_microservices': severity=high
2026-02-22 16:04:18,155 - __main__ - WARNING - Bias detected in slice 'tag_android': severity=high
2026-02-22 16:04:18,159 - __main__ - WARNING - Bias detected in slice 'tag_go': severity=high
2026-02-22 16:04:18,163 - __main__ - WARNING - Bias detected in slice 'tag_tomcat': severity=high
2026-02-22 16:04:18,167 - __main__ - WARNING - Bias detected in slice 'tag_terraform-provider-aws': severity=high
2026-02-22 16:04:18,171 - __main__ - WARNING - Bias detected in slice 'tag_macos': severity=low
2026-02-22 16:04:18,175 - __main__ - WARNING - Bias detected in slice 'tag_neural-network': severity=high
2026-02-22 16:04:18,179 - __main__ - WARNING - Bias detected in slice 'tag_ruby-on-rails': severity=high
2026-02-22 16:04:18,184 - __main__ - WARNING - Bias detected in slice 'tag_dockerfile': severity=high
2026-02-22 16:04:18,188 - __main__ - WARNING - Bias detected in slice 'tag_ruby': severity=high
2026-02-22 16:04:18,191 - __main__ - WARNING - Bias detected in slice 'tag_prometheus': severity=high
2026-02-22 16:04:18,197 - __main__ - WARNING - Bias detected in slice 'tag_terraform': severity=high
2026-02-22 16:04:18,201 - __main__ - WARNING - Bias detected in slice 'tag_wordpress': severity=high
2026-02-22 16:04:18,205 - __main__ - WARNING - Bias detected in slice 'tag_php': severity=medium
2026-02-22 16:04:18,209 - __main__ - WARNING - Bias detected in slice 'tag_google-colaboratory': severity=high
2026-02-22 16:04:18,213 - __main__ - WARNING - Bias detected in slice 'tag_spring': severity=high
2026-02-22 16:04:18,216 - __main__ - WARNING - Bias detected in slice 'tag_persistent-volumes': severity=low
2026-02-22 16:04:18,222 - __main__ - WARNING - Bias detected in slice 'tag_amazon-iam': severity=medium
2026-02-22 16:04:18,225 - __main__ - WARNING - Bias detected in slice 'tag_docker-container': severity=high
2026-02-22 16:04:18,232 - __main__ - WARNING - Bias detected in slice 'tag_nvidia': severity=low
2026-02-22 16:04:18,237 - __main__ - WARNING - Bias detected in slice 'tag_gpu': severity=high
2026-02-22 16:04:18,240 - __main__ - WARNING - Bias detected in slice 'tag_aws-step-functions': severity=high
2026-02-22 16:04:18,244 - __main__ - WARNING - Bias detected in slice 'tag_debian': severity=high
2026-02-22 16:04:18,249 - __main__ - WARNING - Bias detected in slice 'tag_deployment': severity=medium
2026-02-22 16:04:18,253 - __main__ - WARNING - Bias detected in slice 'tag_boot2docker': severity=medium
2026-02-22 16:04:18,257 - __main__ - WARNING - Bias detected in slice 'tag_load-balancing': severity=medium
2026-02-22 16:04:18,261 - __main__ - WARNING - Bias detected in slice 'tag_curl': severity=high
2026-02-22 16:04:18,265 - __main__ - WARNING - Bias detected in slice 'tag_jenkins': severity=low
2026-02-22 16:04:18,269 - __main__ - WARNING - Bias detected in slice 'tag_tensor': severity=high
2026-02-22 16:04:18,274 - __main__ - WARNING - Bias detected in slice 'tag_flask': severity=high
2026-02-22 16:04:18,277 - __main__ - WARNING - Bias detected in slice 'tag_opencv': severity=high
2026-02-22 16:04:18,282 - __main__ - WARNING - Bias detected in slice 'tag_tensorflow-datasets': severity=high
2026-02-22 16:04:18,286 - __main__ - WARNING - Bias detected in slice 'tag_image': severity=low
2026-02-22 16:04:18,290 - __main__ - WARNING - Bias detected in slice 'tag_dockerhub': severity=low
2026-02-22 16:04:18,295 - __main__ - WARNING - Bias detected in slice 'tag_deep-learning': severity=high
2026-02-22 16:04:18,299 - __main__ - WARNING - Bias detected in slice 'tag_windows-subsystem-for-linux': severity=low
2026-02-22 16:04:18,303 - __main__ - WARNING - Bias detected in slice 'tag_windows': severity=medium
2026-02-22 16:04:18,306 - __main__ - WARNING - Bias detected in slice 'tag_.net-core': severity=high
2026-02-22 16:04:18,312 - __main__ - WARNING - Bias detected in slice 'tag_amazon-web-services': severity=high
2026-02-22 16:04:18,316 - __main__ - WARNING - Bias detected in slice 'tag_huggingface-transformers': severity=high
2026-02-22 16:04:18,320 - __main__ - WARNING - Bias detected in slice 'tag_devops': severity=low
2026-02-22 16:04:18,324 - __main__ - WARNING - Bias detected in slice 'tag_openshift': severity=medium
2026-02-22 16:04:18,330 - __main__ - WARNING - Bias detected in slice 'tag_ubuntu': severity=high
2026-02-22 16:04:18,334 - __main__ - WARNING - Bias detected in slice 'tag_tensorflow2.0': severity=high
2026-02-22 16:04:18,338 - __main__ - WARNING - Bias detected in slice 'tag_computer-vision': severity=high
2026-02-22 16:04:18,342 - __main__ - WARNING - Bias detected in slice 'tag_apache-spark': severity=high
2026-02-22 16:04:18,346 - __main__ - WARNING - Bias detected in slice 'tag_grafana': severity=high
2026-02-22 16:04:18,350 - __main__ - WARNING - Bias detected in slice 'tag_kubernetes-ingress': severity=high
2026-02-22 16:04:18,355 - __main__ - WARNING - Bias detected in slice 'tag_kubernetes-pod': severity=medium
2026-02-22 16:04:18,358 - __main__ - WARNING - Bias detected in slice 'tag_environment-variables': severity=high
2026-02-22 16:04:18,363 - __main__ - WARNING - Bias detected in slice 'tag_amazon-s3': severity=high
2026-02-22 16:04:18,367 - __main__ - WARNING - Bias detected in slice 'tag_amazon-dynamodb': severity=high
2026-02-22 16:04:18,371 - __main__ - WARNING - Bias detected in slice 'tag_torch': severity=high
2026-02-22 16:04:18,375 - __main__ - WARNING - Bias detected in slice 'tag_gitlab': severity=high
2026-02-22 16:04:18,379 - __main__ - WARNING - Bias detected in slice 'tag_kubeadm': severity=medium
2026-02-22 16:04:18,383 - __main__ - WARNING - Bias detected in slice 'tag_docker-for-windows': severity=medium
2026-02-22 16:04:18,386 - __main__ - WARNING - Bias detected in slice 'tag_promql': severity=high
2026-02-22 16:04:18,390 - __main__ - WARNING - Bias detected in slice 'tag_google-compute-engine': severity=high
2026-02-22 16:04:18,394 - __main__ - WARNING - Bias detected in slice 'tag_aws-cloudformation': severity=high
2026-02-22 16:04:18,398 - __main__ - WARNING - Bias detected in slice 'tag_scikit-learn': severity=high
2026-02-22 16:04:18,402 - __main__ - WARNING - Bias detected in slice 'tag_tf.keras': severity=high
2026-02-22 16:04:18,406 - __main__ - WARNING - Bias detected in slice 'tag_aws-lambda': severity=high
2026-02-22 16:04:18,411 - __main__ - WARNING - Bias detected in slice 'tag_minikube': severity=low
2026-02-22 16:04:18,415 - __main__ - WARNING - Bias detected in slice 'tag_asp.net-core': severity=high
2026-02-22 16:04:18,419 - __main__ - WARNING - Bias detected in slice 'tag_elasticsearch': severity=high
2026-02-22 16:04:18,422 - __main__ - WARNING - Bias detected in slice 'tag_docker-registry': severity=high
2026-02-22 16:04:18,426 - __main__ - WARNING - Bias detected in slice 'tag_boto3': severity=high
2026-02-22 16:04:18,430 - __main__ - WARNING - Bias detected in slice 'tag_rabbitmq': severity=high
2026-02-22 16:04:18,434 - __main__ - WARNING - Bias detected in slice 'tag_parallel-processing': severity=high
2026-02-22 16:04:18,443 - __main__ - WARNING - Bias detected in slice 'tag_docker': severity=high
2026-02-22 16:04:18,450 - __main__ - WARNING - Bias detected in slice 'tag_kubernetes': severity=low
2026-02-22 16:04:18,454 - __main__ - WARNING - Bias detected in slice 'tag_c#': severity=high
2026-02-22 16:04:18,458 - __main__ - WARNING - Bias detected in slice 'tag_node.js': severity=high
2026-02-22 16:04:18,462 - __main__ - WARNING - Bias detected in slice 'tag_typescript': severity=high
2026-02-22 16:04:18,467 - __main__ - WARNING - Bias detected in slice 'tag_azure-aks': severity=high
2026-02-22 16:04:18,471 - __main__ - WARNING - Bias detected in slice 'tag_linux': severity=medium
2026-02-22 16:04:18,474 - __main__ - WARNING - Bias detected in slice 'tag_amazon-cloudwatch': severity=high
2026-02-22 16:04:18,478 - __main__ - WARNING - Bias detected in slice 'tag_docker-for-mac': severity=high
2026-02-22 16:04:18,483 - __main__ - WARNING - Bias detected in slice 'tag_recurrent-neural-network': severity=high
2026-02-22 16:04:18,487 - __main__ - WARNING - Bias detected in slice 'tag_monitoring': severity=high
2026-02-22 16:04:18,491 - __main__ - WARNING - Bias detected in slice 'tag_ssl': severity=low
2026-02-22 16:04:18,494 - __main__ - WARNING - Bias detected in slice 'tag_terraform-provider-azure': severity=high
2026-02-22 16:04:18,498 - __main__ - WARNING - Bias detected in slice 'tag_multithreading': severity=high
2026-02-22 16:04:18,502 - __main__ - WARNING - Bias detected in slice 'tag_opencl': severity=high
2026-02-22 16:04:18,506 - __main__ - WARNING - Bias detected in slice 'tag_kustomize': severity=high
2026-02-22 16:04:18,511 - __main__ - WARNING - Bias detected in slice 'tag_javascript': severity=high
2026-02-22 16:04:18,514 - __main__ - WARNING - Bias detected in slice 'tag_airflow-scheduler': severity=high
2026-02-22 16:04:18,517 - __main__ - WARNING - Bias detected in slice 'tag_security': severity=high
2026-02-22 16:04:18,521 - __main__ - WARNING - Bias detected in slice 'tag_network-programming': severity=medium
2026-02-22 16:04:18,526 - __main__ - WARNING - Bias detected in slice 'tag_logging': severity=medium
2026-02-22 16:04:18,530 - __main__ - WARNING - Bias detected in slice 'tag_anaconda': severity=low
2026-02-22 16:04:18,534 - __main__ - WARNING - Bias detected in slice 'tag_json': severity=high
2026-02-22 16:04:18,538 - __main__ - WARNING - Bias detected in slice 'tag_bash': severity=high
2026-02-22 16:04:18,542 - __main__ - WARNING - Bias detected in slice 'tag_terraform-provider-gcp': severity=high
2026-02-22 16:04:18,545 - __main__ - WARNING - Bias detected in slice 'tag_mongodb': severity=medium
2026-02-22 16:04:18,549 - __main__ - WARNING - Bias detected in slice 'tag_proxy': severity=low
2026-02-22 16:04:18,554 - __main__ - WARNING - Bias detected in slice 'tag_tensorboard': severity=medium
2026-02-22 16:04:18,558 - __main__ - WARNING - Bias detected in slice 'tag_google-kubernetes-engine': severity=medium
2026-02-22 16:04:18,562 - __main__ - WARNING - Bias detected in slice 'tag_java': severity=high
2026-02-22 16:04:18,567 - __main__ - WARNING - Bias detected in slice 'tag_sql-server': severity=high
2026-02-22 16:04:18,573 - __main__ - WARNING - Bias detected in slice 'tag_pytorch': severity=low
2026-02-22 16:04:18,576 - __main__ - WARNING - Bias detected in slice 'tag_pandas': severity=medium
2026-02-22 16:04:18,580 - __main__ - WARNING - Bias detected in slice 'tag_gcloud': severity=high
2026-02-22 16:04:18,585 - __main__ - WARNING - Bias detected in slice 'tag_pycharm': severity=high
2026-02-22 16:04:18,589 - __main__ - WARNING - Bias detected in slice 'tag_amazon-ec2': severity=high
2026-02-22 16:04:18,592 - __main__ - WARNING - Bias detected in slice 'tag_amazon-ecs': severity=high
2026-02-22 16:04:18,598 - __main__ - WARNING - Bias detected in slice 'tag_gitlab-ci': severity=high
2026-02-22 16:04:18,602 - __main__ - WARNING - Bias detected in slice 'tag_installation': severity=high
2026-02-22 16:04:18,606 - __main__ - WARNING - Bias detected in slice 'tag_amazon-ecr': severity=low
2026-02-22 16:04:18,614 - __main__ - WARNING - Bias detected in slice 'tag_python': severity=medium
2026-02-22 16:04:18,619 - __main__ - WARNING - Bias detected in slice 'tag_airflow': severity=high
2026-02-22 16:04:18,624 - __main__ - WARNING - Bias detected in slice 'tag_loss-function': severity=high
2026-02-22 16:04:18,628 - __main__ - WARNING - Bias detected in slice 'tag_image-processing': severity=high
2026-02-22 16:04:18,633 - __main__ - WARNING - Bias detected in slice 'tag_ssh': severity=high
2026-02-22 16:04:18,636 - __main__ - WARNING - Bias detected in slice 'tag_visual-studio': severity=low
2026-02-22 16:04:18,641 - __main__ - WARNING - Bias detected in slice 'tag_keras': severity=high
2026-02-22 16:04:18,645 - __main__ - WARNING - Bias detected in slice 'tag_docker-image': severity=high
2026-02-22 16:04:18,649 - __main__ - WARNING - Bias detected in slice 'tag_amazon-rds': severity=high
2026-02-22 16:04:18,653 - __main__ - WARNING - Bias detected in slice 'tag_docker-swarm': severity=medium
2026-02-22 16:04:18,656 - __main__ - WARNING - Bias detected in slice 'tag_apple-m1': severity=medium
2026-02-22 16:04:18,661 - __main__ - WARNING - Bias detected in slice 'tag_lxc': severity=high
2026-02-22 16:04:18,665 - __main__ - WARNING - Bias detected in slice 'tag_traefik': severity=high
2026-02-22 16:04:18,669 - __main__ - WARNING - Bias detected in slice 'tag_windows-10': severity=high
2026-02-22 16:04:18,673 - __main__ - WARNING - Bias detected in slice 'tag_mysql': severity=low
2026-02-22 16:04:18,678 - __main__ - WARNING - Bias detected in slice 'tag_amazon-sqs': severity=high
2026-02-22 16:04:18,681 - __main__ - WARNING - Bias detected in slice 'tag_.net': severity=high
2026-02-22 16:04:18,685 - __main__ - WARNING - Bias detected in slice 'tag_jupyter-notebook': severity=high
2026-02-22 16:04:18,690 - __main__ - WARNING - Bias detected in slice 'tag_github-actions': severity=medium
2026-02-22 16:04:18,694 - __main__ - WARNING - Bias detected in slice 'tag_nginx': severity=low
2026-02-22 16:04:18,699 - __main__ - WARNING - Bias detected in slice 'tag_kubectl': severity=medium
2026-02-22 16:04:18,703 - __main__ - WARNING - Bias detected in slice 'tag_docker-desktop': severity=high
2026-02-22 16:04:18,706 - __main__ - WARNING - Bias detected in slice 'error_OOMKilled': severity=high
2026-02-22 16:04:18,711 - __main__ - WARNING - Bias detected in slice 'error_PermissionDenied': severity=low
2026-02-22 16:04:18,716 - __main__ - WARNING - Bias detected in slice 'error_ConnectionRefused': severity=medium
2026-02-22 16:04:18,719 - __main__ - WARNING - Bias detected in slice 'error_CrashLoopBackOff': severity=high
2026-02-22 16:04:18,728 - __main__ - WARNING - Bias detected in slice 'error_NetworkError': severity=medium
2026-02-22 16:04:18,731 - __main__ - WARNING - Bias detected in slice 'error_ImagePullBackOff': severity=medium
2026-02-22 16:04:18,746 - __main__ - WARNING - Bias detected in slice 'error_Timeout': severity=high
2026-02-22 16:04:18,751 - __main__ - WARNING - Bias detected in slice 'error_GPUError': severity=high
2026-02-22 16:04:18,763 - __main__ - WARNING - Bias detected in slice 'infra_gpu': severity=medium
2026-02-22 16:04:18,768 - __main__ - WARNING - Bias detected in slice 'infra_cloud_azure': severity=high
2026-02-22 16:04:18,774 - __main__ - WARNING - Bias detected in slice 'infra_monitoring': severity=high
2026-02-22 16:04:18,782 - __main__ - WARNING - Bias detected in slice 'infra_terraform': severity=medium
2026-02-22 16:04:18,797 - __main__ - WARNING - Bias detected in slice 'infra_cicd': severity=medium
2026-02-22 16:04:18,805 - __main__ - WARNING - Bias detected in slice 'infra_cloud_aws': severity=medium
2026-02-22 16:04:18,810 - __main__ - WARNING - Bias detected in slice 'infra_cloud_gcp': severity=high
2026-02-22 16:04:18,817 - __main__ - WARNING - Bias detected in slice 'infra_database': severity=low
2026-02-22 16:04:18,832 - __main__ - WARNING - Bias detected in slice 'infra_docker': severity=low
2026-02-22 16:04:18,901 - __main__ - INFO - Bias report saved to C:\Northeastern\MSCS\MLOps\Automend_Stackoverflow_pipeline\reports\bias\bias_report.json
2026-02-22 16:04:18,902 - __main__ - INFO - Found 233 biased slices out of 240
2026-02-22 16:04:18,902 - __main__ - INFO - Generated 424 mitigation suggestions
2026-02-22 16:04:18,903 - __main__ - INFO -   - error_resolution: Lower quality examples (medium priority)
2026-02-22 16:04:18,903 - __main__ - INFO -   - troubleshooting: Lower quality examples (medium priority)
2026-02-22 16:04:18,903 - __main__ - INFO -   - best_practice: Answers are longer than average (low priority)
2026-02-22 16:11:05,163 - __main__ - INFO - ============================================================
2026-02-22 16:11:05,164 - __main__ - INFO - STARTING BIAS DETECTION
2026-02-22 16:11:05,164 - __main__ - INFO - ============================================================
2026-02-22 16:11:05,861 - __main__ - INFO - Loaded 18780 records for bias analysis
2026-02-22 16:11:36,149 - __main__ - INFO - Created 240 slices for analysis
2026-02-22 16:11:36,181 - __main__ - WARNING - Bias detected in slice 'troubleshooting': severity=low
2026-02-22 16:11:36,217 - __main__ - WARNING - Bias detected in slice 'complex': severity=medium
2026-02-22 16:11:36,219 - __main__ - WARNING - Bias detected in slice 'simple': severity=high
2026-02-22 16:11:36,223 - __main__ - WARNING - Bias detected in slice 'tag_tensorboard': severity=low
2026-02-22 16:11:36,227 - __main__ - WARNING - Bias detected in slice 'tag_opencl': severity=medium
2026-02-22 16:11:36,232 - __main__ - WARNING - Bias detected in slice 'tag_google-cloud-platform': severity=low
2026-02-22 16:11:36,239 - __main__ - WARNING - Bias detected in slice 'tag_airflow-scheduler': severity=medium
2026-02-22 16:11:36,244 - __main__ - WARNING - Bias detected in slice 'tag_redis': severity=low
2026-02-22 16:11:36,251 - __main__ - WARNING - Bias detected in slice 'tag_tensor': severity=low
2026-02-22 16:11:36,265 - __main__ - WARNING - Bias detected in slice 'tag_visual-studio-code': severity=medium
2026-02-22 16:11:36,268 - __main__ - WARNING - Bias detected in slice 'tag_ruby': severity=medium
2026-02-22 16:11:36,273 - __main__ - WARNING - Bias detected in slice 'tag_lstm': severity=high
2026-02-22 16:11:36,276 - __main__ - WARNING - Bias detected in slice 'tag_yaml': severity=low
2026-02-22 16:11:36,280 - __main__ - WARNING - Bias detected in slice 'tag_jupyter-notebook': severity=low
2026-02-22 16:11:36,284 - __main__ - WARNING - Bias detected in slice 'tag_python-3.x': severity=low
2026-02-22 16:11:36,292 - __main__ - WARNING - Bias detected in slice 'tag_tf.keras': severity=medium
2026-02-22 16:11:36,295 - __main__ - WARNING - Bias detected in slice 'tag_javascript': severity=low
2026-02-22 16:11:36,302 - __main__ - WARNING - Bias detected in slice 'tag_grafana': severity=low
2026-02-22 16:11:36,307 - __main__ - WARNING - Bias detected in slice 'tag_parallel-processing': severity=medium
2026-02-22 16:11:36,311 - __main__ - WARNING - Bias detected in slice 'tag_docker-machine': severity=medium
2026-02-22 16:11:36,314 - __main__ - WARNING - Bias detected in slice 'tag_typescript': severity=medium
2026-02-22 16:11:36,319 - __main__ - WARNING - Bias detected in slice 'tag_image-processing': severity=medium
2026-02-22 16:11:36,327 - __main__ - WARNING - Bias detected in slice 'tag_airflow': severity=low
2026-02-22 16:11:36,330 - __main__ - WARNING - Bias detected in slice 'tag_docker-registry': severity=medium
2026-02-22 16:11:36,334 - __main__ - WARNING - Bias detected in slice 'tag_docker-container': severity=high
2026-02-22 16:11:36,338 - __main__ - WARNING - Bias detected in slice 'tag_terraform-provider-azure': severity=low
2026-02-22 16:11:36,343 - __main__ - WARNING - Bias detected in slice 'tag_keras': severity=low
2026-02-22 16:11:36,347 - __main__ - WARNING - Bias detected in slice 'tag_gitlab': severity=low
2026-02-22 16:11:36,350 - __main__ - WARNING - Bias detected in slice 'tag_kubernetes-pod': severity=low
2026-02-22 16:11:36,354 - __main__ - WARNING - Bias detected in slice 'tag_json': severity=low
2026-02-22 16:11:36,358 - __main__ - WARNING - Bias detected in slice 'tag_istio': severity=medium
2026-02-22 16:11:36,362 - __main__ - WARNING - Bias detected in slice 'tag_npm': severity=low
2026-02-22 16:11:36,370 - __main__ - WARNING - Bias detected in slice 'tag_vagrant': severity=high
2026-02-22 16:11:36,379 - __main__ - WARNING - Bias detected in slice 'tag_amazon-ec2': severity=low
2026-02-22 16:11:36,385 - __main__ - WARNING - Bias detected in slice 'tag_dockerfile': severity=low
2026-02-22 16:11:36,388 - __main__ - WARNING - Bias detected in slice 'tag_docker-for-mac': severity=low
2026-02-22 16:11:36,392 - __main__ - WARNING - Bias detected in slice 'tag_apple-m1': severity=low
2026-02-22 16:11:36,396 - __main__ - WARNING - Bias detected in slice 'tag_sql-server': severity=medium
2026-02-22 16:11:36,400 - __main__ - WARNING - Bias detected in slice 'tag_django': severity=low
2026-02-22 16:11:36,404 - __main__ - WARNING - Bias detected in slice 'tag_asp.net-core': severity=low
2026-02-22 16:11:36,409 - __main__ - WARNING - Bias detected in slice 'tag_amazon-dynamodb': severity=low
2026-02-22 16:11:36,415 - __main__ - WARNING - Bias detected in slice 'tag_object-detection': severity=low
2026-02-22 16:11:36,421 - __main__ - WARNING - Bias detected in slice 'tag_docker-swarm': severity=low
2026-02-22 16:11:36,425 - __main__ - WARNING - Bias detected in slice 'tag_virtual-machine': severity=high
2026-02-22 16:11:36,436 - __main__ - WARNING - Bias detected in slice 'tag_memory': severity=medium
2026-02-22 16:11:36,444 - __main__ - WARNING - Bias detected in slice 'tag_tensorflow': severity=low
2026-02-22 16:11:36,447 - __main__ - WARNING - Bias detected in slice 'tag_port': severity=high
2026-02-22 16:11:36,450 - __main__ - WARNING - Bias detected in slice 'tag_boto3': severity=low
2026-02-22 16:11:36,454 - __main__ - WARNING - Bias detected in slice 'tag_amazon-eks': severity=medium
2026-02-22 16:11:36,461 - __main__ - WARNING - Bias detected in slice 'tag_windows-10': severity=low
2026-02-22 16:11:36,464 - __main__ - WARNING - Bias detected in slice 'tag_amazon-ecs': severity=low
2026-02-22 16:11:36,471 - __main__ - WARNING - Bias detected in slice 'tag_nlp': severity=medium
2026-02-22 16:11:36,474 - __main__ - WARNING - Bias detected in slice 'tag_promql': severity=low
2026-02-22 16:11:36,487 - __main__ - WARNING - Bias detected in slice 'tag_wordpress': severity=low
2026-02-22 16:11:36,492 - __main__ - WARNING - Bias detected in slice 'tag_alpine-linux': severity=low
2026-02-22 16:11:36,496 - __main__ - WARNING - Bias detected in slice 'tag_ruby-on-rails': severity=low
2026-02-22 16:11:36,500 - __main__ - WARNING - Bias detected in slice 'tag_google-kubernetes-engine': severity=low
2026-02-22 16:11:36,509 - __main__ - WARNING - Bias detected in slice 'tag_gcloud': severity=low
2026-02-22 16:11:36,514 - __main__ - WARNING - Bias detected in slice 'tag_ansible': severity=low
2026-02-22 16:11:36,520 - __main__ - WARNING - Bias detected in slice 'tag_docker-image': severity=high
2026-02-22 16:11:36,530 - __main__ - WARNING - Bias detected in slice 'tag_docker-network': severity=high
2026-02-22 16:11:36,534 - __main__ - WARNING - Bias detected in slice 'tag_android': severity=medium
2026-02-22 16:11:36,541 - __main__ - WARNING - Bias detected in slice 'tag_security': severity=low
2026-02-22 16:11:36,545 - __main__ - WARNING - Bias detected in slice 'tag_.net-core': severity=low
2026-02-22 16:11:36,549 - __main__ - WARNING - Bias detected in slice 'tag_installation': severity=low
2026-02-22 16:11:36,551 - __main__ - WARNING - Bias detected in slice 'tag_kustomize': severity=low
2026-02-22 16:11:36,558 - __main__ - WARNING - Bias detected in slice 'tag_rabbitmq': severity=low
2026-02-22 16:11:36,568 - __main__ - WARNING - Bias detected in slice 'tag_bash': severity=medium
2026-02-22 16:11:36,573 - __main__ - WARNING - Bias detected in slice 'tag_prometheus': severity=low
2026-02-22 16:11:36,577 - __main__ - WARNING - Bias detected in slice 'tag_elasticsearch': severity=low
2026-02-22 16:11:36,580 - __main__ - WARNING - Bias detected in slice 'tag_amazon-sqs': severity=low
2026-02-22 16:11:36,585 - __main__ - WARNING - Bias detected in slice 'tag_celery': severity=low
2026-02-22 16:11:36,588 - __main__ - WARNING - Bias detected in slice 'tag_google-compute-engine': severity=low
2026-02-22 16:11:36,595 - __main__ - WARNING - Bias detected in slice 'tag_lxc': severity=high
2026-02-22 16:11:36,600 - __main__ - WARNING - Bias detected in slice 'tag_github': severity=low
2026-02-22 16:11:36,605 - __main__ - WARNING - Bias detected in slice 'tag_php': severity=low
2026-02-22 16:11:36,609 - __main__ - WARNING - Bias detected in slice 'tag_azure-aks': severity=medium
2026-02-22 16:11:36,612 - __main__ - WARNING - Bias detected in slice 'tag_apache-kafka': severity=low
2026-02-22 16:11:36,616 - __main__ - WARNING - Bias detected in slice 'tag_java': severity=low
2026-02-22 16:11:36,621 - __main__ - WARNING - Bias detected in slice 'tag_pandas': severity=low
2026-02-22 16:11:36,625 - __main__ - WARNING - Bias detected in slice 'tag_tomcat': severity=medium
2026-02-22 16:11:36,641 - __main__ - WARNING - Bias detected in slice 'tag_docker': severity=low
2026-02-22 16:11:36,644 - __main__ - WARNING - Bias detected in slice 'tag_caching': severity=medium
2026-02-22 16:11:36,649 - __main__ - WARNING - Bias detected in slice 'tag_aws-lambda': severity=low
2026-02-22 16:11:36,654 - __main__ - WARNING - Bias detected in slice 'tag_opengl': severity=high
2026-02-22 16:11:36,658 - __main__ - WARNING - Bias detected in slice 'tag_docker-desktop': severity=medium
2026-02-22 16:11:36,662 - __main__ - WARNING - Bias detected in slice 'tag_google-colaboratory': severity=low
2026-02-22 16:11:36,667 - __main__ - WARNING - Bias detected in slice 'tag_loss-function': severity=low
2026-02-22 16:11:36,672 - __main__ - WARNING - Bias detected in slice 'tag_spring': severity=medium
2026-02-22 16:11:36,679 - __main__ - WARNING - Bias detected in slice 'tag_linux': severity=low
2026-02-22 16:11:36,683 - __main__ - WARNING - Bias detected in slice 'tag_terraform-provider-aws': severity=low
2026-02-22 16:11:36,687 - __main__ - WARNING - Bias detected in slice 'tag_serverless': severity=medium
2026-02-22 16:11:36,695 - __main__ - WARNING - Bias detected in slice 'tag_aws-step-functions': severity=low
2026-02-22 16:11:36,701 - __main__ - WARNING - Bias detected in slice 'tag_apache-spark': severity=medium
2026-02-22 16:11:36,704 - __main__ - WARNING - Bias detected in slice 'tag_kubectl': severity=low
2026-02-22 16:11:36,709 - __main__ - WARNING - Bias detected in slice 'tag_scikit-learn': severity=low
2026-02-22 16:11:36,712 - __main__ - WARNING - Bias detected in slice 'tag_amazon-sns': severity=low
2026-02-22 16:11:36,716 - __main__ - WARNING - Bias detected in slice 'tag_aws-cloudformation': severity=low
2026-02-22 16:11:36,722 - __main__ - WARNING - Bias detected in slice 'tag_selenium': severity=medium
2026-02-22 16:11:36,726 - __main__ - WARNING - Bias detected in slice 'tag_recurrent-neural-network': severity=medium
2026-02-22 16:11:36,731 - __main__ - WARNING - Bias detected in slice 'tag_kubernetes-ingress': severity=low
2026-02-22 16:11:36,735 - __main__ - WARNING - Bias detected in slice 'tag_ssh': severity=low
2026-02-22 16:11:36,738 - __main__ - WARNING - Bias detected in slice 'tag_amazon-cloudwatch': severity=low
2026-02-22 16:11:36,742 - __main__ - WARNING - Bias detected in slice 'tag_nginx-ingress': severity=low
2026-02-22 16:11:36,746 - __main__ - WARNING - Bias detected in slice 'tag_opencv': severity=low
2026-02-22 16:11:36,750 - __main__ - WARNING - Bias detected in slice 'tag_c++': severity=medium
2026-02-22 16:11:36,754 - __main__ - WARNING - Bias detected in slice 'tag_flask': severity=low
2026-02-22 16:11:36,757 - __main__ - WARNING - Bias detected in slice 'tag_debian': severity=low
2026-02-22 16:11:36,760 - __main__ - WARNING - Bias detected in slice 'tag_c#': severity=medium
2026-02-22 16:11:36,767 - __main__ - WARNING - Bias detected in slice 'tag_docker-for-windows': severity=low
2026-02-22 16:11:36,771 - __main__ - WARNING - Bias detected in slice 'tag_gpgpu': severity=low
2026-02-22 16:11:36,775 - __main__ - WARNING - Bias detected in slice 'tag_monitoring': severity=low
2026-02-22 16:11:36,779 - __main__ - WARNING - Bias detected in slice 'tag_huggingface-transformers': severity=medium
2026-02-22 16:11:36,782 - __main__ - WARNING - Bias detected in slice 'tag_amazon-s3': severity=low
2026-02-22 16:11:36,786 - __main__ - WARNING - Bias detected in slice 'tag_python-2.7': severity=low
2026-02-22 16:11:36,789 - __main__ - WARNING - Bias detected in slice 'tag_ubuntu': severity=low
2026-02-22 16:11:36,794 - __main__ - WARNING - Bias detected in slice 'tag_computer-vision': severity=low
2026-02-22 16:11:36,797 - __main__ - WARNING - Bias detected in slice 'tag_deployment': severity=low
2026-02-22 16:11:36,801 - __main__ - WARNING - Bias detected in slice 'tag_tensorflow2.0': severity=low
2026-02-22 16:11:36,805 - __main__ - WARNING - Bias detected in slice 'tag_terraform': severity=low
2026-02-22 16:11:36,809 - __main__ - WARNING - Bias detected in slice 'tag_cuda': severity=medium
2026-02-22 16:11:36,813 - __main__ - WARNING - Bias detected in slice 'tag_c': severity=high
2026-02-22 16:11:36,817 - __main__ - WARNING - Bias detected in slice 'tag_autoscaling': severity=medium
2026-02-22 16:11:36,820 - __main__ - WARNING - Bias detected in slice 'tag_traefik': severity=medium
2026-02-22 16:11:36,825 - __main__ - WARNING - Bias detected in slice 'tag_terraform-provider-gcp': severity=medium
2026-02-22 16:11:36,832 - __main__ - WARNING - Bias detected in slice 'tag_conda': severity=low
2026-02-22 16:11:36,840 - __main__ - WARNING - Bias detected in slice 'tag_amazon-web-services': severity=low
2026-02-22 16:11:36,845 - __main__ - WARNING - Bias detected in slice 'tag_shell': severity=medium
2026-02-22 16:11:36,849 - __main__ - WARNING - Bias detected in slice 'tag_spring-boot': severity=medium
2026-02-22 16:11:36,853 - __main__ - WARNING - Bias detected in slice 'tag_azure': severity=medium
2026-02-22 16:11:36,856 - __main__ - WARNING - Bias detected in slice 'tag_gitlab-ci-runner': severity=low
2026-02-22 16:11:36,866 - __main__ - WARNING - Bias detected in slice 'tag_docker-volume': severity=medium
2026-02-22 16:11:36,870 - __main__ - WARNING - Bias detected in slice 'tag_environment-variables': severity=high
2026-02-22 16:11:36,875 - __main__ - WARNING - Bias detected in slice 'tag_serverless-framework': severity=low
2026-02-22 16:11:36,878 - __main__ - WARNING - Bias detected in slice 'tag_amazon-elastic-beanstalk': severity=medium
2026-02-22 16:11:36,882 - __main__ - WARNING - Bias detected in slice 'tag_.net': severity=medium
2026-02-22 16:11:36,886 - __main__ - WARNING - Bias detected in slice 'tag_aws-sdk': severity=low
2026-02-22 16:11:36,890 - __main__ - WARNING - Bias detected in slice 'tag_tensorflow-serving': severity=medium
2026-02-22 16:11:36,899 - __main__ - WARNING - Bias detected in slice 'tag_maven': severity=low
2026-02-22 16:11:36,903 - __main__ - WARNING - Bias detected in slice 'tag_gitlab-ci': severity=low
2026-02-22 16:11:36,907 - __main__ - WARNING - Bias detected in slice 'tag_jenkins-pipeline': severity=high
2026-02-22 16:11:36,911 - __main__ - WARNING - Bias detected in slice 'tag_angular': severity=low
2026-02-22 16:11:36,924 - __main__ - WARNING - Bias detected in slice 'tag_tensorflow-datasets': severity=medium
2026-02-22 16:11:36,928 - __main__ - WARNING - Bias detected in slice 'tag_pycharm': severity=medium
2026-02-22 16:11:36,935 - __main__ - WARNING - Bias detected in slice 'tag_aws-api-gateway': severity=low
2026-02-22 16:11:36,939 - __main__ - WARNING - Bias detected in slice 'tag_conv-neural-network': severity=low
2026-02-22 16:11:36,942 - __main__ - WARNING - Bias detected in slice 'tag_azure-devops': severity=medium
2026-02-22 16:11:36,946 - __main__ - WARNING - Bias detected in slice 'tag_node.js': severity=low
2026-02-22 16:11:36,950 - __main__ - WARNING - Bias detected in slice 'tag_torch': severity=low
2026-02-22 16:11:36,954 - __main__ - WARNING - Bias detected in slice 'tag_go': severity=medium
2026-02-22 16:11:36,958 - __main__ - WARNING - Bias detected in slice 'tag_tensorflow-lite': severity=medium
2026-02-22 16:11:36,962 - __main__ - WARNING - Bias detected in slice 'tag_reactjs': severity=low
2026-02-22 16:11:36,965 - __main__ - WARNING - Bias detected in slice 'tag_mongodb': severity=low
2026-02-22 16:11:36,973 - __main__ - WARNING - Bias detected in slice 'tag_docker-build': severity=high
2026-02-22 16:11:36,977 - __main__ - WARNING - Bias detected in slice 'tag_amazon-rds': severity=medium
2026-02-22 16:11:36,980 - __main__ - WARNING - Bias detected in slice 'tag_multithreading': severity=high
2026-02-22 16:11:36,988 - __main__ - WARNING - Bias detected in slice 'tag_apache': severity=low
2026-02-22 16:11:36,993 - __main__ - WARNING - Bias detected in slice 'tag_microservices': severity=low
2026-02-22 16:11:36,996 - __main__ - WARNING - Bias detected in slice 'tag_build': severity=low
2026-02-22 16:11:37,000 - __main__ - WARNING - Bias detected in slice 'tag_gpu': severity=low
2026-02-22 16:11:37,004 - __main__ - WARNING - Bias detected in slice 'tag_amazon-cognito': severity=low
2026-02-22 16:11:37,011 - __main__ - WARNING - Bias detected in slice 'error_CrashLoopBackOff': severity=low
2026-02-22 16:11:37,028 - __main__ - WARNING - Bias detected in slice 'error_Timeout': severity=low
2026-02-22 16:11:37,044 - __main__ - WARNING - Bias detected in slice 'error_ConnectionRefused': severity=low
2026-02-22 16:11:37,048 - __main__ - WARNING - Bias detected in slice 'error_OOMKilled': severity=medium
2026-02-22 16:11:37,054 - __main__ - WARNING - Bias detected in slice 'infra_terraform': severity=low
2026-02-22 16:11:37,059 - __main__ - WARNING - Bias detected in slice 'infra_monitoring': severity=low
2026-02-22 16:11:37,070 - __main__ - WARNING - Bias detected in slice 'infra_cloud_aws': severity=low
2026-02-22 16:11:37,097 - __main__ - WARNING - Bias detected in slice 'infra_cloud_gcp': severity=low
2026-02-22 16:11:37,101 - __main__ - WARNING - Bias detected in slice 'infra_cloud_azure': severity=low
2026-02-22 16:11:37,162 - __main__ - INFO - Bias report saved to C:\Northeastern\MSCS\MLOps\Automend_Stackoverflow_pipeline\reports\bias\bias_report.json
2026-02-22 16:11:37,163 - __main__ - INFO - Found 170 biased slices out of 240
2026-02-22 16:11:37,163 - __main__ - INFO - Generated 149 mitigation suggestions
2026-02-22 16:11:37,164 - __main__ - INFO -   - troubleshooting: Lower quality examples (medium priority)
2026-02-22 16:11:37,164 - __main__ - INFO -   - complex: Answers are longer than average (low priority)
2026-02-22 16:11:37,165 - __main__ - INFO -   - simple: Answers are shorter than average (low priority)
2026-02-22 20:18:10,443 - __main__ - INFO - ============================================================
2026-02-22 20:18:10,444 - __main__ - INFO - STARTING BIAS DETECTION
2026-02-22 20:18:10,444 - __main__ - INFO - ============================================================
2026-02-22 20:18:11,389 - __main__ - INFO - Loaded 18780 records for bias analysis
2026-02-22 20:18:50,296 - __main__ - INFO - Created 240 slices for analysis
2026-02-22 20:18:50,338 - __main__ - WARNING - Bias detected in slice 'troubleshooting': severity=low
2026-02-22 20:18:50,427 - __main__ - WARNING - Bias detected in slice 'complex': severity=medium
2026-02-22 20:18:50,451 - __main__ - WARNING - Bias detected in slice 'simple': severity=high
2026-02-22 20:18:50,485 - __main__ - WARNING - Bias detected in slice 'tag_prometheus': severity=low
2026-02-22 20:18:50,495 - __main__ - WARNING - Bias detected in slice 'tag_docker-for-mac': severity=low
2026-02-22 20:18:50,502 - __main__ - WARNING - Bias detected in slice 'tag_aws-api-gateway': severity=low
2026-02-22 20:18:50,510 - __main__ - WARNING - Bias detected in slice 'tag_scikit-learn': severity=low
2026-02-22 20:18:50,517 - __main__ - WARNING - Bias detected in slice 'tag_aws-step-functions': severity=low
2026-02-22 20:18:50,530 - __main__ - WARNING - Bias detected in slice 'tag_amazon-sns': severity=low
2026-02-22 20:18:50,536 - __main__ - WARNING - Bias detected in slice 'tag_ansible': severity=low
2026-02-22 20:18:50,543 - __main__ - WARNING - Bias detected in slice 'tag_tensorflow-datasets': severity=medium
2026-02-22 20:18:50,561 - __main__ - WARNING - Bias detected in slice 'tag_tensorflow-lite': severity=medium
2026-02-22 20:18:50,583 - __main__ - WARNING - Bias detected in slice 'tag_docker-desktop': severity=medium
2026-02-22 20:18:50,601 - __main__ - WARNING - Bias detected in slice 'tag_google-kubernetes-engine': severity=low
2026-02-22 20:18:50,617 - __main__ - WARNING - Bias detected in slice 'tag_terraform': severity=low
2026-02-22 20:18:50,626 - __main__ - WARNING - Bias detected in slice 'tag_pycharm': severity=medium
2026-02-22 20:18:50,641 - __main__ - WARNING - Bias detected in slice 'tag_tf.keras': severity=medium
2026-02-22 20:18:50,653 - __main__ - WARNING - Bias detected in slice 'tag_dockerfile': severity=low
2026-02-22 20:18:50,661 - __main__ - WARNING - Bias detected in slice 'tag_tensorboard': severity=low
2026-02-22 20:18:50,672 - __main__ - WARNING - Bias detected in slice 'tag_sql-server': severity=medium
2026-02-22 20:18:50,678 - __main__ - WARNING - Bias detected in slice 'tag_c': severity=high
2026-02-22 20:18:50,690 - __main__ - WARNING - Bias detected in slice 'tag_python-3.x': severity=low
2026-02-22 20:18:50,695 - __main__ - WARNING - Bias detected in slice 'tag_grafana': severity=low
2026-02-22 20:18:50,700 - __main__ - WARNING - Bias detected in slice 'tag_docker-registry': severity=medium
2026-02-22 20:18:50,707 - __main__ - WARNING - Bias detected in slice 'tag_azure': severity=medium
2026-02-22 20:18:50,712 - __main__ - WARNING - Bias detected in slice 'tag_opencl': severity=medium
2026-02-22 20:18:50,716 - __main__ - WARNING - Bias detected in slice 'tag_wordpress': severity=low
2026-02-22 20:18:50,722 - __main__ - WARNING - Bias detected in slice 'tag_multithreading': severity=high
2026-02-22 20:18:50,727 - __main__ - WARNING - Bias detected in slice 'tag_serverless': severity=medium
2026-02-22 20:18:50,734 - __main__ - WARNING - Bias detected in slice 'tag_installation': severity=low
2026-02-22 20:18:50,743 - __main__ - WARNING - Bias detected in slice 'tag_gitlab': severity=low
2026-02-22 20:18:50,747 - __main__ - WARNING - Bias detected in slice 'tag_amazon-ec2': severity=low
2026-02-22 20:18:50,764 - __main__ - WARNING - Bias detected in slice 'tag_apache': severity=low
2026-02-22 20:18:50,789 - __main__ - WARNING - Bias detected in slice 'tag_serverless-framework': severity=low
2026-02-22 20:18:50,808 - __main__ - WARNING - Bias detected in slice 'tag_docker-swarm': severity=low
2026-02-22 20:18:50,815 - __main__ - WARNING - Bias detected in slice 'tag_image-processing': severity=medium
2026-02-22 20:18:50,858 - __main__ - WARNING - Bias detected in slice 'tag_docker-build': severity=high
2026-02-22 20:18:50,863 - __main__ - WARNING - Bias detected in slice 'tag_huggingface-transformers': severity=medium
2026-02-22 20:18:50,870 - __main__ - WARNING - Bias detected in slice 'tag_gitlab-ci': severity=low
2026-02-22 20:18:50,874 - __main__ - WARNING - Bias detected in slice 'tag_gitlab-ci-runner': severity=low
2026-02-22 20:18:50,879 - __main__ - WARNING - Bias detected in slice 'tag_promql': severity=low
2026-02-22 20:18:50,884 - __main__ - WARNING - Bias detected in slice 'tag_docker-container': severity=high
2026-02-22 20:18:50,888 - __main__ - WARNING - Bias detected in slice 'tag_docker-machine': severity=medium
2026-02-22 20:18:50,896 - __main__ - WARNING - Bias detected in slice 'tag_node.js': severity=low
2026-02-22 20:18:50,900 - __main__ - WARNING - Bias detected in slice 'tag_conv-neural-network': severity=low
2026-02-22 20:18:50,904 - __main__ - WARNING - Bias detected in slice 'tag_amazon-s3': severity=low
2026-02-22 20:18:50,916 - __main__ - WARNING - Bias detected in slice 'tag_tomcat': severity=medium
2026-02-22 20:18:50,922 - __main__ - WARNING - Bias detected in slice 'tag_gpu': severity=low
2026-02-22 20:18:50,926 - __main__ - WARNING - Bias detected in slice 'tag_jenkins-pipeline': severity=high
2026-02-22 20:18:50,931 - __main__ - WARNING - Bias detected in slice 'tag_rabbitmq': severity=low
2026-02-22 20:18:50,938 - __main__ - WARNING - Bias detected in slice 'tag_nginx-ingress': severity=low
2026-02-22 20:18:50,946 - __main__ - WARNING - Bias detected in slice 'tag_amazon-web-services': severity=low
2026-02-22 20:18:50,949 - __main__ - WARNING - Bias detected in slice 'tag_windows-10': severity=low
2026-02-22 20:18:50,957 - __main__ - WARNING - Bias detected in slice 'tag_tensorflow': severity=low
2026-02-22 20:18:50,966 - __main__ - WARNING - Bias detected in slice 'tag_pandas': severity=low
2026-02-22 20:18:50,973 - __main__ - WARNING - Bias detected in slice 'tag_monitoring': severity=low
2026-02-22 20:18:50,977 - __main__ - WARNING - Bias detected in slice 'tag_parallel-processing': severity=medium
2026-02-22 20:18:50,982 - __main__ - WARNING - Bias detected in slice 'tag_istio': severity=medium
2026-02-22 20:18:50,986 - __main__ - WARNING - Bias detected in slice 'tag_amazon-sqs': severity=low
2026-02-22 20:18:50,993 - __main__ - WARNING - Bias detected in slice 'tag_docker-volume': severity=medium
2026-02-22 20:18:50,997 - __main__ - WARNING - Bias detected in slice 'tag_airflow': severity=low
2026-02-22 20:18:51,003 - __main__ - WARNING - Bias detected in slice 'tag_.net-core': severity=low
2026-02-22 20:18:51,011 - __main__ - WARNING - Bias detected in slice 'tag_keras': severity=low
2026-02-22 20:18:51,023 - __main__ - WARNING - Bias detected in slice 'tag_docker': severity=low
2026-02-22 20:18:51,027 - __main__ - WARNING - Bias detected in slice 'tag_apache-spark': severity=medium
2026-02-22 20:18:51,030 - __main__ - WARNING - Bias detected in slice 'tag_kubernetes-ingress': severity=low
2026-02-22 20:18:51,033 - __main__ - WARNING - Bias detected in slice 'tag_kubectl': severity=low
2026-02-22 20:18:51,039 - __main__ - WARNING - Bias detected in slice 'tag_aws-sdk': severity=low
2026-02-22 20:18:51,045 - __main__ - WARNING - Bias detected in slice 'tag_linux': severity=low
2026-02-22 20:18:51,049 - __main__ - WARNING - Bias detected in slice 'tag_c++': severity=medium
2026-02-22 20:18:51,053 - __main__ - WARNING - Bias detected in slice 'tag_selenium': severity=medium
2026-02-22 20:18:51,073 - __main__ - WARNING - Bias detected in slice 'tag_.net': severity=medium
2026-02-22 20:18:51,077 - __main__ - WARNING - Bias detected in slice 'tag_docker-network': severity=high
2026-02-22 20:18:51,087 - __main__ - WARNING - Bias detected in slice 'tag_github': severity=low
2026-02-22 20:18:51,096 - __main__ - WARNING - Bias detected in slice 'tag_security': severity=low
2026-02-22 20:18:51,099 - __main__ - WARNING - Bias detected in slice 'tag_build': severity=low
2026-02-22 20:18:51,111 - __main__ - WARNING - Bias detected in slice 'tag_bash': severity=medium
2026-02-22 20:18:51,122 - __main__ - WARNING - Bias detected in slice 'tag_reactjs': severity=low
2026-02-22 20:18:51,128 - __main__ - WARNING - Bias detected in slice 'tag_ruby': severity=medium
2026-02-22 20:18:51,133 - __main__ - WARNING - Bias detected in slice 'tag_apple-m1': severity=low
2026-02-22 20:18:51,139 - __main__ - WARNING - Bias detected in slice 'tag_redis': severity=low
2026-02-22 20:18:51,144 - __main__ - WARNING - Bias detected in slice 'tag_amazon-ecs': severity=low
2026-02-22 20:18:51,149 - __main__ - WARNING - Bias detected in slice 'tag_mongodb': severity=low
2026-02-22 20:18:51,160 - __main__ - WARNING - Bias detected in slice 'tag_typescript': severity=medium
2026-02-22 20:18:51,165 - __main__ - WARNING - Bias detected in slice 'tag_spring-boot': severity=medium
2026-02-22 20:18:51,169 - __main__ - WARNING - Bias detected in slice 'tag_ruby-on-rails': severity=low
2026-02-22 20:18:51,175 - __main__ - WARNING - Bias detected in slice 'tag_gpgpu': severity=low
2026-02-22 20:18:51,180 - __main__ - WARNING - Bias detected in slice 'tag_conda': severity=low
2026-02-22 20:18:51,184 - __main__ - WARNING - Bias detected in slice 'tag_java': severity=low
2026-02-22 20:18:51,193 - __main__ - WARNING - Bias detected in slice 'tag_amazon-eks': severity=medium
2026-02-22 20:18:51,264 - __main__ - WARNING - Bias detected in slice 'tag_opencv': severity=low
2026-02-22 20:18:51,306 - __main__ - WARNING - Bias detected in slice 'tag_elasticsearch': severity=low
2026-02-22 20:18:51,325 - __main__ - WARNING - Bias detected in slice 'tag_deployment': severity=low
2026-02-22 20:18:51,335 - __main__ - WARNING - Bias detected in slice 'tag_celery': severity=low
2026-02-22 20:18:51,341 - __main__ - WARNING - Bias detected in slice 'tag_flask': severity=low
2026-02-22 20:18:51,346 - __main__ - WARNING - Bias detected in slice 'tag_python-2.7': severity=low
2026-02-22 20:18:51,350 - __main__ - WARNING - Bias detected in slice 'tag_tensorflow2.0': severity=low
2026-02-22 20:18:51,363 - __main__ - WARNING - Bias detected in slice 'tag_vagrant': severity=high
2026-02-22 20:18:51,368 - __main__ - WARNING - Bias detected in slice 'tag_autoscaling': severity=medium
2026-02-22 20:18:51,375 - __main__ - WARNING - Bias detected in slice 'tag_google-cloud-platform': severity=low
2026-02-22 20:18:51,384 - __main__ - WARNING - Bias detected in slice 'tag_boto3': severity=low
2026-02-22 20:18:51,387 - __main__ - WARNING - Bias detected in slice 'tag_opengl': severity=high
2026-02-22 20:18:51,391 - __main__ - WARNING - Bias detected in slice 'tag_visual-studio-code': severity=medium
2026-02-22 20:18:51,402 - __main__ - WARNING - Bias detected in slice 'tag_gcloud': severity=low
2026-02-22 20:18:51,409 - __main__ - WARNING - Bias detected in slice 'tag_aws-lambda': severity=low
2026-02-22 20:18:51,414 - __main__ - WARNING - Bias detected in slice 'tag_microservices': severity=low
2026-02-22 20:18:51,422 - __main__ - WARNING - Bias detected in slice 'tag_lxc': severity=high
2026-02-22 20:18:51,426 - __main__ - WARNING - Bias detected in slice 'tag_amazon-rds': severity=medium
2026-02-22 20:18:51,429 - __main__ - WARNING - Bias detected in slice 'tag_docker-for-windows': severity=low
2026-02-22 20:18:51,434 - __main__ - WARNING - Bias detected in slice 'tag_yaml': severity=low
2026-02-22 20:18:51,437 - __main__ - WARNING - Bias detected in slice 'tag_memory': severity=medium
2026-02-22 20:18:51,442 - __main__ - WARNING - Bias detected in slice 'tag_django': severity=low
2026-02-22 20:18:51,446 - __main__ - WARNING - Bias detected in slice 'tag_lstm': severity=high
2026-02-22 20:18:51,449 - __main__ - WARNING - Bias detected in slice 'tag_tensor': severity=low
2026-02-22 20:18:51,453 - __main__ - WARNING - Bias detected in slice 'tag_cuda': severity=medium
2026-02-22 20:18:51,457 - __main__ - WARNING - Bias detected in slice 'tag_aws-cloudformation': severity=low
2026-02-22 20:18:51,460 - __main__ - WARNING - Bias detected in slice 'tag_traefik': severity=medium
2026-02-22 20:18:51,464 - __main__ - WARNING - Bias detected in slice 'tag_debian': severity=low
2026-02-22 20:18:51,469 - __main__ - WARNING - Bias detected in slice 'tag_terraform-provider-azure': severity=low
2026-02-22 20:18:51,473 - __main__ - WARNING - Bias detected in slice 'tag_recurrent-neural-network': severity=medium
2026-02-22 20:18:51,476 - __main__ - WARNING - Bias detected in slice 'tag_tensorflow-serving': severity=medium
2026-02-22 20:18:51,479 - __main__ - WARNING - Bias detected in slice 'tag_object-detection': severity=low
2026-02-22 20:18:51,483 - __main__ - WARNING - Bias detected in slice 'tag_apache-kafka': severity=low
2026-02-22 20:18:51,487 - __main__ - WARNING - Bias detected in slice 'tag_amazon-elastic-beanstalk': severity=medium
2026-02-22 20:18:51,492 - __main__ - WARNING - Bias detected in slice 'tag_loss-function': severity=low
2026-02-22 20:18:51,496 - __main__ - WARNING - Bias detected in slice 'tag_ubuntu': severity=low
2026-02-22 20:18:51,500 - __main__ - WARNING - Bias detected in slice 'tag_terraform-provider-gcp': severity=medium
2026-02-22 20:18:51,505 - __main__ - WARNING - Bias detected in slice 'tag_spring': severity=medium
2026-02-22 20:18:51,510 - __main__ - WARNING - Bias detected in slice 'tag_shell': severity=medium
2026-02-22 20:18:51,513 - __main__ - WARNING - Bias detected in slice 'tag_ssh': severity=low
2026-02-22 20:18:51,522 - __main__ - WARNING - Bias detected in slice 'tag_virtual-machine': severity=high
2026-02-22 20:18:51,527 - __main__ - WARNING - Bias detected in slice 'tag_terraform-provider-aws': severity=low
2026-02-22 20:18:51,532 - __main__ - WARNING - Bias detected in slice 'tag_amazon-cloudwatch': severity=low
2026-02-22 20:18:51,536 - __main__ - WARNING - Bias detected in slice 'tag_environment-variables': severity=high
2026-02-22 20:18:51,543 - __main__ - WARNING - Bias detected in slice 'tag_google-compute-engine': severity=low
2026-02-22 20:18:51,548 - __main__ - WARNING - Bias detected in slice 'tag_amazon-cognito': severity=low
2026-02-22 20:18:51,555 - __main__ - WARNING - Bias detected in slice 'tag_azure-aks': severity=medium
2026-02-22 20:18:51,569 - __main__ - WARNING - Bias detected in slice 'tag_javascript': severity=low
2026-02-22 20:18:51,573 - __main__ - WARNING - Bias detected in slice 'tag_azure-devops': severity=medium
2026-02-22 20:18:51,582 - __main__ - WARNING - Bias detected in slice 'tag_angular': severity=low
2026-02-22 20:18:51,585 - __main__ - WARNING - Bias detected in slice 'tag_json': severity=low
2026-02-22 20:18:51,590 - __main__ - WARNING - Bias detected in slice 'tag_asp.net-core': severity=low
2026-02-22 20:18:51,600 - __main__ - WARNING - Bias detected in slice 'tag_c#': severity=medium
2026-02-22 20:18:51,604 - __main__ - WARNING - Bias detected in slice 'tag_google-colaboratory': severity=low
2026-02-22 20:18:51,608 - __main__ - WARNING - Bias detected in slice 'tag_airflow-scheduler': severity=medium
2026-02-22 20:18:51,612 - __main__ - WARNING - Bias detected in slice 'tag_amazon-dynamodb': severity=low
2026-02-22 20:18:51,622 - __main__ - WARNING - Bias detected in slice 'tag_jupyter-notebook': severity=low
2026-02-22 20:18:51,627 - __main__ - WARNING - Bias detected in slice 'tag_kubernetes-pod': severity=low
2026-02-22 20:18:51,633 - __main__ - WARNING - Bias detected in slice 'tag_computer-vision': severity=low
2026-02-22 20:18:51,637 - __main__ - WARNING - Bias detected in slice 'tag_docker-image': severity=high
2026-02-22 20:18:51,641 - __main__ - WARNING - Bias detected in slice 'tag_npm': severity=low
2026-02-22 20:18:51,649 - __main__ - WARNING - Bias detected in slice 'tag_php': severity=low
2026-02-22 20:18:51,653 - __main__ - WARNING - Bias detected in slice 'tag_android': severity=medium
2026-02-22 20:18:51,668 - __main__ - WARNING - Bias detected in slice 'tag_nlp': severity=medium
2026-02-22 20:18:51,673 - __main__ - WARNING - Bias detected in slice 'tag_alpine-linux': severity=low
2026-02-22 20:18:51,677 - __main__ - WARNING - Bias detected in slice 'tag_torch': severity=low
2026-02-22 20:18:51,681 - __main__ - WARNING - Bias detected in slice 'tag_caching': severity=medium
2026-02-22 20:18:51,685 - __main__ - WARNING - Bias detected in slice 'tag_maven': severity=low
2026-02-22 20:18:51,691 - __main__ - WARNING - Bias detected in slice 'tag_port': severity=high
2026-02-22 20:18:51,695 - __main__ - WARNING - Bias detected in slice 'tag_kustomize': severity=low
2026-02-22 20:18:51,707 - __main__ - WARNING - Bias detected in slice 'tag_go': severity=medium
2026-02-22 20:18:51,720 - __main__ - WARNING - Bias detected in slice 'error_OOMKilled': severity=medium
2026-02-22 20:18:51,735 - __main__ - WARNING - Bias detected in slice 'error_Timeout': severity=low
2026-02-22 20:18:51,745 - __main__ - WARNING - Bias detected in slice 'error_ConnectionRefused': severity=low
2026-02-22 20:18:51,754 - __main__ - WARNING - Bias detected in slice 'error_CrashLoopBackOff': severity=low
2026-02-22 20:18:51,761 - __main__ - WARNING - Bias detected in slice 'infra_cloud_aws': severity=low
2026-02-22 20:18:51,780 - __main__ - WARNING - Bias detected in slice 'infra_terraform': severity=low
2026-02-22 20:18:51,786 - __main__ - WARNING - Bias detected in slice 'infra_cloud_azure': severity=low
2026-02-22 20:18:51,792 - __main__ - WARNING - Bias detected in slice 'infra_monitoring': severity=low
2026-02-22 20:18:51,838 - __main__ - WARNING - Bias detected in slice 'infra_cloud_gcp': severity=low
2026-02-22 20:18:51,917 - __main__ - INFO - Bias report saved to C:\Northeastern\MSCS\MLOps\Automend_Stackoverflow_pipeline\reports\bias\bias_report.json
2026-02-22 20:18:51,918 - __main__ - INFO - Found 170 biased slices out of 240
2026-02-22 20:18:51,918 - __main__ - INFO - Generated 149 mitigation suggestions
2026-02-22 20:18:51,919 - __main__ - INFO -   - troubleshooting: Lower quality examples (medium priority)
2026-02-22 20:18:51,919 - __main__ - INFO -   - complex: Answers are longer than average (low priority)
2026-02-22 20:18:51,920 - __main__ - INFO -   - simple: Answers are shorter than average (low priority)
