2026-02-22 16:01:07,707 - __main__ - INFO - ============================================================
2026-02-22 16:01:07,708 - __main__ - INFO - STARTING DATA ACQUISITION
2026-02-22 16:01:07,708 - __main__ - INFO - Mode: CSV
2026-02-22 16:01:07,708 - __main__ - INFO - ============================================================
2026-02-22 16:01:07,708 - __main__ - INFO - Loading questions from CSV: C:\Northeastern\MSCS\MLOps\Stackoverflow_Data_pipeline\New folder\Stack_Qns_pl.csv
2026-02-22 16:01:11,053 - __main__ - INFO - Loaded 19624 questions from CSV
2026-02-22 16:01:11,053 - __main__ - INFO - Loading answers from CSV: C:\Northeastern\MSCS\MLOps\Stackoverflow_Data_pipeline\New folder\Stack_Ans_pl.csv
2026-02-22 16:01:13,381 - __main__ - INFO - Loaded 18838 answers from CSV
2026-02-22 16:01:14,336 - __main__ - INFO - Successfully saved 18838 Q&A pairs to C:\Northeastern\MSCS\MLOps\Automend_Stackoverflow_pipeline\data\raw\qa_pairs_raw.json
2026-02-22 16:01:14,338 - __main__ - INFO - Acquisition completed in 6.6s
2026-02-22 20:10:45,652 - __main__ - INFO - ============================================================
2026-02-22 20:10:45,652 - __main__ - INFO - STARTING DATA ACQUISITION
2026-02-22 20:10:45,653 - __main__ - INFO - Mode: CSV
2026-02-22 20:10:45,654 - __main__ - INFO - ============================================================
2026-02-22 20:10:45,654 - __main__ - INFO - Loading questions from CSV: C:\Northeastern\MSCS\MLOps\Automend_Stackoverflow_pipeline\data\external\Stack_Qns_pl.csv
2026-02-22 20:10:51,739 - __main__ - INFO - Loaded 19624 questions from CSV
2026-02-22 20:10:51,740 - __main__ - INFO - Loading answers from CSV: C:\Northeastern\MSCS\MLOps\Automend_Stackoverflow_pipeline\data\external\Stack_Ans_pl.csv
2026-02-22 20:10:56,322 - __main__ - INFO - Loaded 18838 answers from CSV
2026-02-22 20:10:57,316 - __main__ - INFO - Successfully saved 18838 Q&A pairs to C:\Northeastern\MSCS\MLOps\Automend_Stackoverflow_pipeline\data\raw\qa_pairs_raw.json
2026-02-22 20:10:57,319 - __main__ - INFO - Acquisition completed in 11.7s
