[2026-02-22T21:24:51.693+0000] {manager.py:470} INFO - Processing files using up to 2 processes at a time 
[2026-02-22T21:24:51.697+0000] {manager.py:471} INFO - Process each file at most once every 30 seconds
[2026-02-22T21:24:51.700+0000] {manager.py:472} INFO - Checking for new files in /opt/airflow/dags every 300 seconds
[2026-02-22T21:24:51.704+0000] {manager.py:737} INFO - Searching for files in /opt/airflow/dags
[2026-02-22T21:24:51.737+0000] {manager.py:740} INFO - There are 1 files in /opt/airflow/dags
[2026-02-22T21:24:51.961+0000] {manager.py:878} INFO - 
================================================================================
DAG File Processing Stats

File Path                                     PID  Runtime      # DAGs    # Errors  Last Runtime    Last Run
------------------------------------------  -----  ---------  --------  ----------  --------------  ----------
/opt/airflow/dags/automend_pipeline_dag.py     98  0.10s             0           0
================================================================================
[2026-02-22T21:25:22.257+0000] {manager.py:878} INFO - 
================================================================================
DAG File Processing Stats

File Path                                   PID    Runtime      # DAGs    # Errors  Last Runtime    Last Run
------------------------------------------  -----  ---------  --------  ----------  --------------  -------------------
/opt/airflow/dags/automend_pipeline_dag.py                           1           0  4.56s           2026-02-22T21:24:56
================================================================================
[2026-02-22T21:25:52.472+0000] {manager.py:878} INFO - 
================================================================================
DAG File Processing Stats

File Path                                   PID    Runtime      # DAGs    # Errors  Last Runtime    Last Run
------------------------------------------  -----  ---------  --------  ----------  --------------  -------------------
/opt/airflow/dags/automend_pipeline_dag.py                           1           0  1.49s           2026-02-22T21:25:28
================================================================================
[2026-02-22T21:26:23.294+0000] {manager.py:878} INFO - 
================================================================================
DAG File Processing Stats

File Path                                   PID    Runtime      # DAGs    # Errors  Last Runtime    Last Run
------------------------------------------  -----  ---------  --------  ----------  --------------  -------------------
/opt/airflow/dags/automend_pipeline_dag.py                           1           0  1.61s           2026-02-22T21:26:00
================================================================================
[2026-02-22T21:26:53.477+0000] {manager.py:878} INFO - 
================================================================================
DAG File Processing Stats

File Path                                   PID    Runtime      # DAGs    # Errors  Last Runtime    Last Run
------------------------------------------  -----  ---------  --------  ----------  --------------  -------------------
/opt/airflow/dags/automend_pipeline_dag.py                           1           0  1.83s           2026-02-22T21:26:32
================================================================================
[2026-02-22T21:27:23.922+0000] {manager.py:878} INFO - 
================================================================================
DAG File Processing Stats

File Path                                   PID    Runtime      # DAGs    # Errors  Last Runtime    Last Run
------------------------------------------  -----  ---------  --------  ----------  --------------  -------------------
/opt/airflow/dags/automend_pipeline_dag.py                           1           0  1.48s           2026-02-22T21:27:04
================================================================================
[2026-02-22T21:27:54.158+0000] {manager.py:878} INFO - 
================================================================================
DAG File Processing Stats

File Path                                   PID    Runtime      # DAGs    # Errors  Last Runtime    Last Run
------------------------------------------  -----  ---------  --------  ----------  --------------  -------------------
/opt/airflow/dags/automend_pipeline_dag.py                           1           0  1.54s           2026-02-22T21:27:35
================================================================================
[2026-02-22T21:28:24.483+0000] {manager.py:878} INFO - 
================================================================================
DAG File Processing Stats

File Path                                   PID    Runtime      # DAGs    # Errors  Last Runtime    Last Run
------------------------------------------  -----  ---------  --------  ----------  --------------  -------------------
/opt/airflow/dags/automend_pipeline_dag.py                           1           0  1.39s           2026-02-22T21:28:07
================================================================================
[2026-02-22T21:28:54.712+0000] {manager.py:878} INFO - 
================================================================================
DAG File Processing Stats

File Path                                   PID    Runtime      # DAGs    # Errors  Last Runtime    Last Run
------------------------------------------  -----  ---------  --------  ----------  --------------  -------------------
/opt/airflow/dags/automend_pipeline_dag.py                           1           0  1.55s           2026-02-22T21:28:39
================================================================================
[2026-02-22T21:29:25.002+0000] {manager.py:878} INFO - 
================================================================================
DAG File Processing Stats

File Path                                   PID    Runtime      # DAGs    # Errors  Last Runtime    Last Run
------------------------------------------  -----  ---------  --------  ----------  --------------  -------------------
/opt/airflow/dags/automend_pipeline_dag.py                           1           0  1.37s           2026-02-22T21:29:11
================================================================================
[2026-02-22T21:29:51.938+0000] {manager.py:737} INFO - Searching for files in /opt/airflow/dags
[2026-02-22T21:29:52.087+0000] {manager.py:740} INFO - There are 1 files in /opt/airflow/dags
[2026-02-22T21:29:55.165+0000] {manager.py:878} INFO - 
================================================================================
DAG File Processing Stats

File Path                                   PID    Runtime      # DAGs    # Errors  Last Runtime    Last Run
------------------------------------------  -----  ---------  --------  ----------  --------------  -------------------
/opt/airflow/dags/automend_pipeline_dag.py                           1           0  1.33s           2026-02-22T21:29:42
================================================================================
[2026-02-22T21:30:25.480+0000] {manager.py:878} INFO - 
================================================================================
DAG File Processing Stats

File Path                                   PID    Runtime      # DAGs    # Errors  Last Runtime    Last Run
------------------------------------------  -----  ---------  --------  ----------  --------------  -------------------
/opt/airflow/dags/automend_pipeline_dag.py                           1           0  1.33s           2026-02-22T21:30:14
================================================================================
[2026-02-22T21:30:56.081+0000] {manager.py:878} INFO - 
================================================================================
DAG File Processing Stats

File Path                                   PID    Runtime      # DAGs    # Errors  Last Runtime    Last Run
------------------------------------------  -----  ---------  --------  ----------  --------------  -------------------
/opt/airflow/dags/automend_pipeline_dag.py                           1           0  1.29s           2026-02-22T21:30:46
================================================================================
[2026-02-22T21:31:26.645+0000] {manager.py:878} INFO - 
================================================================================
DAG File Processing Stats

File Path                                   PID    Runtime      # DAGs    # Errors  Last Runtime    Last Run
------------------------------------------  -----  ---------  --------  ----------  --------------  -------------------
/opt/airflow/dags/automend_pipeline_dag.py                           1           0  1.41s           2026-02-22T21:31:17
================================================================================
[2026-02-22T21:31:57.100+0000] {manager.py:878} INFO - 
================================================================================
DAG File Processing Stats

File Path                                   PID    Runtime      # DAGs    # Errors  Last Runtime    Last Run
------------------------------------------  -----  ---------  --------  ----------  --------------  -------------------
/opt/airflow/dags/automend_pipeline_dag.py                           1           0  1.58s           2026-02-22T21:31:49
================================================================================
[2026-02-22T21:32:27.844+0000] {manager.py:878} INFO - 
================================================================================
DAG File Processing Stats

File Path                                   PID    Runtime      # DAGs    # Errors  Last Runtime    Last Run
------------------------------------------  -----  ---------  --------  ----------  --------------  -------------------
/opt/airflow/dags/automend_pipeline_dag.py                           1           0  1.21s           2026-02-22T21:32:20
================================================================================
[2026-02-22T21:32:58.326+0000] {manager.py:878} INFO - 
================================================================================
DAG File Processing Stats

File Path                                   PID    Runtime      # DAGs    # Errors  Last Runtime    Last Run
------------------------------------------  -----  ---------  --------  ----------  --------------  -------------------
/opt/airflow/dags/automend_pipeline_dag.py                           1           0  1.49s           2026-02-22T21:32:52
================================================================================
[2026-02-22T21:33:28.431+0000] {manager.py:878} INFO - 
================================================================================
DAG File Processing Stats

File Path                                   PID    Runtime      # DAGs    # Errors  Last Runtime    Last Run
------------------------------------------  -----  ---------  --------  ----------  --------------  -------------------
/opt/airflow/dags/automend_pipeline_dag.py                           1           0  1.47s           2026-02-22T21:33:24
================================================================================
[2026-02-22T21:33:58.744+0000] {manager.py:878} INFO - 
================================================================================
DAG File Processing Stats

File Path                                   PID    Runtime      # DAGs    # Errors  Last Runtime    Last Run
------------------------------------------  -----  ---------  --------  ----------  --------------  -------------------
/opt/airflow/dags/automend_pipeline_dag.py                           1           0  1.26s           2026-02-22T21:33:55
================================================================================
[2026-02-22T21:34:29.275+0000] {manager.py:878} INFO - 
================================================================================
DAG File Processing Stats

File Path                                   PID    Runtime      # DAGs    # Errors  Last Runtime    Last Run
------------------------------------------  -----  ---------  --------  ----------  --------------  -------------------
/opt/airflow/dags/automend_pipeline_dag.py                           1           0  1.56s           2026-02-22T21:34:27
================================================================================
[2026-02-22T21:34:52.477+0000] {manager.py:737} INFO - Searching for files in /opt/airflow/dags
[2026-02-22T21:34:52.524+0000] {manager.py:740} INFO - There are 1 files in /opt/airflow/dags
[2026-02-22T21:34:59.892+0000] {manager.py:878} INFO - 
================================================================================
DAG File Processing Stats

File Path                                   PID    Runtime      # DAGs    # Errors  Last Runtime    Last Run
------------------------------------------  -----  ---------  --------  ----------  --------------  -------------------
/opt/airflow/dags/automend_pipeline_dag.py                           1           0  1.42s           2026-02-22T21:34:59
================================================================================
[2026-02-22T21:35:30.226+0000] {manager.py:878} INFO - 
================================================================================
DAG File Processing Stats

File Path                                     PID  Runtime      # DAGs    # Errors  Last Runtime    Last Run
------------------------------------------  -----  ---------  --------  ----------  --------------  -------------------
/opt/airflow/dags/automend_pipeline_dag.py    286  1.02s             1           0  1.42s           2026-02-22T21:34:59
================================================================================
[2026-02-22T21:36:00.613+0000] {manager.py:878} INFO - 
================================================================================
DAG File Processing Stats

File Path                                   PID    Runtime      # DAGs    # Errors  Last Runtime    Last Run
------------------------------------------  -----  ---------  --------  ----------  --------------  -------------------
/opt/airflow/dags/automend_pipeline_dag.py                           1           0  1.40s           2026-02-22T21:35:30
================================================================================
[2026-02-22T21:36:31.218+0000] {manager.py:878} INFO - 
================================================================================
DAG File Processing Stats

File Path                                   PID    Runtime      # DAGs    # Errors  Last Runtime    Last Run
------------------------------------------  -----  ---------  --------  ----------  --------------  -------------------
/opt/airflow/dags/automend_pipeline_dag.py                           1           0  1.39s           2026-02-22T21:36:02
================================================================================
[2026-02-22T21:37:01.910+0000] {manager.py:878} INFO - 
================================================================================
DAG File Processing Stats

File Path                                   PID    Runtime      # DAGs    # Errors  Last Runtime    Last Run
------------------------------------------  -----  ---------  --------  ----------  --------------  -------------------
/opt/airflow/dags/automend_pipeline_dag.py                           1           0  1.26s           2026-02-22T21:36:33
================================================================================
[2026-02-22T21:37:32.420+0000] {manager.py:878} INFO - 
================================================================================
DAG File Processing Stats

File Path                                   PID    Runtime      # DAGs    # Errors  Last Runtime    Last Run
------------------------------------------  -----  ---------  --------  ----------  --------------  -------------------
/opt/airflow/dags/automend_pipeline_dag.py                           1           0  1.35s           2026-02-22T21:37:05
================================================================================
[2026-02-22T21:38:02.847+0000] {manager.py:878} INFO - 
================================================================================
DAG File Processing Stats

File Path                                   PID    Runtime      # DAGs    # Errors  Last Runtime    Last Run
------------------------------------------  -----  ---------  --------  ----------  --------------  -------------------
/opt/airflow/dags/automend_pipeline_dag.py                           1           0  1.46s           2026-02-22T21:37:36
================================================================================
[2026-02-22T21:38:33.519+0000] {manager.py:878} INFO - 
================================================================================
DAG File Processing Stats

File Path                                   PID    Runtime      # DAGs    # Errors  Last Runtime    Last Run
------------------------------------------  -----  ---------  --------  ----------  --------------  -------------------
/opt/airflow/dags/automend_pipeline_dag.py                           1           0  1.33s           2026-02-22T21:38:08
================================================================================
[2026-02-22T21:39:03.528+0000] {manager.py:878} INFO - 
================================================================================
DAG File Processing Stats

File Path                                   PID    Runtime      # DAGs    # Errors  Last Runtime    Last Run
------------------------------------------  -----  ---------  --------  ----------  --------------  -------------------
/opt/airflow/dags/automend_pipeline_dag.py                           1           0  1.31s           2026-02-22T21:38:40
================================================================================
[2026-02-22T21:39:33.686+0000] {manager.py:878} INFO - 
================================================================================
DAG File Processing Stats

File Path                                   PID    Runtime      # DAGs    # Errors  Last Runtime    Last Run
------------------------------------------  -----  ---------  --------  ----------  --------------  -------------------
/opt/airflow/dags/automend_pipeline_dag.py                           1           0  1.22s           2026-02-22T21:39:11
================================================================================
[2026-02-22T21:39:52.861+0000] {manager.py:737} INFO - Searching for files in /opt/airflow/dags
[2026-02-22T21:39:52.915+0000] {manager.py:740} INFO - There are 1 files in /opt/airflow/dags
[2026-02-22T21:40:04.062+0000] {manager.py:878} INFO - 
================================================================================
DAG File Processing Stats

File Path                                   PID    Runtime      # DAGs    # Errors  Last Runtime    Last Run
------------------------------------------  -----  ---------  --------  ----------  --------------  -------------------
/opt/airflow/dags/automend_pipeline_dag.py                           1           0  1.39s           2026-02-22T21:39:42
================================================================================
[2026-02-22T21:40:34.117+0000] {manager.py:878} INFO - 
================================================================================
DAG File Processing Stats

File Path                                   PID    Runtime      # DAGs    # Errors  Last Runtime    Last Run
------------------------------------------  -----  ---------  --------  ----------  --------------  -------------------
/opt/airflow/dags/automend_pipeline_dag.py                           1           0  1.66s           2026-02-22T21:40:10
================================================================================
[2026-02-22T21:41:04.807+0000] {manager.py:878} INFO - 
================================================================================
DAG File Processing Stats

File Path                                   PID    Runtime      # DAGs    # Errors  Last Runtime    Last Run
------------------------------------------  -----  ---------  --------  ----------  --------------  -------------------
/opt/airflow/dags/automend_pipeline_dag.py                           1           0  1.51s           2026-02-22T21:40:42
================================================================================
[2026-02-22T21:41:35.295+0000] {manager.py:878} INFO - 
================================================================================
DAG File Processing Stats

File Path                                   PID    Runtime      # DAGs    # Errors  Last Runtime    Last Run
------------------------------------------  -----  ---------  --------  ----------  --------------  -------------------
/opt/airflow/dags/automend_pipeline_dag.py                           1           0  1.66s           2026-02-22T21:41:14
================================================================================
[2026-02-22T21:42:05.586+0000] {manager.py:878} INFO - 
================================================================================
DAG File Processing Stats

File Path                                   PID    Runtime      # DAGs    # Errors  Last Runtime    Last Run
------------------------------------------  -----  ---------  --------  ----------  --------------  -------------------
/opt/airflow/dags/automend_pipeline_dag.py                           1           0  1.55s           2026-02-22T21:41:46
================================================================================
[2026-02-22T21:42:35.921+0000] {manager.py:878} INFO - 
================================================================================
DAG File Processing Stats

File Path                                   PID    Runtime      # DAGs    # Errors  Last Runtime    Last Run
------------------------------------------  -----  ---------  --------  ----------  --------------  -------------------
/opt/airflow/dags/automend_pipeline_dag.py                           1           0  1.58s           2026-02-22T21:42:18
================================================================================
[2026-02-22T21:43:06.141+0000] {manager.py:878} INFO - 
================================================================================
DAG File Processing Stats

File Path                                   PID    Runtime      # DAGs    # Errors  Last Runtime    Last Run
------------------------------------------  -----  ---------  --------  ----------  --------------  -------------------
/opt/airflow/dags/automend_pipeline_dag.py                           1           0  1.37s           2026-02-22T21:42:49
================================================================================
[2026-02-22T21:43:36.448+0000] {manager.py:878} INFO - 
================================================================================
DAG File Processing Stats

File Path                                   PID    Runtime      # DAGs    # Errors  Last Runtime    Last Run
------------------------------------------  -----  ---------  --------  ----------  --------------  -------------------
/opt/airflow/dags/automend_pipeline_dag.py                           1           0  1.26s           2026-02-22T21:43:21
================================================================================
[2026-02-22T21:44:06.983+0000] {manager.py:878} INFO - 
================================================================================
DAG File Processing Stats

File Path                                   PID    Runtime      # DAGs    # Errors  Last Runtime    Last Run
------------------------------------------  -----  ---------  --------  ----------  --------------  -------------------
/opt/airflow/dags/automend_pipeline_dag.py                           1           0  1.65s           2026-02-22T21:43:53
================================================================================
[2026-02-22T21:44:37.706+0000] {manager.py:878} INFO - 
================================================================================
DAG File Processing Stats

File Path                                   PID    Runtime      # DAGs    # Errors  Last Runtime    Last Run
------------------------------------------  -----  ---------  --------  ----------  --------------  -------------------
/opt/airflow/dags/automend_pipeline_dag.py                           1           0  1.25s           2026-02-22T21:44:24
================================================================================
[2026-02-22T21:44:53.082+0000] {manager.py:737} INFO - Searching for files in /opt/airflow/dags
[2026-02-22T21:44:53.118+0000] {manager.py:740} INFO - There are 1 files in /opt/airflow/dags
[2026-02-22T21:45:08.014+0000] {manager.py:878} INFO - 
================================================================================
DAG File Processing Stats

File Path                                   PID    Runtime      # DAGs    # Errors  Last Runtime    Last Run
------------------------------------------  -----  ---------  --------  ----------  --------------  -------------------
/opt/airflow/dags/automend_pipeline_dag.py                           1           0  1.21s           2026-02-22T21:44:56
================================================================================
[2026-02-22T21:45:36.472+0000] {manager.py:452} INFO - Exiting gracefully upon receiving signal 15
[2026-02-22T21:48:18.888+0000] {manager.py:470} INFO - Processing files using up to 2 processes at a time 
[2026-02-22T21:48:18.891+0000] {manager.py:471} INFO - Process each file at most once every 30 seconds
[2026-02-22T21:48:18.894+0000] {manager.py:472} INFO - Checking for new files in /opt/airflow/dags every 300 seconds
[2026-02-22T21:48:18.896+0000] {manager.py:737} INFO - Searching for files in /opt/airflow/dags
[2026-02-22T21:48:18.946+0000] {manager.py:740} INFO - There are 1 files in /opt/airflow/dags
[2026-02-22T21:48:19.166+0000] {manager.py:878} INFO - 
================================================================================
DAG File Processing Stats

File Path                                     PID  Runtime      # DAGs    # Errors  Last Runtime    Last Run
------------------------------------------  -----  ---------  --------  ----------  --------------  ----------
/opt/airflow/dags/automend_pipeline_dag.py     97  0.09s             0           0
================================================================================
[2026-02-22T21:48:31.019+0000] {manager.py:452} INFO - Exiting gracefully upon receiving signal 15
[2026-02-22T21:49:07.813+0000] {manager.py:470} INFO - Processing files using up to 2 processes at a time 
[2026-02-22T21:49:07.822+0000] {manager.py:471} INFO - Process each file at most once every 30 seconds
[2026-02-22T21:49:07.831+0000] {manager.py:472} INFO - Checking for new files in /opt/airflow/dags every 300 seconds
[2026-02-22T21:49:07.836+0000] {manager.py:737} INFO - Searching for files in /opt/airflow/dags
[2026-02-22T21:49:07.999+0000] {manager.py:740} INFO - There are 1 files in /opt/airflow/dags
[2026-02-22T21:49:08.253+0000] {manager.py:878} INFO - 
================================================================================
DAG File Processing Stats

File Path                                     PID  Runtime      # DAGs    # Errors  Last Runtime    Last Run
------------------------------------------  -----  ---------  --------  ----------  --------------  ----------
/opt/airflow/dags/automend_pipeline_dag.py     96  0.09s             0           0
================================================================================
[2026-02-22T21:49:38.496+0000] {manager.py:878} INFO - 
================================================================================
DAG File Processing Stats

File Path                                   PID    Runtime      # DAGs    # Errors  Last Runtime    Last Run
------------------------------------------  -----  ---------  --------  ----------  --------------  -------------------
/opt/airflow/dags/automend_pipeline_dag.py                           1           0  1.69s           2026-02-22T21:49:09
================================================================================
[2026-02-22T21:50:08.769+0000] {manager.py:878} INFO - 
================================================================================
DAG File Processing Stats

File Path                                   PID    Runtime      # DAGs    # Errors  Last Runtime    Last Run
------------------------------------------  -----  ---------  --------  ----------  --------------  -------------------
/opt/airflow/dags/automend_pipeline_dag.py                           1           0  1.44s           2026-02-22T21:49:41
================================================================================
[2026-02-22T21:50:39.153+0000] {manager.py:878} INFO - 
================================================================================
DAG File Processing Stats

File Path                                   PID    Runtime      # DAGs    # Errors  Last Runtime    Last Run
------------------------------------------  -----  ---------  --------  ----------  --------------  -------------------
/opt/airflow/dags/automend_pipeline_dag.py                           1           0  1.58s           2026-02-22T21:50:13
================================================================================
[2026-02-22T21:51:09.408+0000] {manager.py:878} INFO - 
================================================================================
DAG File Processing Stats

File Path                                   PID    Runtime      # DAGs    # Errors  Last Runtime    Last Run
------------------------------------------  -----  ---------  --------  ----------  --------------  -------------------
/opt/airflow/dags/automend_pipeline_dag.py                           1           0  1.42s           2026-02-22T21:50:45
================================================================================
[2026-02-22T21:51:39.722+0000] {manager.py:878} INFO - 
================================================================================
DAG File Processing Stats

File Path                                   PID    Runtime      # DAGs    # Errors  Last Runtime    Last Run
------------------------------------------  -----  ---------  --------  ----------  --------------  -------------------
/opt/airflow/dags/automend_pipeline_dag.py                           1           0  1.35s           2026-02-22T21:51:16
================================================================================
[2026-02-22T21:52:10.346+0000] {manager.py:878} INFO - 
================================================================================
DAG File Processing Stats

File Path                                   PID    Runtime      # DAGs    # Errors  Last Runtime    Last Run
------------------------------------------  -----  ---------  --------  ----------  --------------  -------------------
/opt/airflow/dags/automend_pipeline_dag.py                           1           0  1.34s           2026-02-22T21:51:48
================================================================================
[2026-02-22T21:52:40.993+0000] {manager.py:878} INFO - 
================================================================================
DAG File Processing Stats

File Path                                   PID    Runtime      # DAGs    # Errors  Last Runtime    Last Run
------------------------------------------  -----  ---------  --------  ----------  --------------  -------------------
/opt/airflow/dags/automend_pipeline_dag.py                           1           0  1.24s           2026-02-22T21:52:19
================================================================================
[2026-02-22T21:53:11.508+0000] {manager.py:878} INFO - 
================================================================================
DAG File Processing Stats

File Path                                   PID    Runtime      # DAGs    # Errors  Last Runtime    Last Run
------------------------------------------  -----  ---------  --------  ----------  --------------  -------------------
/opt/airflow/dags/automend_pipeline_dag.py                           1           0  1.42s           2026-02-22T21:52:51
================================================================================
[2026-02-22T21:53:42.041+0000] {manager.py:878} INFO - 
================================================================================
DAG File Processing Stats

File Path                                   PID    Runtime      # DAGs    # Errors  Last Runtime    Last Run
------------------------------------------  -----  ---------  --------  ----------  --------------  -------------------
/opt/airflow/dags/automend_pipeline_dag.py                           1           0  1.30s           2026-02-22T21:53:22
================================================================================
[2026-02-22T21:54:08.356+0000] {manager.py:737} INFO - Searching for files in /opt/airflow/dags
[2026-02-22T21:54:08.400+0000] {manager.py:740} INFO - There are 1 files in /opt/airflow/dags
[2026-02-22T21:54:12.455+0000] {manager.py:878} INFO - 
================================================================================
DAG File Processing Stats

File Path                                   PID    Runtime      # DAGs    # Errors  Last Runtime    Last Run
------------------------------------------  -----  ---------  --------  ----------  --------------  -------------------
/opt/airflow/dags/automend_pipeline_dag.py                           1           0  1.47s           2026-02-22T21:53:54
================================================================================
[2026-02-22T21:54:43.133+0000] {manager.py:878} INFO - 
================================================================================
DAG File Processing Stats

File Path                                   PID    Runtime      # DAGs    # Errors  Last Runtime    Last Run
------------------------------------------  -----  ---------  --------  ----------  --------------  -------------------
/opt/airflow/dags/automend_pipeline_dag.py                           1           0  1.28s           2026-02-22T21:54:26
================================================================================
[2026-02-22T21:55:13.464+0000] {manager.py:878} INFO - 
================================================================================
DAG File Processing Stats

File Path                                   PID    Runtime      # DAGs    # Errors  Last Runtime    Last Run
------------------------------------------  -----  ---------  --------  ----------  --------------  -------------------
/opt/airflow/dags/automend_pipeline_dag.py                           1           0  1.24s           2026-02-22T21:54:57
================================================================================
[2026-02-22T21:55:43.923+0000] {manager.py:878} INFO - 
================================================================================
DAG File Processing Stats

File Path                                   PID    Runtime      # DAGs    # Errors  Last Runtime    Last Run
------------------------------------------  -----  ---------  --------  ----------  --------------  -------------------
/opt/airflow/dags/automend_pipeline_dag.py                           1           0  1.27s           2026-02-22T21:55:28
================================================================================
[2026-02-22T21:56:14.273+0000] {manager.py:878} INFO - 
================================================================================
DAG File Processing Stats

File Path                                   PID    Runtime      # DAGs    # Errors  Last Runtime    Last Run
------------------------------------------  -----  ---------  --------  ----------  --------------  -------------------
/opt/airflow/dags/automend_pipeline_dag.py                           1           0  1.23s           2026-02-22T21:56:00
================================================================================
[2026-02-22T21:56:44.712+0000] {manager.py:878} INFO - 
================================================================================
DAG File Processing Stats

File Path                                   PID    Runtime      # DAGs    # Errors  Last Runtime    Last Run
------------------------------------------  -----  ---------  --------  ----------  --------------  -------------------
/opt/airflow/dags/automend_pipeline_dag.py                           1           0  1.25s           2026-02-22T21:56:31
================================================================================
[2026-02-22T21:57:15.108+0000] {manager.py:878} INFO - 
================================================================================
DAG File Processing Stats

File Path                                   PID    Runtime      # DAGs    # Errors  Last Runtime    Last Run
------------------------------------------  -----  ---------  --------  ----------  --------------  -------------------
/opt/airflow/dags/automend_pipeline_dag.py                           1           0  1.46s           2026-02-22T21:57:03
================================================================================
[2026-02-22T21:57:45.111+0000] {manager.py:878} INFO - 
================================================================================
DAG File Processing Stats

File Path                                   PID    Runtime      # DAGs    # Errors  Last Runtime    Last Run
------------------------------------------  -----  ---------  --------  ----------  --------------  -------------------
/opt/airflow/dags/automend_pipeline_dag.py                           1           0  1.35s           2026-02-22T21:57:35
================================================================================
[2026-02-22T21:58:00.520+0000] {manager.py:452} INFO - Exiting gracefully upon receiving signal 15
[2026-02-22T22:01:11.289+0000] {manager.py:470} INFO - Processing files using up to 2 processes at a time 
[2026-02-22T22:01:11.292+0000] {manager.py:471} INFO - Process each file at most once every 30 seconds
[2026-02-22T22:01:11.295+0000] {manager.py:472} INFO - Checking for new files in /opt/airflow/dags every 300 seconds
[2026-02-22T22:01:11.297+0000] {manager.py:737} INFO - Searching for files in /opt/airflow/dags
[2026-02-22T22:01:11.336+0000] {manager.py:740} INFO - There are 1 files in /opt/airflow/dags
[2026-02-22T22:01:11.548+0000] {manager.py:878} INFO - 
================================================================================
DAG File Processing Stats

File Path                                     PID  Runtime      # DAGs    # Errors  Last Runtime    Last Run
------------------------------------------  -----  ---------  --------  ----------  --------------  ----------
/opt/airflow/dags/automend_pipeline_dag.py     97  0.09s             0           0
================================================================================
[2026-02-22T22:01:41.817+0000] {manager.py:878} INFO - 
================================================================================
DAG File Processing Stats

File Path                                   PID    Runtime      # DAGs    # Errors  Last Runtime    Last Run
------------------------------------------  -----  ---------  --------  ----------  --------------  -------------------
/opt/airflow/dags/automend_pipeline_dag.py                           1           0  3.80s           2026-02-22T22:01:15
================================================================================
[2026-02-22T22:02:12.141+0000] {manager.py:878} INFO - 
================================================================================
DAG File Processing Stats

File Path                                   PID    Runtime      # DAGs    # Errors  Last Runtime    Last Run
------------------------------------------  -----  ---------  --------  ----------  --------------  -------------------
/opt/airflow/dags/automend_pipeline_dag.py                           1           0  1.30s           2026-02-22T22:01:46
================================================================================
[2026-02-22T22:02:42.446+0000] {manager.py:878} INFO - 
================================================================================
DAG File Processing Stats

File Path                                   PID    Runtime      # DAGs    # Errors  Last Runtime    Last Run
------------------------------------------  -----  ---------  --------  ----------  --------------  -------------------
/opt/airflow/dags/automend_pipeline_dag.py                           1           0  1.26s           2026-02-22T22:02:18
================================================================================
[2026-02-22T22:03:12.994+0000] {manager.py:878} INFO - 
================================================================================
DAG File Processing Stats

File Path                                   PID    Runtime      # DAGs    # Errors  Last Runtime    Last Run
------------------------------------------  -----  ---------  --------  ----------  --------------  -------------------
/opt/airflow/dags/automend_pipeline_dag.py                           1           0  1.40s           2026-02-22T22:02:49
================================================================================
[2026-02-22T22:03:43.439+0000] {manager.py:878} INFO - 
================================================================================
DAG File Processing Stats

File Path                                   PID    Runtime      # DAGs    # Errors  Last Runtime    Last Run
------------------------------------------  -----  ---------  --------  ----------  --------------  -------------------
/opt/airflow/dags/automend_pipeline_dag.py                           1           0  1.40s           2026-02-22T22:03:21
================================================================================
[2026-02-22T22:04:13.993+0000] {manager.py:878} INFO - 
================================================================================
DAG File Processing Stats

File Path                                   PID    Runtime      # DAGs    # Errors  Last Runtime    Last Run
------------------------------------------  -----  ---------  --------  ----------  --------------  -------------------
/opt/airflow/dags/automend_pipeline_dag.py                           1           0  1.37s           2026-02-22T22:03:52
================================================================================
[2026-02-22T22:04:44.378+0000] {manager.py:878} INFO - 
================================================================================
DAG File Processing Stats

File Path                                   PID    Runtime      # DAGs    # Errors  Last Runtime    Last Run
------------------------------------------  -----  ---------  --------  ----------  --------------  -------------------
/opt/airflow/dags/automend_pipeline_dag.py                           1           0  1.52s           2026-02-22T22:04:24
================================================================================
[2026-02-22T22:05:14.598+0000] {manager.py:878} INFO - 
================================================================================
DAG File Processing Stats

File Path                                   PID    Runtime      # DAGs    # Errors  Last Runtime    Last Run
------------------------------------------  -----  ---------  --------  ----------  --------------  -------------------
/opt/airflow/dags/automend_pipeline_dag.py                           1           0  1.46s           2026-02-22T22:04:56
================================================================================
[2026-02-22T22:05:44.918+0000] {manager.py:878} INFO - 
================================================================================
DAG File Processing Stats

File Path                                   PID    Runtime      # DAGs    # Errors  Last Runtime    Last Run
------------------------------------------  -----  ---------  --------  ----------  --------------  -------------------
/opt/airflow/dags/automend_pipeline_dag.py                           1           0  1.42s           2026-02-22T22:05:28
================================================================================
[2026-02-22T22:06:11.594+0000] {manager.py:737} INFO - Searching for files in /opt/airflow/dags
[2026-02-22T22:06:11.644+0000] {manager.py:740} INFO - There are 1 files in /opt/airflow/dags
[2026-02-22T22:06:14.964+0000] {manager.py:878} INFO - 
================================================================================
DAG File Processing Stats

File Path                                   PID    Runtime      # DAGs    # Errors  Last Runtime    Last Run
------------------------------------------  -----  ---------  --------  ----------  --------------  -------------------
/opt/airflow/dags/automend_pipeline_dag.py                           1           0  1.36s           2026-02-22T22:05:59
================================================================================
[2026-02-22T22:06:45.265+0000] {manager.py:878} INFO - 
================================================================================
DAG File Processing Stats

File Path                                   PID    Runtime      # DAGs    # Errors  Last Runtime    Last Run
------------------------------------------  -----  ---------  --------  ----------  --------------  -------------------
/opt/airflow/dags/automend_pipeline_dag.py                           1           0  1.33s           2026-02-22T22:06:31
================================================================================
[2026-02-22T22:07:15.632+0000] {manager.py:878} INFO - 
================================================================================
DAG File Processing Stats

File Path                                   PID    Runtime      # DAGs    # Errors  Last Runtime    Last Run
------------------------------------------  -----  ---------  --------  ----------  --------------  -------------------
/opt/airflow/dags/automend_pipeline_dag.py                           1           0  1.31s           2026-02-22T22:07:02
================================================================================
[2026-02-22T22:07:46.149+0000] {manager.py:878} INFO - 
================================================================================
DAG File Processing Stats

File Path                                   PID    Runtime      # DAGs    # Errors  Last Runtime    Last Run
------------------------------------------  -----  ---------  --------  ----------  --------------  -------------------
/opt/airflow/dags/automend_pipeline_dag.py                           1           0  1.61s           2026-02-22T22:07:34
================================================================================
[2026-02-22T22:08:16.198+0000] {manager.py:878} INFO - 
================================================================================
DAG File Processing Stats

File Path                                   PID    Runtime      # DAGs    # Errors  Last Runtime    Last Run
------------------------------------------  -----  ---------  --------  ----------  --------------  -------------------
/opt/airflow/dags/automend_pipeline_dag.py                           1           0  1.36s           2026-02-22T22:08:06
================================================================================
[2026-02-22T22:08:46.510+0000] {manager.py:878} INFO - 
================================================================================
DAG File Processing Stats

File Path                                   PID    Runtime      # DAGs    # Errors  Last Runtime    Last Run
------------------------------------------  -----  ---------  --------  ----------  --------------  -------------------
/opt/airflow/dags/automend_pipeline_dag.py                           1           0  1.26s           2026-02-22T22:08:37
================================================================================
[2026-02-22T22:09:17.038+0000] {manager.py:878} INFO - 
================================================================================
DAG File Processing Stats

File Path                                   PID    Runtime      # DAGs    # Errors  Last Runtime    Last Run
------------------------------------------  -----  ---------  --------  ----------  --------------  -------------------
/opt/airflow/dags/automend_pipeline_dag.py                           1           0  1.38s           2026-02-22T22:09:09
================================================================================
[2026-02-22T22:09:47.484+0000] {manager.py:878} INFO - 
================================================================================
DAG File Processing Stats

File Path                                   PID    Runtime      # DAGs    # Errors  Last Runtime    Last Run
------------------------------------------  -----  ---------  --------  ----------  --------------  -------------------
/opt/airflow/dags/automend_pipeline_dag.py                           1           0  1.37s           2026-02-22T22:09:40
================================================================================
[2026-02-22T22:10:18.003+0000] {manager.py:878} INFO - 
================================================================================
DAG File Processing Stats

File Path                                   PID    Runtime      # DAGs    # Errors  Last Runtime    Last Run
------------------------------------------  -----  ---------  --------  ----------  --------------  -------------------
/opt/airflow/dags/automend_pipeline_dag.py                           1           0  1.39s           2026-02-22T22:10:12
================================================================================
[2026-02-22T22:10:48.443+0000] {manager.py:878} INFO - 
================================================================================
DAG File Processing Stats

File Path                                   PID    Runtime      # DAGs    # Errors  Last Runtime    Last Run
------------------------------------------  -----  ---------  --------  ----------  --------------  -------------------
/opt/airflow/dags/automend_pipeline_dag.py                           1           0  1.35s           2026-02-22T22:10:43
================================================================================
[2026-02-22T22:11:11.712+0000] {manager.py:737} INFO - Searching for files in /opt/airflow/dags
[2026-02-22T22:11:11.752+0000] {manager.py:740} INFO - There are 1 files in /opt/airflow/dags
[2026-02-22T22:11:19.006+0000] {manager.py:878} INFO - 
================================================================================
DAG File Processing Stats

File Path                                   PID    Runtime      # DAGs    # Errors  Last Runtime    Last Run
------------------------------------------  -----  ---------  --------  ----------  --------------  -------------------
/opt/airflow/dags/automend_pipeline_dag.py                           1           0  1.47s           2026-02-22T22:11:15
================================================================================
[2026-02-22T22:11:49.031+0000] {manager.py:878} INFO - 
================================================================================
DAG File Processing Stats

File Path                                   PID    Runtime      # DAGs    # Errors  Last Runtime    Last Run
------------------------------------------  -----  ---------  --------  ----------  --------------  -------------------
/opt/airflow/dags/automend_pipeline_dag.py                           1           0  1.40s           2026-02-22T22:11:46
================================================================================
[2026-02-22T22:12:19.923+0000] {manager.py:878} INFO - 
================================================================================
DAG File Processing Stats

File Path                                   PID    Runtime      # DAGs    # Errors  Last Runtime    Last Run
------------------------------------------  -----  ---------  --------  ----------  --------------  -------------------
/opt/airflow/dags/automend_pipeline_dag.py                           1           0  1.57s           2026-02-22T22:12:16
================================================================================
[2026-02-22T22:12:48.768+0000] {manager.py:452} INFO - Exiting gracefully upon receiving signal 15
[2026-02-22T22:12:48.767+0000] {manager.py:452} INFO - Exiting gracefully upon receiving signal 15
[2026-02-22T22:17:10.704+0000] {manager.py:470} INFO - Processing files using up to 2 processes at a time 
[2026-02-22T22:17:10.707+0000] {manager.py:471} INFO - Process each file at most once every 30 seconds
[2026-02-22T22:17:10.710+0000] {manager.py:472} INFO - Checking for new files in /opt/airflow/dags every 300 seconds
[2026-02-22T22:17:10.713+0000] {manager.py:737} INFO - Searching for files in /opt/airflow/dags
[2026-02-22T22:17:10.783+0000] {manager.py:740} INFO - There are 1 files in /opt/airflow/dags
[2026-02-22T22:17:11.006+0000] {manager.py:878} INFO - 
================================================================================
DAG File Processing Stats

File Path                                     PID  Runtime      # DAGs    # Errors  Last Runtime    Last Run
------------------------------------------  -----  ---------  --------  ----------  --------------  ----------
/opt/airflow/dags/automend_pipeline_dag.py     99  0.09s             0           0
================================================================================
[2026-02-22T22:17:41.270+0000] {manager.py:878} INFO - 
================================================================================
DAG File Processing Stats

File Path                                   PID    Runtime      # DAGs    # Errors  Last Runtime    Last Run
------------------------------------------  -----  ---------  --------  ----------  --------------  -------------------
/opt/airflow/dags/automend_pipeline_dag.py                           1           0  3.68s           2026-02-22T22:17:14
================================================================================
[2026-02-22T22:18:11.579+0000] {manager.py:878} INFO - 
================================================================================
DAG File Processing Stats

File Path                                   PID    Runtime      # DAGs    # Errors  Last Runtime    Last Run
------------------------------------------  -----  ---------  --------  ----------  --------------  -------------------
/opt/airflow/dags/automend_pipeline_dag.py                           1           0  1.65s           2026-02-22T22:17:46
================================================================================
[2026-02-22T22:18:42.114+0000] {manager.py:878} INFO - 
================================================================================
DAG File Processing Stats

File Path                                   PID    Runtime      # DAGs    # Errors  Last Runtime    Last Run
------------------------------------------  -----  ---------  --------  ----------  --------------  -------------------
/opt/airflow/dags/automend_pipeline_dag.py                           1           0  1.30s           2026-02-22T22:18:17
================================================================================
[2026-02-22T22:19:12.469+0000] {manager.py:878} INFO - 
================================================================================
DAG File Processing Stats

File Path                                   PID    Runtime      # DAGs    # Errors  Last Runtime    Last Run
------------------------------------------  -----  ---------  --------  ----------  --------------  -------------------
/opt/airflow/dags/automend_pipeline_dag.py                           1           0  1.29s           2026-02-22T22:18:49
================================================================================
[2026-02-22T22:19:42.953+0000] {manager.py:878} INFO - 
================================================================================
DAG File Processing Stats

File Path                                   PID    Runtime      # DAGs    # Errors  Last Runtime    Last Run
------------------------------------------  -----  ---------  --------  ----------  --------------  -------------------
/opt/airflow/dags/automend_pipeline_dag.py                           1           0  1.46s           2026-02-22T22:19:21
================================================================================
[2026-02-22T22:20:13.536+0000] {manager.py:878} INFO - 
================================================================================
DAG File Processing Stats

File Path                                   PID    Runtime      # DAGs    # Errors  Last Runtime    Last Run
------------------------------------------  -----  ---------  --------  ----------  --------------  -------------------
/opt/airflow/dags/automend_pipeline_dag.py                           1           0  1.39s           2026-02-22T22:19:52
================================================================================
[2026-02-22T22:20:43.937+0000] {manager.py:878} INFO - 
================================================================================
DAG File Processing Stats

File Path                                   PID    Runtime      # DAGs    # Errors  Last Runtime    Last Run
------------------------------------------  -----  ---------  --------  ----------  --------------  -------------------
/opt/airflow/dags/automend_pipeline_dag.py                           1           0  1.44s           2026-02-22T22:20:24
================================================================================
[2026-02-22T22:21:13.998+0000] {manager.py:878} INFO - 
================================================================================
DAG File Processing Stats

File Path                                   PID    Runtime      # DAGs    # Errors  Last Runtime    Last Run
------------------------------------------  -----  ---------  --------  ----------  --------------  -------------------
/opt/airflow/dags/automend_pipeline_dag.py                           1           0  1.43s           2026-02-22T22:20:55
================================================================================
[2026-02-22T22:21:44.312+0000] {manager.py:878} INFO - 
================================================================================
DAG File Processing Stats

File Path                                   PID    Runtime      # DAGs    # Errors  Last Runtime    Last Run
------------------------------------------  -----  ---------  --------  ----------  --------------  -------------------
/opt/airflow/dags/automend_pipeline_dag.py                           1           0  1.34s           2026-02-22T22:21:27
================================================================================
[2026-02-22T22:22:10.912+0000] {manager.py:737} INFO - Searching for files in /opt/airflow/dags
[2026-02-22T22:22:10.972+0000] {manager.py:740} INFO - There are 1 files in /opt/airflow/dags
[2026-02-22T22:22:15.050+0000] {manager.py:878} INFO - 
================================================================================
DAG File Processing Stats

File Path                                   PID    Runtime      # DAGs    # Errors  Last Runtime    Last Run
------------------------------------------  -----  ---------  --------  ----------  --------------  -------------------
/opt/airflow/dags/automend_pipeline_dag.py                           1           0  1.32s           2026-02-22T22:21:59
================================================================================
[2026-02-22T22:22:45.533+0000] {manager.py:878} INFO - 
================================================================================
DAG File Processing Stats

File Path                                   PID    Runtime      # DAGs    # Errors  Last Runtime    Last Run
------------------------------------------  -----  ---------  --------  ----------  --------------  -------------------
/opt/airflow/dags/automend_pipeline_dag.py                           1           0  1.27s           2026-02-22T22:22:30
================================================================================
[2026-02-22T22:23:15.871+0000] {manager.py:878} INFO - 
================================================================================
DAG File Processing Stats

File Path                                   PID    Runtime      # DAGs    # Errors  Last Runtime    Last Run
------------------------------------------  -----  ---------  --------  ----------  --------------  -------------------
/opt/airflow/dags/automend_pipeline_dag.py                           1           0  1.43s           2026-02-22T22:23:02
================================================================================
[2026-02-22T22:23:46.057+0000] {manager.py:878} INFO - 
================================================================================
DAG File Processing Stats

File Path                                   PID    Runtime      # DAGs    # Errors  Last Runtime    Last Run
------------------------------------------  -----  ---------  --------  ----------  --------------  -------------------
/opt/airflow/dags/automend_pipeline_dag.py                           1           0  1.50s           2026-02-22T22:23:33
================================================================================
[2026-02-22T22:24:16.906+0000] {manager.py:878} INFO - 
================================================================================
DAG File Processing Stats

File Path                                   PID    Runtime      # DAGs    # Errors  Last Runtime    Last Run
------------------------------------------  -----  ---------  --------  ----------  --------------  -------------------
/opt/airflow/dags/automend_pipeline_dag.py                           1           0  1.60s           2026-02-22T22:24:05
================================================================================
[2026-02-22T22:24:47.292+0000] {manager.py:878} INFO - 
================================================================================
DAG File Processing Stats

File Path                                   PID    Runtime      # DAGs    # Errors  Last Runtime    Last Run
------------------------------------------  -----  ---------  --------  ----------  --------------  -------------------
/opt/airflow/dags/automend_pipeline_dag.py                           1           0  1.52s           2026-02-22T22:24:37
================================================================================
[2026-02-22T22:25:17.347+0000] {manager.py:878} INFO - 
================================================================================
DAG File Processing Stats

File Path                                   PID    Runtime      # DAGs    # Errors  Last Runtime    Last Run
------------------------------------------  -----  ---------  --------  ----------  --------------  -------------------
/opt/airflow/dags/automend_pipeline_dag.py                           1           0  1.32s           2026-02-22T22:25:09
================================================================================
[2026-02-22T22:25:47.658+0000] {manager.py:878} INFO - 
================================================================================
DAG File Processing Stats

File Path                                   PID    Runtime      # DAGs    # Errors  Last Runtime    Last Run
------------------------------------------  -----  ---------  --------  ----------  --------------  -------------------
/opt/airflow/dags/automend_pipeline_dag.py                           1           0  1.38s           2026-02-22T22:25:40
================================================================================
[2026-02-22T22:25:58.031+0000] {manager.py:452} INFO - Exiting gracefully upon receiving signal 15
[2026-02-22T22:29:58.660+0000] {manager.py:470} INFO - Processing files using up to 2 processes at a time 
[2026-02-22T22:29:58.664+0000] {manager.py:471} INFO - Process each file at most once every 30 seconds
[2026-02-22T22:29:58.668+0000] {manager.py:472} INFO - Checking for new files in /opt/airflow/dags every 300 seconds
[2026-02-22T22:29:58.671+0000] {manager.py:737} INFO - Searching for files in /opt/airflow/dags
[2026-02-22T22:29:58.739+0000] {manager.py:740} INFO - There are 1 files in /opt/airflow/dags
[2026-02-22T22:29:58.969+0000] {manager.py:878} INFO - 
================================================================================
DAG File Processing Stats

File Path                                     PID  Runtime      # DAGs    # Errors  Last Runtime    Last Run
------------------------------------------  -----  ---------  --------  ----------  --------------  ----------
/opt/airflow/dags/automend_pipeline_dag.py     98  0.09s             0           0
================================================================================
[2026-02-22T22:30:29.059+0000] {manager.py:878} INFO - 
================================================================================
DAG File Processing Stats

File Path                                   PID    Runtime      # DAGs    # Errors  Last Runtime    Last Run
------------------------------------------  -----  ---------  --------  ----------  --------------  -------------------
/opt/airflow/dags/automend_pipeline_dag.py                           1           0  3.93s           2026-02-22T22:30:02
================================================================================
[2026-02-22T22:30:59.503+0000] {manager.py:878} INFO - 
================================================================================
DAG File Processing Stats

File Path                                   PID    Runtime      # DAGs    # Errors  Last Runtime    Last Run
------------------------------------------  -----  ---------  --------  ----------  --------------  -------------------
/opt/airflow/dags/automend_pipeline_dag.py                           1           0  1.42s           2026-02-22T22:30:34
================================================================================
[2026-02-22T22:31:30.078+0000] {manager.py:878} INFO - 
================================================================================
DAG File Processing Stats

File Path                                   PID    Runtime      # DAGs    # Errors  Last Runtime    Last Run
------------------------------------------  -----  ---------  --------  ----------  --------------  -------------------
/opt/airflow/dags/automend_pipeline_dag.py                           1           0  1.38s           2026-02-22T22:31:05
================================================================================
[2026-02-22T22:32:00.481+0000] {manager.py:878} INFO - 
================================================================================
DAG File Processing Stats

File Path                                   PID    Runtime      # DAGs    # Errors  Last Runtime    Last Run
------------------------------------------  -----  ---------  --------  ----------  --------------  -------------------
/opt/airflow/dags/automend_pipeline_dag.py                           1           0  1.46s           2026-02-22T22:31:37
================================================================================
[2026-02-22T22:32:30.626+0000] {manager.py:878} INFO - 
================================================================================
DAG File Processing Stats

File Path                                   PID    Runtime      # DAGs    # Errors  Last Runtime    Last Run
------------------------------------------  -----  ---------  --------  ----------  --------------  -------------------
/opt/airflow/dags/automend_pipeline_dag.py                           1           0  1.46s           2026-02-22T22:32:09
================================================================================
[2026-02-22T22:33:00.944+0000] {manager.py:878} INFO - 
================================================================================
DAG File Processing Stats

File Path                                   PID    Runtime      # DAGs    # Errors  Last Runtime    Last Run
------------------------------------------  -----  ---------  --------  ----------  --------------  -------------------
/opt/airflow/dags/automend_pipeline_dag.py                           1           0  1.39s           2026-02-22T22:32:41
================================================================================
[2026-02-22T22:33:27.162+0000] {manager.py:452} INFO - Exiting gracefully upon receiving signal 15
[2026-02-23T00:17:05.781+0000] {manager.py:470} INFO - Processing files using up to 2 processes at a time 
[2026-02-23T00:17:05.783+0000] {manager.py:471} INFO - Process each file at most once every 30 seconds
[2026-02-23T00:17:05.788+0000] {manager.py:472} INFO - Checking for new files in /opt/airflow/dags every 300 seconds
[2026-02-23T00:17:05.791+0000] {manager.py:737} INFO - Searching for files in /opt/airflow/dags
[2026-02-23T00:17:05.941+0000] {manager.py:740} INFO - There are 1 files in /opt/airflow/dags
[2026-02-23T00:17:06.219+0000] {manager.py:878} INFO - 
================================================================================
DAG File Processing Stats

File Path                                     PID  Runtime      # DAGs    # Errors  Last Runtime    Last Run
------------------------------------------  -----  ---------  --------  ----------  --------------  ----------
/opt/airflow/dags/automend_pipeline_dag.py     96  0.13s             0           0
================================================================================
[2026-02-23T00:17:35.963+0000] {manager.py:452} INFO - Exiting gracefully upon receiving signal 15
[2026-02-23T00:20:22.988+0000] {manager.py:470} INFO - Processing files using up to 2 processes at a time 
[2026-02-23T00:20:22.990+0000] {manager.py:471} INFO - Process each file at most once every 30 seconds
[2026-02-23T00:20:22.993+0000] {manager.py:472} INFO - Checking for new files in /opt/airflow/dags every 300 seconds
[2026-02-23T00:20:22.995+0000] {manager.py:737} INFO - Searching for files in /opt/airflow/dags
[2026-02-23T00:20:23.038+0000] {manager.py:740} INFO - There are 1 files in /opt/airflow/dags
[2026-02-23T00:20:23.248+0000] {manager.py:878} INFO - 
================================================================================
DAG File Processing Stats

File Path                                     PID  Runtime      # DAGs    # Errors  Last Runtime    Last Run
------------------------------------------  -----  ---------  --------  ----------  --------------  ----------
/opt/airflow/dags/automend_pipeline_dag.py     98  0.10s             0           0
================================================================================
[2026-02-23T00:20:53.507+0000] {manager.py:878} INFO - 
================================================================================
DAG File Processing Stats

File Path                                   PID    Runtime      # DAGs    # Errors  Last Runtime    Last Run
------------------------------------------  -----  ---------  --------  ----------  --------------  -------------------
/opt/airflow/dags/automend_pipeline_dag.py                           1           0  3.78s           2026-02-23T00:20:26
================================================================================
[2026-02-23T00:21:23.762+0000] {manager.py:878} INFO - 
================================================================================
DAG File Processing Stats

File Path                                   PID    Runtime      # DAGs    # Errors  Last Runtime    Last Run
------------------------------------------  -----  ---------  --------  ----------  --------------  -------------------
/opt/airflow/dags/automend_pipeline_dag.py                           1           0  1.28s           2026-02-23T00:20:58
================================================================================
[2026-02-23T00:21:54.046+0000] {manager.py:878} INFO - 
================================================================================
DAG File Processing Stats

File Path                                   PID    Runtime      # DAGs    # Errors  Last Runtime    Last Run
------------------------------------------  -----  ---------  --------  ----------  --------------  -------------------
/opt/airflow/dags/automend_pipeline_dag.py                           1           0  1.37s           2026-02-23T00:21:29
================================================================================
[2026-02-23T00:22:24.403+0000] {manager.py:878} INFO - 
================================================================================
DAG File Processing Stats

File Path                                   PID    Runtime      # DAGs    # Errors  Last Runtime    Last Run
------------------------------------------  -----  ---------  --------  ----------  --------------  -------------------
/opt/airflow/dags/automend_pipeline_dag.py                           1           0  1.55s           2026-02-23T00:22:01
================================================================================
[2026-02-23T00:22:54.628+0000] {manager.py:878} INFO - 
================================================================================
DAG File Processing Stats

File Path                                   PID    Runtime      # DAGs    # Errors  Last Runtime    Last Run
------------------------------------------  -----  ---------  --------  ----------  --------------  -------------------
/opt/airflow/dags/automend_pipeline_dag.py                           1           0  1.44s           2026-02-23T00:22:33
================================================================================
[2026-02-23T00:23:24.957+0000] {manager.py:878} INFO - 
================================================================================
DAG File Processing Stats

File Path                                   PID    Runtime      # DAGs    # Errors  Last Runtime    Last Run
------------------------------------------  -----  ---------  --------  ----------  --------------  -------------------
/opt/airflow/dags/automend_pipeline_dag.py                           1           0  1.48s           2026-02-23T00:23:05
================================================================================
[2026-02-23T00:23:55.175+0000] {manager.py:878} INFO - 
================================================================================
DAG File Processing Stats

File Path                                   PID    Runtime      # DAGs    # Errors  Last Runtime    Last Run
------------------------------------------  -----  ---------  --------  ----------  --------------  -------------------
/opt/airflow/dags/automend_pipeline_dag.py                           1           0  1.44s           2026-02-23T00:23:36
================================================================================
[2026-02-23T00:24:25.474+0000] {manager.py:878} INFO - 
================================================================================
DAG File Processing Stats

File Path                                   PID    Runtime      # DAGs    # Errors  Last Runtime    Last Run
------------------------------------------  -----  ---------  --------  ----------  --------------  -------------------
/opt/airflow/dags/automend_pipeline_dag.py                           1           0  1.47s           2026-02-23T00:24:08
================================================================================
[2026-02-23T00:24:55.752+0000] {manager.py:878} INFO - 
================================================================================
DAG File Processing Stats

File Path                                   PID    Runtime      # DAGs    # Errors  Last Runtime    Last Run
------------------------------------------  -----  ---------  --------  ----------  --------------  -------------------
/opt/airflow/dags/automend_pipeline_dag.py                           1           0  1.50s           2026-02-23T00:24:40
================================================================================
[2026-02-23T00:25:23.029+0000] {manager.py:737} INFO - Searching for files in /opt/airflow/dags
[2026-02-23T00:25:23.081+0000] {manager.py:740} INFO - There are 1 files in /opt/airflow/dags
[2026-02-23T00:25:26.142+0000] {manager.py:878} INFO - 
================================================================================
DAG File Processing Stats

File Path                                   PID    Runtime      # DAGs    # Errors  Last Runtime    Last Run
------------------------------------------  -----  ---------  --------  ----------  --------------  -------------------
/opt/airflow/dags/automend_pipeline_dag.py                           1           0  1.38s           2026-02-23T00:25:12
================================================================================
[2026-02-23T00:25:56.706+0000] {manager.py:878} INFO - 
================================================================================
DAG File Processing Stats

File Path                                   PID    Runtime      # DAGs    # Errors  Last Runtime    Last Run
------------------------------------------  -----  ---------  --------  ----------  --------------  -------------------
/opt/airflow/dags/automend_pipeline_dag.py                           1           0  1.25s           2026-02-23T00:25:43
================================================================================
[2026-02-23T00:26:27.273+0000] {manager.py:878} INFO - 
================================================================================
DAG File Processing Stats

File Path                                   PID    Runtime      # DAGs    # Errors  Last Runtime    Last Run
------------------------------------------  -----  ---------  --------  ----------  --------------  -------------------
/opt/airflow/dags/automend_pipeline_dag.py                           1           0  1.44s           2026-02-23T00:26:15
================================================================================
[2026-02-23T00:26:57.714+0000] {manager.py:878} INFO - 
================================================================================
DAG File Processing Stats

File Path                                   PID    Runtime      # DAGs    # Errors  Last Runtime    Last Run
------------------------------------------  -----  ---------  --------  ----------  --------------  -------------------
/opt/airflow/dags/automend_pipeline_dag.py                           1           0  1.29s           2026-02-23T00:26:46
================================================================================
[2026-02-23T00:27:28.117+0000] {manager.py:878} INFO - 
================================================================================
DAG File Processing Stats

File Path                                   PID    Runtime      # DAGs    # Errors  Last Runtime    Last Run
------------------------------------------  -----  ---------  --------  ----------  --------------  -------------------
/opt/airflow/dags/automend_pipeline_dag.py                           1           0  1.31s           2026-02-23T00:27:18
================================================================================
[2026-02-23T00:27:58.592+0000] {manager.py:878} INFO - 
================================================================================
DAG File Processing Stats

File Path                                   PID    Runtime      # DAGs    # Errors  Last Runtime    Last Run
------------------------------------------  -----  ---------  --------  ----------  --------------  -------------------
/opt/airflow/dags/automend_pipeline_dag.py                           1           0  1.30s           2026-02-23T00:27:49
================================================================================
[2026-02-23T00:28:28.990+0000] {manager.py:878} INFO - 
================================================================================
DAG File Processing Stats

File Path                                   PID    Runtime      # DAGs    # Errors  Last Runtime    Last Run
------------------------------------------  -----  ---------  --------  ----------  --------------  -------------------
/opt/airflow/dags/automend_pipeline_dag.py                           1           0  1.26s           2026-02-23T00:28:21
================================================================================
[2026-02-23T00:28:59.474+0000] {manager.py:878} INFO - 
================================================================================
DAG File Processing Stats

File Path                                   PID    Runtime      # DAGs    # Errors  Last Runtime    Last Run
------------------------------------------  -----  ---------  --------  ----------  --------------  -------------------
/opt/airflow/dags/automend_pipeline_dag.py                           1           0  1.41s           2026-02-23T00:28:52
================================================================================
[2026-02-23T00:29:30.028+0000] {manager.py:878} INFO - 
================================================================================
DAG File Processing Stats

File Path                                   PID    Runtime      # DAGs    # Errors  Last Runtime    Last Run
------------------------------------------  -----  ---------  --------  ----------  --------------  -------------------
/opt/airflow/dags/automend_pipeline_dag.py                           1           0  1.62s           2026-02-23T00:29:24
================================================================================
[2026-02-23T00:30:00.148+0000] {manager.py:878} INFO - 
================================================================================
DAG File Processing Stats

File Path                                   PID    Runtime      # DAGs    # Errors  Last Runtime    Last Run
------------------------------------------  -----  ---------  --------  ----------  --------------  -------------------
/opt/airflow/dags/automend_pipeline_dag.py                           1           0  1.46s           2026-02-23T00:29:56
================================================================================
[2026-02-23T00:30:23.374+0000] {manager.py:737} INFO - Searching for files in /opt/airflow/dags
[2026-02-23T00:30:23.438+0000] {manager.py:740} INFO - There are 1 files in /opt/airflow/dags
[2026-02-23T00:30:30.154+0000] {manager.py:878} INFO - 
================================================================================
DAG File Processing Stats

File Path                                   PID    Runtime      # DAGs    # Errors  Last Runtime    Last Run
------------------------------------------  -----  ---------  --------  ----------  --------------  -------------------
/opt/airflow/dags/automend_pipeline_dag.py                           1           0  1.58s           2026-02-23T00:30:28
================================================================================
[2026-02-23T00:31:00.459+0000] {manager.py:878} INFO - 
================================================================================
DAG File Processing Stats

File Path                                   PID    Runtime      # DAGs    # Errors  Last Runtime    Last Run
------------------------------------------  -----  ---------  --------  ----------  --------------  -------------------
/opt/airflow/dags/automend_pipeline_dag.py                           1           0  1.45s           2026-02-23T00:30:59
================================================================================
[2026-02-23T00:31:30.780+0000] {manager.py:878} INFO - 
================================================================================
DAG File Processing Stats

File Path                                     PID  Runtime      # DAGs    # Errors  Last Runtime    Last Run
------------------------------------------  -----  ---------  --------  ----------  --------------  -------------------
/opt/airflow/dags/automend_pipeline_dag.py    306  0.70s             1           0  1.45s           2026-02-23T00:30:59
================================================================================
[2026-02-23T00:32:00.905+0000] {manager.py:878} INFO - 
================================================================================
DAG File Processing Stats

File Path                                   PID    Runtime      # DAGs    # Errors  Last Runtime    Last Run
------------------------------------------  -----  ---------  --------  ----------  --------------  -------------------
/opt/airflow/dags/automend_pipeline_dag.py                           1           0  1.51s           2026-02-23T00:31:31
================================================================================
[2026-02-23T00:32:31.266+0000] {manager.py:878} INFO - 
================================================================================
DAG File Processing Stats

File Path                                   PID    Runtime      # DAGs    # Errors  Last Runtime    Last Run
------------------------------------------  -----  ---------  --------  ----------  --------------  -------------------
/opt/airflow/dags/automend_pipeline_dag.py                           1           0  1.45s           2026-02-23T00:32:03
================================================================================
[2026-02-23T00:32:59.520+0000] {manager.py:452} INFO - Exiting gracefully upon receiving signal 15
