[2026-02-22T21:26:47.303+0000] {local_task_job_runner.py:120} INFO - ::group::Pre task execution logs
[2026-02-22T21:26:47.362+0000] {taskinstance.py:2076} INFO - Dependencies all met for dep_context=non-requeueable deps ti=<TaskInstance: automend_data_pipeline.start_pipeline scheduled__2026-02-21T00:00:00+00:00 [queued]>
[2026-02-22T21:26:47.388+0000] {taskinstance.py:2076} INFO - Dependencies all met for dep_context=requeueable deps ti=<TaskInstance: automend_data_pipeline.start_pipeline scheduled__2026-02-21T00:00:00+00:00 [queued]>
[2026-02-22T21:26:47.403+0000] {taskinstance.py:2306} INFO - Starting attempt 1 of 3
[2026-02-22T21:26:47.444+0000] {taskinstance.py:2330} INFO - Executing <Task(PythonOperator): start_pipeline> on 2026-02-21 00:00:00+00:00
[2026-02-22T21:26:47.463+0000] {warnings.py:112} WARNING - /home/***/.local/lib/python3.12/site-packages/***/task/task_runner/standard_task_runner.py:61: DeprecationWarning: This process (pid=118) is multi-threaded, use of fork() may lead to deadlocks in the child.
  pid = os.fork()

[2026-02-22T21:26:47.469+0000] {standard_task_runner.py:63} INFO - Started process 122 to run task
[2026-02-22T21:26:47.467+0000] {standard_task_runner.py:90} INFO - Running: ['***', 'tasks', 'run', 'automend_data_pipeline', 'start_pipeline', 'scheduled__2026-02-21T00:00:00+00:00', '--job-id', '4', '--raw', '--subdir', 'DAGS_FOLDER/automend_pipeline_dag.py', '--cfg-path', '/tmp/tmpm3gr7ast']
[2026-02-22T21:26:47.475+0000] {standard_task_runner.py:91} INFO - Job 4: Subtask start_pipeline
[2026-02-22T21:26:47.643+0000] {task_command.py:426} INFO - Running <TaskInstance: automend_data_pipeline.start_pipeline scheduled__2026-02-21T00:00:00+00:00 [running]> on host bdb006c774ad
[2026-02-22T21:26:48.376+0000] {taskinstance.py:2648} INFO - Exporting env vars: AIRFLOW_CTX_DAG_OWNER='mlops-team' AIRFLOW_CTX_DAG_ID='automend_data_pipeline' AIRFLOW_CTX_TASK_ID='start_pipeline' AIRFLOW_CTX_EXECUTION_DATE='2026-02-21T00:00:00+00:00' AIRFLOW_CTX_TRY_NUMBER='1' AIRFLOW_CTX_DAG_RUN_ID='scheduled__2026-02-21T00:00:00+00:00'
[2026-02-22T21:26:48.379+0000] {taskinstance.py:430} INFO - ::endgroup::
[2026-02-22T21:26:48.493+0000] {alerts.py:270} INFO - ALERT [pipeline_start]: Pipeline Started - DAG 'automend_data_pipeline' has started execution.
[2026-02-22T21:26:48.503+0000] {python.py:237} INFO - Done. Returned value was: {'start_time': '2026-02-22T21:26:48.503838', 'dag_id': 'automend_data_pipeline', 'run_id': 'scheduled__2026-02-21T00:00:00+00:00'}
[2026-02-22T21:26:48.505+0000] {taskinstance.py:441} INFO - ::group::Post task execution logs
[2026-02-22T21:26:48.581+0000] {taskinstance.py:1206} INFO - Marking task as SUCCESS. dag_id=automend_data_pipeline, task_id=start_pipeline, run_id=scheduled__2026-02-21T00:00:00+00:00, execution_date=20260221T000000, start_date=20260222T212647, end_date=20260222T212648
[2026-02-22T21:26:48.656+0000] {local_task_job_runner.py:240} INFO - Task exited with return code 0
[2026-02-22T21:26:49.134+0000] {taskinstance.py:3503} INFO - 1 downstream tasks scheduled from follow-on schedule check
[2026-02-22T21:26:49.146+0000] {local_task_job_runner.py:222} INFO - ::endgroup::
[2026-02-22T22:03:39.916+0000] {local_task_job_runner.py:120} INFO - ::group::Pre task execution logs
[2026-02-22T22:03:39.963+0000] {taskinstance.py:2076} INFO - Dependencies all met for dep_context=non-requeueable deps ti=<TaskInstance: automend_data_pipeline.start_pipeline scheduled__2026-02-21T00:00:00+00:00 [queued]>
[2026-02-22T22:03:39.979+0000] {taskinstance.py:2076} INFO - Dependencies all met for dep_context=requeueable deps ti=<TaskInstance: automend_data_pipeline.start_pipeline scheduled__2026-02-21T00:00:00+00:00 [queued]>
[2026-02-22T22:03:39.980+0000] {taskinstance.py:2306} INFO - Starting attempt 1 of 3
[2026-02-22T22:03:40.009+0000] {taskinstance.py:2330} INFO - Executing <Task(PythonOperator): start_pipeline> on 2026-02-21 00:00:00+00:00
[2026-02-22T22:03:40.022+0000] {warnings.py:112} WARNING - /home/***/.local/lib/python3.12/site-packages/***/task/task_runner/standard_task_runner.py:61: DeprecationWarning: This process (pid=125) is multi-threaded, use of fork() may lead to deadlocks in the child.
  pid = os.fork()

[2026-02-22T22:03:40.027+0000] {standard_task_runner.py:63} INFO - Started process 128 to run task
[2026-02-22T22:03:40.026+0000] {standard_task_runner.py:90} INFO - Running: ['***', 'tasks', 'run', 'automend_data_pipeline', 'start_pipeline', 'scheduled__2026-02-21T00:00:00+00:00', '--job-id', '3', '--raw', '--subdir', 'DAGS_FOLDER/automend_pipeline_dag.py', '--cfg-path', '/tmp/tmpc32jgn3a']
[2026-02-22T22:03:40.032+0000] {standard_task_runner.py:91} INFO - Job 3: Subtask start_pipeline
[2026-02-22T22:03:40.179+0000] {task_command.py:426} INFO - Running <TaskInstance: automend_data_pipeline.start_pipeline scheduled__2026-02-21T00:00:00+00:00 [running]> on host 285ed450eadc
[2026-02-22T22:03:40.710+0000] {taskinstance.py:2648} INFO - Exporting env vars: AIRFLOW_CTX_DAG_OWNER='mlops-team' AIRFLOW_CTX_DAG_ID='automend_data_pipeline' AIRFLOW_CTX_TASK_ID='start_pipeline' AIRFLOW_CTX_EXECUTION_DATE='2026-02-21T00:00:00+00:00' AIRFLOW_CTX_TRY_NUMBER='1' AIRFLOW_CTX_DAG_RUN_ID='scheduled__2026-02-21T00:00:00+00:00'
[2026-02-22T22:03:40.712+0000] {taskinstance.py:430} INFO - ::endgroup::
[2026-02-22T22:03:40.769+0000] {alerts.py:279} INFO - ALERT [pipeline_start]: Pipeline Started - DAG 'automend_data_pipeline' has started execution.
[2026-02-22T22:03:40.783+0000] {python.py:237} INFO - Done. Returned value was: {'start_time': '2026-02-22T22:03:40.783327', 'dag_id': 'automend_data_pipeline', 'run_id': 'scheduled__2026-02-21T00:00:00+00:00'}
[2026-02-22T22:03:40.785+0000] {taskinstance.py:441} INFO - ::group::Post task execution logs
[2026-02-22T22:03:40.831+0000] {taskinstance.py:1206} INFO - Marking task as SUCCESS. dag_id=automend_data_pipeline, task_id=start_pipeline, run_id=scheduled__2026-02-21T00:00:00+00:00, execution_date=20260221T000000, start_date=20260222T220339, end_date=20260222T220340
[2026-02-22T22:03:40.892+0000] {local_task_job_runner.py:240} INFO - Task exited with return code 0
[2026-02-22T22:03:41.230+0000] {taskinstance.py:3503} INFO - 1 downstream tasks scheduled from follow-on schedule check
[2026-02-22T22:03:41.236+0000] {local_task_job_runner.py:222} INFO - ::endgroup::
[2026-02-22T22:18:58.627+0000] {local_task_job_runner.py:120} INFO - ::group::Pre task execution logs
[2026-02-22T22:18:58.676+0000] {taskinstance.py:2076} INFO - Dependencies all met for dep_context=non-requeueable deps ti=<TaskInstance: automend_data_pipeline.start_pipeline scheduled__2026-02-21T00:00:00+00:00 [queued]>
[2026-02-22T22:18:58.693+0000] {taskinstance.py:2076} INFO - Dependencies all met for dep_context=requeueable deps ti=<TaskInstance: automend_data_pipeline.start_pipeline scheduled__2026-02-21T00:00:00+00:00 [queued]>
[2026-02-22T22:18:58.694+0000] {taskinstance.py:2306} INFO - Starting attempt 1 of 3
[2026-02-22T22:18:58.723+0000] {taskinstance.py:2330} INFO - Executing <Task(PythonOperator): start_pipeline> on 2026-02-21 00:00:00+00:00
[2026-02-22T22:18:58.735+0000] {warnings.py:112} WARNING - /home/***/.local/lib/python3.12/site-packages/***/task/task_runner/standard_task_runner.py:61: DeprecationWarning: This process (pid=117) is multi-threaded, use of fork() may lead to deadlocks in the child.
  pid = os.fork()

[2026-02-22T22:18:58.739+0000] {standard_task_runner.py:63} INFO - Started process 120 to run task
[2026-02-22T22:18:58.739+0000] {standard_task_runner.py:90} INFO - Running: ['***', 'tasks', 'run', 'automend_data_pipeline', 'start_pipeline', 'scheduled__2026-02-21T00:00:00+00:00', '--job-id', '3', '--raw', '--subdir', 'DAGS_FOLDER/automend_pipeline_dag.py', '--cfg-path', '/tmp/tmpqlvvlao0']
[2026-02-22T22:18:58.747+0000] {standard_task_runner.py:91} INFO - Job 3: Subtask start_pipeline
[2026-02-22T22:18:58.899+0000] {task_command.py:426} INFO - Running <TaskInstance: automend_data_pipeline.start_pipeline scheduled__2026-02-21T00:00:00+00:00 [running]> on host 5ed56cb79862
[2026-02-22T22:18:59.508+0000] {taskinstance.py:2648} INFO - Exporting env vars: AIRFLOW_CTX_DAG_OWNER='mlops-team' AIRFLOW_CTX_DAG_ID='automend_data_pipeline' AIRFLOW_CTX_TASK_ID='start_pipeline' AIRFLOW_CTX_EXECUTION_DATE='2026-02-21T00:00:00+00:00' AIRFLOW_CTX_TRY_NUMBER='1' AIRFLOW_CTX_DAG_RUN_ID='scheduled__2026-02-21T00:00:00+00:00'
[2026-02-22T22:18:59.511+0000] {taskinstance.py:430} INFO - ::endgroup::
[2026-02-22T22:18:59.560+0000] {alerts.py:279} INFO - ALERT [pipeline_start]: Pipeline Started - DAG 'automend_data_pipeline' has started execution.
[2026-02-22T22:18:59.568+0000] {alerts.py:300} ERROR - Failed to write alert to history: Extra data: line 113 column 3 (char 3652)
[2026-02-22T22:18:59.570+0000] {python.py:237} INFO - Done. Returned value was: {'start_time': '2026-02-22T22:18:59.570174', 'dag_id': 'automend_data_pipeline', 'run_id': 'scheduled__2026-02-21T00:00:00+00:00'}
[2026-02-22T22:18:59.571+0000] {taskinstance.py:441} INFO - ::group::Post task execution logs
[2026-02-22T22:18:59.615+0000] {taskinstance.py:1206} INFO - Marking task as SUCCESS. dag_id=automend_data_pipeline, task_id=start_pipeline, run_id=scheduled__2026-02-21T00:00:00+00:00, execution_date=20260221T000000, start_date=20260222T221858, end_date=20260222T221859
[2026-02-22T22:18:59.684+0000] {local_task_job_runner.py:240} INFO - Task exited with return code 0
[2026-02-22T22:19:00.046+0000] {taskinstance.py:3503} INFO - 1 downstream tasks scheduled from follow-on schedule check
[2026-02-22T22:19:00.057+0000] {local_task_job_runner.py:222} INFO - ::endgroup::
[2026-02-22T22:30:51.166+0000] {local_task_job_runner.py:120} INFO - ::group::Pre task execution logs
[2026-02-22T22:30:51.214+0000] {taskinstance.py:2076} INFO - Dependencies all met for dep_context=non-requeueable deps ti=<TaskInstance: automend_data_pipeline.start_pipeline scheduled__2026-02-21T00:00:00+00:00 [queued]>
[2026-02-22T22:30:51.232+0000] {taskinstance.py:2076} INFO - Dependencies all met for dep_context=requeueable deps ti=<TaskInstance: automend_data_pipeline.start_pipeline scheduled__2026-02-21T00:00:00+00:00 [queued]>
[2026-02-22T22:30:51.233+0000] {taskinstance.py:2306} INFO - Starting attempt 1 of 3
[2026-02-22T22:30:51.261+0000] {taskinstance.py:2330} INFO - Executing <Task(PythonOperator): start_pipeline> on 2026-02-21 00:00:00+00:00
[2026-02-22T22:30:51.275+0000] {warnings.py:112} WARNING - /home/***/.local/lib/python3.12/site-packages/***/task/task_runner/standard_task_runner.py:61: DeprecationWarning: This process (pid=109) is multi-threaded, use of fork() may lead to deadlocks in the child.
  pid = os.fork()

[2026-02-22T22:30:51.279+0000] {standard_task_runner.py:63} INFO - Started process 113 to run task
[2026-02-22T22:30:51.279+0000] {standard_task_runner.py:90} INFO - Running: ['***', 'tasks', 'run', 'automend_data_pipeline', 'start_pipeline', 'scheduled__2026-02-21T00:00:00+00:00', '--job-id', '4', '--raw', '--subdir', 'DAGS_FOLDER/automend_pipeline_dag.py', '--cfg-path', '/tmp/tmptzsdtmnb']
[2026-02-22T22:30:51.284+0000] {standard_task_runner.py:91} INFO - Job 4: Subtask start_pipeline
[2026-02-22T22:30:51.425+0000] {task_command.py:426} INFO - Running <TaskInstance: automend_data_pipeline.start_pipeline scheduled__2026-02-21T00:00:00+00:00 [running]> on host ded77bdd039b
[2026-02-22T22:30:51.964+0000] {taskinstance.py:2648} INFO - Exporting env vars: AIRFLOW_CTX_DAG_OWNER='mlops-team' AIRFLOW_CTX_DAG_ID='automend_data_pipeline' AIRFLOW_CTX_TASK_ID='start_pipeline' AIRFLOW_CTX_EXECUTION_DATE='2026-02-21T00:00:00+00:00' AIRFLOW_CTX_TRY_NUMBER='1' AIRFLOW_CTX_DAG_RUN_ID='scheduled__2026-02-21T00:00:00+00:00'
[2026-02-22T22:30:51.966+0000] {taskinstance.py:430} INFO - ::endgroup::
[2026-02-22T22:30:52.015+0000] {alerts.py:279} INFO - ALERT [pipeline_start]: Pipeline Started - DAG 'automend_data_pipeline' has started execution.
[2026-02-22T22:30:52.031+0000] {python.py:237} INFO - Done. Returned value was: {'start_time': '2026-02-22T22:30:52.031237', 'dag_id': 'automend_data_pipeline', 'run_id': 'scheduled__2026-02-21T00:00:00+00:00'}
[2026-02-22T22:30:52.032+0000] {taskinstance.py:441} INFO - ::group::Post task execution logs
[2026-02-22T22:30:52.076+0000] {taskinstance.py:1206} INFO - Marking task as SUCCESS. dag_id=automend_data_pipeline, task_id=start_pipeline, run_id=scheduled__2026-02-21T00:00:00+00:00, execution_date=20260221T000000, start_date=20260222T223051, end_date=20260222T223052
[2026-02-22T22:30:52.140+0000] {local_task_job_runner.py:240} INFO - Task exited with return code 0
[2026-02-22T22:30:52.481+0000] {taskinstance.py:3503} INFO - 1 downstream tasks scheduled from follow-on schedule check
[2026-02-22T22:30:52.487+0000] {local_task_job_runner.py:222} INFO - ::endgroup::
